{"D:\\Programación\\Proyectos\\Facultad\\Tésis\\Proyecto-Back\\controllers\\authController.js": {"path":"D:\\Programación\\Proyectos\\Facultad\\Tésis\\Proyecto-Back\\controllers\\authController.js","statementMap":{"0":{"start":{"line":1,"column":13},"end":{"line":1,"column":38}},"1":{"start":{"line":2,"column":15},"end":{"line":2,"column":34}},"2":{"start":{"line":3,"column":20},"end":{"line":3,"column":54}},"3":{"start":{"line":5,"column":26},"end":{"line":31,"column":1}},"4":{"start":{"line":6,"column":18},"end":{"line":6,"column":53}},"5":{"start":{"line":9,"column":25},"end":{"line":9,"column":62}},"6":{"start":{"line":11,"column":20},"end":{"line":18,"column":5}},"7":{"start":{"line":20,"column":4},"end":{"line":30,"column":11}},"8":{"start":{"line":33,"column":0},"end":{"line":51,"column":2}},"9":{"start":{"line":34,"column":4},"end":{"line":50,"column":5}},"10":{"start":{"line":35,"column":42},"end":{"line":35,"column":50}},"11":{"start":{"line":36,"column":8},"end":{"line":38,"column":9}},"12":{"start":{"line":37,"column":12},"end":{"line":37,"column":96}},"13":{"start":{"line":41,"column":21},"end":{"line":41,"column":74}},"14":{"start":{"line":43,"column":8},"end":{"line":43,"column":42}},"15":{"start":{"line":46,"column":8},"end":{"line":48,"column":9}},"16":{"start":{"line":47,"column":12},"end":{"line":47,"column":95}},"17":{"start":{"line":49,"column":8},"end":{"line":49,"column":20}},"18":{"start":{"line":53,"column":0},"end":{"line":71,"column":2}},"19":{"start":{"line":54,"column":4},"end":{"line":70,"column":5}},"20":{"start":{"line":55,"column":36},"end":{"line":55,"column":44}},"21":{"start":{"line":56,"column":8},"end":{"line":58,"column":9}},"22":{"start":{"line":57,"column":12},"end":{"line":57,"column":92}},"23":{"start":{"line":59,"column":21},"end":{"line":59,"column":61}},"24":{"start":{"line":60,"column":24},"end":{"line":60,"column":69}},"25":{"start":{"line":61,"column":8},"end":{"line":63,"column":9}},"26":{"start":{"line":62,"column":12},"end":{"line":62,"column":95}},"27":{"start":{"line":64,"column":8},"end":{"line":64,"column":42}},"28":{"start":{"line":66,"column":8},"end":{"line":68,"column":9}},"29":{"start":{"line":67,"column":12},"end":{"line":67,"column":84}},"30":{"start":{"line":69,"column":8},"end":{"line":69,"column":20}},"31":{"start":{"line":73,"column":0},"end":{"line":89,"column":2}},"32":{"start":{"line":74,"column":4},"end":{"line":88,"column":5}},"33":{"start":{"line":75,"column":21},"end":{"line":75,"column":53}},"34":{"start":{"line":76,"column":8},"end":{"line":85,"column":11}},"35":{"start":{"line":87,"column":8},"end":{"line":87,"column":76}},"36":{"start":{"line":91,"column":0},"end":{"line":97,"column":2}},"37":{"start":{"line":92,"column":4},"end":{"line":95,"column":7}},"38":{"start":{"line":96,"column":4},"end":{"line":96,"column":72}}},"fnMap":{"0":{"name":"(anonymous_0)","decl":{"start":{"line":5,"column":26},"end":{"line":5,"column":27}},"loc":{"start":{"line":5,"column":53},"end":{"line":31,"column":1}},"line":5},"1":{"name":"(anonymous_1)","decl":{"start":{"line":33,"column":19},"end":{"line":33,"column":20}},"loc":{"start":{"line":33,"column":45},"end":{"line":51,"column":1}},"line":33},"2":{"name":"(anonymous_2)","decl":{"start":{"line":53,"column":16},"end":{"line":53,"column":17}},"loc":{"start":{"line":53,"column":42},"end":{"line":71,"column":1}},"line":53},"3":{"name":"(anonymous_3)","decl":{"start":{"line":73,"column":21},"end":{"line":73,"column":22}},"loc":{"start":{"line":73,"column":41},"end":{"line":89,"column":1}},"line":73},"4":{"name":"(anonymous_4)","decl":{"start":{"line":91,"column":17},"end":{"line":91,"column":18}},"loc":{"start":{"line":91,"column":37},"end":{"line":97,"column":1}},"line":91}},"branchMap":{"0":{"loc":{"start":{"line":12,"column":40},"end":{"line":12,"column":75}},"type":"binary-expr","locations":[{"start":{"line":12,"column":40},"end":{"line":12,"column":69}},{"start":{"line":12,"column":73},"end":{"line":12,"column":75}}],"line":12},"1":{"loc":{"start":{"line":17,"column":18},"end":{"line":17,"column":49}},"type":"cond-expr","locations":[{"start":{"line":17,"column":33},"end":{"line":17,"column":41}},{"start":{"line":17,"column":44},"end":{"line":17,"column":49}}],"line":17},"2":{"loc":{"start":{"line":36,"column":8},"end":{"line":38,"column":9}},"type":"if","locations":[{"start":{"line":36,"column":8},"end":{"line":38,"column":9}},{"start":{},"end":{}}],"line":36},"3":{"loc":{"start":{"line":36,"column":12},"end":{"line":36,"column":40}},"type":"binary-expr","locations":[{"start":{"line":36,"column":12},"end":{"line":36,"column":17}},{"start":{"line":36,"column":21},"end":{"line":36,"column":27}},{"start":{"line":36,"column":31},"end":{"line":36,"column":40}}],"line":36},"4":{"loc":{"start":{"line":46,"column":8},"end":{"line":48,"column":9}},"type":"if","locations":[{"start":{"line":46,"column":8},"end":{"line":48,"column":9}},{"start":{},"end":{}}],"line":46},"5":{"loc":{"start":{"line":56,"column":8},"end":{"line":58,"column":9}},"type":"if","locations":[{"start":{"line":56,"column":8},"end":{"line":58,"column":9}},{"start":{},"end":{}}],"line":56},"6":{"loc":{"start":{"line":56,"column":12},"end":{"line":56,"column":31}},"type":"binary-expr","locations":[{"start":{"line":56,"column":12},"end":{"line":56,"column":18}},{"start":{"line":56,"column":22},"end":{"line":56,"column":31}}],"line":56},"7":{"loc":{"start":{"line":61,"column":8},"end":{"line":63,"column":9}},"type":"if","locations":[{"start":{"line":61,"column":8},"end":{"line":63,"column":9}},{"start":{},"end":{}}],"line":61},"8":{"loc":{"start":{"line":66,"column":8},"end":{"line":68,"column":9}},"type":"if","locations":[{"start":{"line":66,"column":8},"end":{"line":68,"column":9}},{"start":{},"end":{}}],"line":66}},"s":{"0":0,"1":0,"2":0,"3":0,"4":0,"5":0,"6":0,"7":0,"8":0,"9":0,"10":0,"11":0,"12":0,"13":0,"14":0,"15":0,"16":0,"17":0,"18":0,"19":0,"20":0,"21":0,"22":0,"23":0,"24":0,"25":0,"26":0,"27":0,"28":0,"29":0,"30":0,"31":0,"32":0,"33":0,"34":0,"35":0,"36":0,"37":0,"38":0},"f":{"0":0,"1":0,"2":0,"3":0,"4":0},"b":{"0":[0,0],"1":[0,0],"2":[0,0],"3":[0,0,0],"4":[0,0],"5":[0,0],"6":[0,0],"7":[0,0],"8":[0,0]}}
,"D:\\Programación\\Proyectos\\Facultad\\Tésis\\Proyecto-Back\\controllers\\cartController.js": {"path":"D:\\Programación\\Proyectos\\Facultad\\Tésis\\Proyecto-Back\\controllers\\cartController.js","statementMap":{"0":{"start":{"line":1,"column":13},"end":{"line":1,"column":38}},"1":{"start":{"line":2,"column":23},"end":{"line":2,"column":60}},"2":{"start":{"line":5,"column":23},"end":{"line":5,"column":137}},"3":{"start":{"line":9,"column":15},"end":{"line":17,"column":6}},"4":{"start":{"line":19,"column":2},"end":{"line":19,"column":34}},"5":{"start":{"line":19,"column":13},"end":{"line":19,"column":34}},"6":{"start":{"line":21,"column":27},"end":{"line":26,"column":4}},"7":{"start":{"line":22,"column":4},"end":{"line":22,"column":35}},"8":{"start":{"line":22,"column":23},"end":{"line":22,"column":35}},"9":{"start":{"line":23,"column":23},"end":{"line":23,"column":64}},"10":{"start":{"line":24,"column":20},"end":{"line":24,"column":58}},"11":{"start":{"line":25,"column":4},"end":{"line":25,"column":47}},"12":{"start":{"line":28,"column":23},"end":{"line":28,"column":61}},"13":{"start":{"line":29,"column":2},"end":{"line":29,"column":40}},"14":{"start":{"line":30,"column":2},"end":{"line":30,"column":22}},"15":{"start":{"line":34,"column":0},"end":{"line":75,"column":2}},"16":{"start":{"line":35,"column":2},"end":{"line":74,"column":3}},"17":{"start":{"line":36,"column":17},"end":{"line":44,"column":8}},"18":{"start":{"line":46,"column":4},"end":{"line":48,"column":5}},"19":{"start":{"line":47,"column":6},"end":{"line":47,"column":62}},"20":{"start":{"line":51,"column":29},"end":{"line":64,"column":6}},"21":{"start":{"line":52,"column":6},"end":{"line":52,"column":37}},"22":{"start":{"line":52,"column":25},"end":{"line":52,"column":37}},"23":{"start":{"line":55,"column":25},"end":{"line":55,"column":66}},"24":{"start":{"line":59,"column":22},"end":{"line":59,"column":60}},"25":{"start":{"line":60,"column":6},"end":{"line":63,"column":8}},"26":{"start":{"line":67,"column":25},"end":{"line":67,"column":63}},"27":{"start":{"line":68,"column":4},"end":{"line":68,"column":42}},"28":{"start":{"line":70,"column":4},"end":{"line":70,"column":52}},"29":{"start":{"line":72,"column":4},"end":{"line":72,"column":54}},"30":{"start":{"line":73,"column":4},"end":{"line":73,"column":88}},"31":{"start":{"line":78,"column":0},"end":{"line":107,"column":2}},"32":{"start":{"line":79,"column":2},"end":{"line":106,"column":3}},"33":{"start":{"line":80,"column":44},"end":{"line":80,"column":52}},"34":{"start":{"line":82,"column":15},"end":{"line":82,"column":51}},"35":{"start":{"line":84,"column":4},"end":{"line":98,"column":5}},"36":{"start":{"line":85,"column":6},"end":{"line":88,"column":9}},"37":{"start":{"line":90,"column":24},"end":{"line":90,"column":85}},"38":{"start":{"line":90,"column":50},"end":{"line":90,"column":84}},"39":{"start":{"line":91,"column":6},"end":{"line":95,"column":7}},"40":{"start":{"line":92,"column":8},"end":{"line":92,"column":51}},"41":{"start":{"line":94,"column":8},"end":{"line":94,"column":58}},"42":{"start":{"line":96,"column":6},"end":{"line":96,"column":34}},"43":{"start":{"line":97,"column":6},"end":{"line":97,"column":24}},"44":{"start":{"line":101,"column":26},"end":{"line":101,"column":54}},"45":{"start":{"line":103,"column":4},"end":{"line":103,"column":74}},"46":{"start":{"line":105,"column":4},"end":{"line":105,"column":69}},"47":{"start":{"line":110,"column":0},"end":{"line":129,"column":2}},"48":{"start":{"line":111,"column":2},"end":{"line":128,"column":3}},"49":{"start":{"line":112,"column":41},"end":{"line":112,"column":49}},"50":{"start":{"line":113,"column":17},"end":{"line":113,"column":53}},"51":{"start":{"line":115,"column":4},"end":{"line":115,"column":81}},"52":{"start":{"line":115,"column":15},"end":{"line":115,"column":81}},"53":{"start":{"line":117,"column":17},"end":{"line":117,"column":38}},"54":{"start":{"line":118,"column":4},"end":{"line":118,"column":78}},"55":{"start":{"line":118,"column":15},"end":{"line":118,"column":78}},"56":{"start":{"line":120,"column":4},"end":{"line":120,"column":29}},"57":{"start":{"line":121,"column":4},"end":{"line":121,"column":22}},"58":{"start":{"line":123,"column":26},"end":{"line":123,"column":54}},"59":{"start":{"line":125,"column":4},"end":{"line":125,"column":77}},"60":{"start":{"line":127,"column":4},"end":{"line":127,"column":69}},"61":{"start":{"line":132,"column":0},"end":{"line":148,"column":2}},"62":{"start":{"line":133,"column":2},"end":{"line":147,"column":3}},"63":{"start":{"line":134,"column":31},"end":{"line":134,"column":41}},"64":{"start":{"line":135,"column":17},"end":{"line":135,"column":53}},"65":{"start":{"line":137,"column":4},"end":{"line":137,"column":81}},"66":{"start":{"line":137,"column":15},"end":{"line":137,"column":81}},"67":{"start":{"line":139,"column":4},"end":{"line":139,"column":75}},"68":{"start":{"line":139,"column":43},"end":{"line":139,"column":73}},"69":{"start":{"line":140,"column":4},"end":{"line":140,"column":22}},"70":{"start":{"line":142,"column":26},"end":{"line":142,"column":54}},"71":{"start":{"line":144,"column":4},"end":{"line":144,"column":75}},"72":{"start":{"line":146,"column":4},"end":{"line":146,"column":69}},"73":{"start":{"line":151,"column":0},"end":{"line":162,"column":2}},"74":{"start":{"line":152,"column":2},"end":{"line":161,"column":3}},"75":{"start":{"line":153,"column":17},"end":{"line":153,"column":64}},"76":{"start":{"line":154,"column":4},"end":{"line":154,"column":81}},"77":{"start":{"line":154,"column":15},"end":{"line":154,"column":81}},"78":{"start":{"line":156,"column":4},"end":{"line":156,"column":20}},"79":{"start":{"line":157,"column":4},"end":{"line":157,"column":22}},"80":{"start":{"line":158,"column":4},"end":{"line":158,"column":58}},"81":{"start":{"line":160,"column":4},"end":{"line":160,"column":69}}},"fnMap":{"0":{"name":"getCartWithDTO","decl":{"start":{"line":8,"column":15},"end":{"line":8,"column":29}},"loc":{"start":{"line":8,"column":38},"end":{"line":31,"column":1}},"line":8},"1":{"name":"(anonymous_1)","decl":{"start":{"line":21,"column":42},"end":{"line":21,"column":43}},"loc":{"start":{"line":21,"column":50},"end":{"line":26,"column":3}},"line":21},"2":{"name":"(anonymous_2)","decl":{"start":{"line":34,"column":18},"end":{"line":34,"column":19}},"loc":{"start":{"line":34,"column":38},"end":{"line":75,"column":1}},"line":34},"3":{"name":"(anonymous_3)","decl":{"start":{"line":51,"column":44},"end":{"line":51,"column":45}},"loc":{"start":{"line":51,"column":52},"end":{"line":64,"column":5}},"line":51},"4":{"name":"(anonymous_4)","decl":{"start":{"line":78,"column":20},"end":{"line":78,"column":21}},"loc":{"start":{"line":78,"column":40},"end":{"line":107,"column":1}},"line":78},"5":{"name":"(anonymous_5)","decl":{"start":{"line":90,"column":45},"end":{"line":90,"column":46}},"loc":{"start":{"line":90,"column":50},"end":{"line":90,"column":84}},"line":90},"6":{"name":"(anonymous_6)","decl":{"start":{"line":110,"column":25},"end":{"line":110,"column":26}},"loc":{"start":{"line":110,"column":45},"end":{"line":129,"column":1}},"line":110},"7":{"name":"(anonymous_7)","decl":{"start":{"line":132,"column":25},"end":{"line":132,"column":26}},"loc":{"start":{"line":132,"column":45},"end":{"line":148,"column":1}},"line":132},"8":{"name":"(anonymous_8)","decl":{"start":{"line":139,"column":35},"end":{"line":139,"column":36}},"loc":{"start":{"line":139,"column":43},"end":{"line":139,"column":73}},"line":139},"9":{"name":"(anonymous_9)","decl":{"start":{"line":151,"column":20},"end":{"line":151,"column":21}},"loc":{"start":{"line":151,"column":40},"end":{"line":162,"column":1}},"line":151}},"branchMap":{"0":{"loc":{"start":{"line":19,"column":2},"end":{"line":19,"column":34}},"type":"if","locations":[{"start":{"line":19,"column":2},"end":{"line":19,"column":34}},{"start":{},"end":{}}],"line":19},"1":{"loc":{"start":{"line":22,"column":4},"end":{"line":22,"column":35}},"type":"if","locations":[{"start":{"line":22,"column":4},"end":{"line":22,"column":35}},{"start":{},"end":{}}],"line":22},"2":{"loc":{"start":{"line":24,"column":20},"end":{"line":24,"column":58}},"type":"cond-expr","locations":[{"start":{"line":24,"column":36},"end":{"line":24,"column":51}},{"start":{"line":24,"column":54},"end":{"line":24,"column":58}}],"line":24},"3":{"loc":{"start":{"line":28,"column":23},"end":{"line":28,"column":61}},"type":"cond-expr","locations":[{"start":{"line":28,"column":39},"end":{"line":28,"column":54}},{"start":{"line":28,"column":57},"end":{"line":28,"column":61}}],"line":28},"4":{"loc":{"start":{"line":46,"column":4},"end":{"line":48,"column":5}},"type":"if","locations":[{"start":{"line":46,"column":4},"end":{"line":48,"column":5}},{"start":{},"end":{}}],"line":46},"5":{"loc":{"start":{"line":52,"column":6},"end":{"line":52,"column":37}},"type":"if","locations":[{"start":{"line":52,"column":6},"end":{"line":52,"column":37}},{"start":{},"end":{}}],"line":52},"6":{"loc":{"start":{"line":59,"column":22},"end":{"line":59,"column":60}},"type":"cond-expr","locations":[{"start":{"line":59,"column":38},"end":{"line":59,"column":53}},{"start":{"line":59,"column":56},"end":{"line":59,"column":60}}],"line":59},"7":{"loc":{"start":{"line":67,"column":25},"end":{"line":67,"column":63}},"type":"cond-expr","locations":[{"start":{"line":67,"column":41},"end":{"line":67,"column":56}},{"start":{"line":67,"column":59},"end":{"line":67,"column":63}}],"line":67},"8":{"loc":{"start":{"line":84,"column":4},"end":{"line":98,"column":5}},"type":"if","locations":[{"start":{"line":84,"column":4},"end":{"line":98,"column":5}},{"start":{"line":89,"column":11},"end":{"line":98,"column":5}}],"line":84},"9":{"loc":{"start":{"line":91,"column":6},"end":{"line":95,"column":7}},"type":"if","locations":[{"start":{"line":91,"column":6},"end":{"line":95,"column":7}},{"start":{"line":93,"column":13},"end":{"line":95,"column":7}}],"line":91},"10":{"loc":{"start":{"line":115,"column":4},"end":{"line":115,"column":81}},"type":"if","locations":[{"start":{"line":115,"column":4},"end":{"line":115,"column":81}},{"start":{},"end":{}}],"line":115},"11":{"loc":{"start":{"line":118,"column":4},"end":{"line":118,"column":78}},"type":"if","locations":[{"start":{"line":118,"column":4},"end":{"line":118,"column":78}},{"start":{},"end":{}}],"line":118},"12":{"loc":{"start":{"line":137,"column":4},"end":{"line":137,"column":81}},"type":"if","locations":[{"start":{"line":137,"column":4},"end":{"line":137,"column":81}},{"start":{},"end":{}}],"line":137},"13":{"loc":{"start":{"line":154,"column":4},"end":{"line":154,"column":81}},"type":"if","locations":[{"start":{"line":154,"column":4},"end":{"line":154,"column":81}},{"start":{},"end":{}}],"line":154}},"s":{"0":0,"1":0,"2":0,"3":0,"4":0,"5":0,"6":0,"7":0,"8":0,"9":0,"10":0,"11":0,"12":0,"13":0,"14":0,"15":0,"16":0,"17":0,"18":0,"19":0,"20":0,"21":0,"22":0,"23":0,"24":0,"25":0,"26":0,"27":0,"28":0,"29":0,"30":0,"31":0,"32":0,"33":0,"34":0,"35":0,"36":0,"37":0,"38":0,"39":0,"40":0,"41":0,"42":0,"43":0,"44":0,"45":0,"46":0,"47":0,"48":0,"49":0,"50":0,"51":0,"52":0,"53":0,"54":0,"55":0,"56":0,"57":0,"58":0,"59":0,"60":0,"61":0,"62":0,"63":0,"64":0,"65":0,"66":0,"67":0,"68":0,"69":0,"70":0,"71":0,"72":0,"73":0,"74":0,"75":0,"76":0,"77":0,"78":0,"79":0,"80":0,"81":0},"f":{"0":0,"1":0,"2":0,"3":0,"4":0,"5":0,"6":0,"7":0,"8":0,"9":0},"b":{"0":[0,0],"1":[0,0],"2":[0,0],"3":[0,0],"4":[0,0],"5":[0,0],"6":[0,0],"7":[0,0],"8":[0,0],"9":[0,0],"10":[0,0],"11":[0,0],"12":[0,0],"13":[0,0]}}
,"D:\\Programación\\Proyectos\\Facultad\\Tésis\\Proyecto-Back\\controllers\\categoryController.js": {"path":"D:\\Programación\\Proyectos\\Facultad\\Tésis\\Proyecto-Back\\controllers\\categoryController.js","statementMap":{"0":{"start":{"line":1,"column":17},"end":{"line":1,"column":46}},"1":{"start":{"line":4,"column":0},"end":{"line":16,"column":2}},"2":{"start":{"line":5,"column":2},"end":{"line":15,"column":3}},"3":{"start":{"line":6,"column":23},"end":{"line":6,"column":60}},"4":{"start":{"line":7,"column":4},"end":{"line":11,"column":7}},"5":{"start":{"line":13,"column":4},"end":{"line":13,"column":57}},"6":{"start":{"line":14,"column":4},"end":{"line":14,"column":91}},"7":{"start":{"line":19,"column":0},"end":{"line":40,"column":2}},"8":{"start":{"line":20,"column":2},"end":{"line":39,"column":3}},"9":{"start":{"line":21,"column":21},"end":{"line":21,"column":59}},"10":{"start":{"line":23,"column":4},"end":{"line":28,"column":5}},"11":{"start":{"line":24,"column":6},"end":{"line":27,"column":9}},"12":{"start":{"line":30,"column":4},"end":{"line":33,"column":7}},"13":{"start":{"line":35,"column":4},"end":{"line":38,"column":7}},"14":{"start":{"line":43,"column":0},"end":{"line":57,"column":2}},"15":{"start":{"line":44,"column":2},"end":{"line":56,"column":3}},"16":{"start":{"line":45,"column":21},"end":{"line":45,"column":52}},"17":{"start":{"line":46,"column":4},"end":{"line":50,"column":7}},"18":{"start":{"line":52,"column":4},"end":{"line":55,"column":7}},"19":{"start":{"line":60,"column":0},"end":{"line":86,"column":2}},"20":{"start":{"line":61,"column":2},"end":{"line":85,"column":3}},"21":{"start":{"line":62,"column":21},"end":{"line":66,"column":5}},"22":{"start":{"line":68,"column":4},"end":{"line":73,"column":5}},"23":{"start":{"line":69,"column":6},"end":{"line":72,"column":9}},"24":{"start":{"line":75,"column":4},"end":{"line":79,"column":7}},"25":{"start":{"line":81,"column":4},"end":{"line":84,"column":7}},"26":{"start":{"line":89,"column":0},"end":{"line":110,"column":2}},"27":{"start":{"line":90,"column":2},"end":{"line":109,"column":3}},"28":{"start":{"line":91,"column":21},"end":{"line":91,"column":68}},"29":{"start":{"line":93,"column":4},"end":{"line":98,"column":5}},"30":{"start":{"line":94,"column":6},"end":{"line":97,"column":9}},"31":{"start":{"line":100,"column":4},"end":{"line":103,"column":7}},"32":{"start":{"line":105,"column":4},"end":{"line":108,"column":7}},"33":{"start":{"line":112,"column":0},"end":{"line":146,"column":2}},"34":{"start":{"line":113,"column":2},"end":{"line":145,"column":3}},"35":{"start":{"line":114,"column":14},"end":{"line":114,"column":16}},"36":{"start":{"line":116,"column":4},"end":{"line":124,"column":5}},"37":{"start":{"line":117,"column":6},"end":{"line":117,"column":21}},"38":{"start":{"line":118,"column":11},"end":{"line":124,"column":5}},"39":{"start":{"line":119,"column":6},"end":{"line":119,"column":25}},"40":{"start":{"line":120,"column":11},"end":{"line":124,"column":5}},"41":{"start":{"line":121,"column":6},"end":{"line":123,"column":51}},"42":{"start":{"line":126,"column":4},"end":{"line":131,"column":5}},"43":{"start":{"line":127,"column":6},"end":{"line":130,"column":9}},"44":{"start":{"line":133,"column":19},"end":{"line":133,"column":67}},"45":{"start":{"line":135,"column":4},"end":{"line":139,"column":7}},"46":{"start":{"line":141,"column":4},"end":{"line":144,"column":7}}},"fnMap":{"0":{"name":"(anonymous_0)","decl":{"start":{"line":4,"column":24},"end":{"line":4,"column":25}},"loc":{"start":{"line":4,"column":44},"end":{"line":16,"column":1}},"line":4},"1":{"name":"(anonymous_1)","decl":{"start":{"line":19,"column":22},"end":{"line":19,"column":23}},"loc":{"start":{"line":19,"column":42},"end":{"line":40,"column":1}},"line":19},"2":{"name":"(anonymous_2)","decl":{"start":{"line":43,"column":25},"end":{"line":43,"column":26}},"loc":{"start":{"line":43,"column":45},"end":{"line":57,"column":1}},"line":43},"3":{"name":"(anonymous_3)","decl":{"start":{"line":60,"column":25},"end":{"line":60,"column":26}},"loc":{"start":{"line":60,"column":45},"end":{"line":86,"column":1}},"line":60},"4":{"name":"(anonymous_4)","decl":{"start":{"line":89,"column":25},"end":{"line":89,"column":26}},"loc":{"start":{"line":89,"column":45},"end":{"line":110,"column":1}},"line":89},"5":{"name":"(anonymous_5)","decl":{"start":{"line":112,"column":27},"end":{"line":112,"column":28}},"loc":{"start":{"line":112,"column":47},"end":{"line":146,"column":1}},"line":112}},"branchMap":{"0":{"loc":{"start":{"line":23,"column":4},"end":{"line":28,"column":5}},"type":"if","locations":[{"start":{"line":23,"column":4},"end":{"line":28,"column":5}},{"start":{},"end":{}}],"line":23},"1":{"loc":{"start":{"line":68,"column":4},"end":{"line":73,"column":5}},"type":"if","locations":[{"start":{"line":68,"column":4},"end":{"line":73,"column":5}},{"start":{},"end":{}}],"line":68},"2":{"loc":{"start":{"line":93,"column":4},"end":{"line":98,"column":5}},"type":"if","locations":[{"start":{"line":93,"column":4},"end":{"line":98,"column":5}},{"start":{},"end":{}}],"line":93},"3":{"loc":{"start":{"line":116,"column":4},"end":{"line":124,"column":5}},"type":"if","locations":[{"start":{"line":116,"column":4},"end":{"line":124,"column":5}},{"start":{"line":118,"column":11},"end":{"line":124,"column":5}}],"line":116},"4":{"loc":{"start":{"line":116,"column":8},"end":{"line":116,"column":54}},"type":"binary-expr","locations":[{"start":{"line":116,"column":8},"end":{"line":116,"column":31}},{"start":{"line":116,"column":35},"end":{"line":116,"column":54}}],"line":116},"5":{"loc":{"start":{"line":118,"column":11},"end":{"line":124,"column":5}},"type":"if","locations":[{"start":{"line":118,"column":11},"end":{"line":124,"column":5}},{"start":{"line":120,"column":11},"end":{"line":124,"column":5}}],"line":118},"6":{"loc":{"start":{"line":118,"column":15},"end":{"line":118,"column":58}},"type":"binary-expr","locations":[{"start":{"line":118,"column":15},"end":{"line":118,"column":27}},{"start":{"line":118,"column":31},"end":{"line":118,"column":58}}],"line":118},"7":{"loc":{"start":{"line":120,"column":11},"end":{"line":124,"column":5}},"type":"if","locations":[{"start":{"line":120,"column":11},"end":{"line":124,"column":5}},{"start":{},"end":{}}],"line":120},"8":{"loc":{"start":{"line":121,"column":12},"end":{"line":123,"column":50}},"type":"cond-expr","locations":[{"start":{"line":122,"column":10},"end":{"line":122,"column":23}},{"start":{"line":123,"column":10},"end":{"line":123,"column":50}}],"line":121},"9":{"loc":{"start":{"line":126,"column":4},"end":{"line":131,"column":5}},"type":"if","locations":[{"start":{"line":126,"column":4},"end":{"line":131,"column":5}},{"start":{},"end":{}}],"line":126},"10":{"loc":{"start":{"line":126,"column":8},"end":{"line":126,"column":32}},"type":"binary-expr","locations":[{"start":{"line":126,"column":8},"end":{"line":126,"column":12}},{"start":{"line":126,"column":16},"end":{"line":126,"column":32}}],"line":126}},"s":{"0":1,"1":1,"2":0,"3":0,"4":0,"5":0,"6":0,"7":1,"8":0,"9":0,"10":0,"11":0,"12":0,"13":0,"14":1,"15":0,"16":0,"17":0,"18":0,"19":1,"20":0,"21":0,"22":0,"23":0,"24":0,"25":0,"26":1,"27":0,"28":0,"29":0,"30":0,"31":0,"32":0,"33":1,"34":2,"35":2,"36":2,"37":1,"38":1,"39":0,"40":1,"41":0,"42":2,"43":1,"44":1,"45":1,"46":0},"f":{"0":0,"1":0,"2":0,"3":0,"4":0,"5":2},"b":{"0":[0,0],"1":[0,0],"2":[0,0],"3":[1,1],"4":[2,1],"5":[0,1],"6":[1,0],"7":[0,1],"8":[0,0],"9":[1,1],"10":[2,2]},"_coverageSchema":"1a1c01bbd47fc00a2c39e90264f33305004495a9","hash":"be1c5eb70c4fcfbf636b311062811300ca3b82b1"}
,"D:\\Programación\\Proyectos\\Facultad\\Tésis\\Proyecto-Back\\controllers\\genreController.js": {"path":"D:\\Programación\\Proyectos\\Facultad\\Tésis\\Proyecto-Back\\controllers\\genreController.js","statementMap":{"0":{"start":{"line":1,"column":14},"end":{"line":1,"column":40}},"1":{"start":{"line":4,"column":14},"end":{"line":9,"column":2}},"2":{"start":{"line":4,"column":22},"end":{"line":9,"column":1}},"3":{"start":{"line":12,"column":0},"end":{"line":19,"column":2}},"4":{"start":{"line":13,"column":4},"end":{"line":18,"column":5}},"5":{"start":{"line":14,"column":23},"end":{"line":14,"column":41}},"6":{"start":{"line":15,"column":8},"end":{"line":15,"column":48}},"7":{"start":{"line":17,"column":8},"end":{"line":17,"column":20}},"8":{"start":{"line":22,"column":0},"end":{"line":41,"column":2}},"9":{"start":{"line":23,"column":4},"end":{"line":40,"column":5}},"10":{"start":{"line":24,"column":23},"end":{"line":24,"column":33}},"11":{"start":{"line":25,"column":20},"end":{"line":25,"column":47}},"12":{"start":{"line":27,"column":8},"end":{"line":29,"column":9}},"13":{"start":{"line":28,"column":12},"end":{"line":28,"column":45}},"14":{"start":{"line":31,"column":8},"end":{"line":35,"column":9}},"15":{"start":{"line":32,"column":26},"end":{"line":32,"column":59}},"16":{"start":{"line":33,"column":12},"end":{"line":33,"column":35}},"17":{"start":{"line":34,"column":12},"end":{"line":34,"column":24}},"18":{"start":{"line":37,"column":8},"end":{"line":37,"column":68}},"19":{"start":{"line":39,"column":8},"end":{"line":39,"column":20}},"20":{"start":{"line":44,"column":0},"end":{"line":75,"column":2}},"21":{"start":{"line":45,"column":4},"end":{"line":74,"column":5}},"22":{"start":{"line":46,"column":42},"end":{"line":46,"column":50}},"23":{"start":{"line":47,"column":27},"end":{"line":47,"column":29}},"24":{"start":{"line":49,"column":8},"end":{"line":49,"column":43}},"25":{"start":{"line":49,"column":18},"end":{"line":49,"column":43}},"26":{"start":{"line":50,"column":8},"end":{"line":50,"column":64}},"27":{"start":{"line":50,"column":35},"end":{"line":50,"column":64}},"28":{"start":{"line":52,"column":8},"end":{"line":52,"column":61}},"29":{"start":{"line":52,"column":34},"end":{"line":52,"column":61}},"30":{"start":{"line":54,"column":22},"end":{"line":66,"column":9}},"31":{"start":{"line":68,"column":8},"end":{"line":71,"column":11}},"32":{"start":{"line":73,"column":8},"end":{"line":73,"column":20}},"33":{"start":{"line":78,"column":0},"end":{"line":106,"column":2}},"34":{"start":{"line":79,"column":4},"end":{"line":105,"column":5}},"35":{"start":{"line":80,"column":46},"end":{"line":80,"column":54}},"36":{"start":{"line":82,"column":8},"end":{"line":86,"column":9}},"37":{"start":{"line":83,"column":26},"end":{"line":83,"column":71}},"38":{"start":{"line":84,"column":12},"end":{"line":84,"column":35}},"39":{"start":{"line":85,"column":12},"end":{"line":85,"column":24}},"40":{"start":{"line":88,"column":25},"end":{"line":88,"column":52}},"41":{"start":{"line":89,"column":8},"end":{"line":93,"column":9}},"42":{"start":{"line":90,"column":26},"end":{"line":90,"column":69}},"43":{"start":{"line":91,"column":12},"end":{"line":91,"column":35}},"44":{"start":{"line":92,"column":12},"end":{"line":92,"column":24}},"45":{"start":{"line":95,"column":22},"end":{"line":100,"column":10}},"46":{"start":{"line":102,"column":8},"end":{"line":102,"column":43}},"47":{"start":{"line":104,"column":8},"end":{"line":104,"column":20}},"48":{"start":{"line":109,"column":0},"end":{"line":131,"column":2}},"49":{"start":{"line":110,"column":4},"end":{"line":130,"column":5}},"50":{"start":{"line":111,"column":23},"end":{"line":111,"column":33}},"51":{"start":{"line":114,"column":20},"end":{"line":114,"column":56}},"52":{"start":{"line":117,"column":8},"end":{"line":119,"column":9}},"53":{"start":{"line":118,"column":12},"end":{"line":118,"column":54}},"54":{"start":{"line":121,"column":8},"end":{"line":125,"column":9}},"55":{"start":{"line":122,"column":26},"end":{"line":122,"column":59}},"56":{"start":{"line":123,"column":12},"end":{"line":123,"column":35}},"57":{"start":{"line":124,"column":12},"end":{"line":124,"column":24}},"58":{"start":{"line":127,"column":8},"end":{"line":127,"column":81}},"59":{"start":{"line":129,"column":8},"end":{"line":129,"column":20}},"60":{"start":{"line":134,"column":0},"end":{"line":188,"column":2}},"61":{"start":{"line":135,"column":4},"end":{"line":187,"column":5}},"62":{"start":{"line":136,"column":8},"end":{"line":136,"column":71}},"63":{"start":{"line":137,"column":8},"end":{"line":137,"column":65}},"64":{"start":{"line":139,"column":18},"end":{"line":139,"column":20}},"65":{"start":{"line":142,"column":8},"end":{"line":154,"column":9}},"66":{"start":{"line":143,"column":12},"end":{"line":143,"column":27}},"67":{"start":{"line":146,"column":13},"end":{"line":154,"column":9}},"68":{"start":{"line":147,"column":12},"end":{"line":147,"column":31}},"69":{"start":{"line":150,"column":13},"end":{"line":154,"column":9}},"70":{"start":{"line":151,"column":12},"end":{"line":153,"column":59}},"71":{"start":{"line":156,"column":8},"end":{"line":167,"column":9}},"72":{"start":{"line":157,"column":12},"end":{"line":157,"column":69}},"73":{"start":{"line":158,"column":12},"end":{"line":162,"column":13}},"74":{"start":{"line":159,"column":30},"end":{"line":159,"column":108}},"75":{"start":{"line":160,"column":16},"end":{"line":160,"column":39}},"76":{"start":{"line":161,"column":16},"end":{"line":161,"column":28}},"77":{"start":{"line":164,"column":26},"end":{"line":164,"column":94}},"78":{"start":{"line":165,"column":12},"end":{"line":165,"column":35}},"79":{"start":{"line":166,"column":12},"end":{"line":166,"column":24}},"80":{"start":{"line":170,"column":25},"end":{"line":170,"column":72}},"81":{"start":{"line":170,"column":42},"end":{"line":170,"column":71}},"82":{"start":{"line":171,"column":26},"end":{"line":171,"column":29}},"83":{"start":{"line":173,"column":23},"end":{"line":178,"column":10}},"84":{"start":{"line":180,"column":8},"end":{"line":184,"column":11}},"85":{"start":{"line":186,"column":8},"end":{"line":186,"column":20}}},"fnMap":{"0":{"name":"(anonymous_0)","decl":{"start":{"line":4,"column":14},"end":{"line":4,"column":15}},"loc":{"start":{"line":4,"column":22},"end":{"line":9,"column":1}},"line":4},"1":{"name":"(anonymous_1)","decl":{"start":{"line":12,"column":20},"end":{"line":12,"column":21}},"loc":{"start":{"line":12,"column":46},"end":{"line":19,"column":1}},"line":12},"2":{"name":"(anonymous_2)","decl":{"start":{"line":22,"column":19},"end":{"line":22,"column":20}},"loc":{"start":{"line":22,"column":45},"end":{"line":41,"column":1}},"line":22},"3":{"name":"(anonymous_3)","decl":{"start":{"line":44,"column":22},"end":{"line":44,"column":23}},"loc":{"start":{"line":44,"column":48},"end":{"line":75,"column":1}},"line":44},"4":{"name":"(anonymous_4)","decl":{"start":{"line":78,"column":22},"end":{"line":78,"column":23}},"loc":{"start":{"line":78,"column":48},"end":{"line":106,"column":1}},"line":78},"5":{"name":"(anonymous_5)","decl":{"start":{"line":109,"column":22},"end":{"line":109,"column":23}},"loc":{"start":{"line":109,"column":48},"end":{"line":131,"column":1}},"line":109},"6":{"name":"(anonymous_6)","decl":{"start":{"line":134,"column":23},"end":{"line":134,"column":24}},"loc":{"start":{"line":134,"column":49},"end":{"line":188,"column":1}},"line":134},"7":{"name":"(anonymous_7)","decl":{"start":{"line":170,"column":36},"end":{"line":170,"column":37}},"loc":{"start":{"line":170,"column":42},"end":{"line":170,"column":71}},"line":170}},"branchMap":{"0":{"loc":{"start":{"line":27,"column":8},"end":{"line":29,"column":9}},"type":"if","locations":[{"start":{"line":27,"column":8},"end":{"line":29,"column":9}},{"start":{},"end":{}}],"line":27},"1":{"loc":{"start":{"line":27,"column":12},"end":{"line":27,"column":51}},"type":"binary-expr","locations":[{"start":{"line":27,"column":12},"end":{"line":27,"column":18}},{"start":{"line":27,"column":22},"end":{"line":27,"column":51}}],"line":27},"2":{"loc":{"start":{"line":31,"column":8},"end":{"line":35,"column":9}},"type":"if","locations":[{"start":{"line":31,"column":8},"end":{"line":35,"column":9}},{"start":{},"end":{}}],"line":31},"3":{"loc":{"start":{"line":49,"column":8},"end":{"line":49,"column":43}},"type":"if","locations":[{"start":{"line":49,"column":8},"end":{"line":49,"column":43}},{"start":{},"end":{}}],"line":49},"4":{"loc":{"start":{"line":50,"column":8},"end":{"line":50,"column":64}},"type":"if","locations":[{"start":{"line":50,"column":8},"end":{"line":50,"column":64}},{"start":{},"end":{}}],"line":50},"5":{"loc":{"start":{"line":52,"column":8},"end":{"line":52,"column":61}},"type":"if","locations":[{"start":{"line":52,"column":8},"end":{"line":52,"column":61}},{"start":{},"end":{}}],"line":52},"6":{"loc":{"start":{"line":82,"column":8},"end":{"line":86,"column":9}},"type":"if","locations":[{"start":{"line":82,"column":8},"end":{"line":86,"column":9}},{"start":{},"end":{}}],"line":82},"7":{"loc":{"start":{"line":89,"column":8},"end":{"line":93,"column":9}},"type":"if","locations":[{"start":{"line":89,"column":8},"end":{"line":93,"column":9}},{"start":{},"end":{}}],"line":89},"8":{"loc":{"start":{"line":99,"column":20},"end":{"line":99,"column":56}},"type":"cond-expr","locations":[{"start":{"line":99,"column":43},"end":{"line":99,"column":49}},{"start":{"line":99,"column":52},"end":{"line":99,"column":56}}],"line":99},"9":{"loc":{"start":{"line":117,"column":8},"end":{"line":119,"column":9}},"type":"if","locations":[{"start":{"line":117,"column":8},"end":{"line":119,"column":9}},{"start":{},"end":{}}],"line":117},"10":{"loc":{"start":{"line":117,"column":12},"end":{"line":117,"column":51}},"type":"binary-expr","locations":[{"start":{"line":117,"column":12},"end":{"line":117,"column":18}},{"start":{"line":117,"column":22},"end":{"line":117,"column":51}}],"line":117},"11":{"loc":{"start":{"line":121,"column":8},"end":{"line":125,"column":9}},"type":"if","locations":[{"start":{"line":121,"column":8},"end":{"line":125,"column":9}},{"start":{},"end":{}}],"line":121},"12":{"loc":{"start":{"line":142,"column":8},"end":{"line":154,"column":9}},"type":"if","locations":[{"start":{"line":142,"column":8},"end":{"line":154,"column":9}},{"start":{"line":146,"column":13},"end":{"line":154,"column":9}}],"line":142},"13":{"loc":{"start":{"line":142,"column":12},"end":{"line":142,"column":58}},"type":"binary-expr","locations":[{"start":{"line":142,"column":12},"end":{"line":142,"column":35}},{"start":{"line":142,"column":39},"end":{"line":142,"column":58}}],"line":142},"14":{"loc":{"start":{"line":146,"column":13},"end":{"line":154,"column":9}},"type":"if","locations":[{"start":{"line":146,"column":13},"end":{"line":154,"column":9}},{"start":{"line":150,"column":13},"end":{"line":154,"column":9}}],"line":146},"15":{"loc":{"start":{"line":146,"column":17},"end":{"line":146,"column":60}},"type":"binary-expr","locations":[{"start":{"line":146,"column":17},"end":{"line":146,"column":29}},{"start":{"line":146,"column":33},"end":{"line":146,"column":60}}],"line":146},"16":{"loc":{"start":{"line":150,"column":13},"end":{"line":154,"column":9}},"type":"if","locations":[{"start":{"line":150,"column":13},"end":{"line":154,"column":9}},{"start":{},"end":{}}],"line":150},"17":{"loc":{"start":{"line":151,"column":18},"end":{"line":153,"column":58}},"type":"cond-expr","locations":[{"start":{"line":152,"column":18},"end":{"line":152,"column":31}},{"start":{"line":153,"column":18},"end":{"line":153,"column":58}}],"line":151},"18":{"loc":{"start":{"line":156,"column":8},"end":{"line":167,"column":9}},"type":"if","locations":[{"start":{"line":156,"column":8},"end":{"line":167,"column":9}},{"start":{},"end":{}}],"line":156},"19":{"loc":{"start":{"line":156,"column":12},"end":{"line":156,"column":36}},"type":"binary-expr","locations":[{"start":{"line":156,"column":12},"end":{"line":156,"column":16}},{"start":{"line":156,"column":20},"end":{"line":156,"column":36}}],"line":156},"20":{"loc":{"start":{"line":158,"column":12},"end":{"line":162,"column":13}},"type":"if","locations":[{"start":{"line":158,"column":12},"end":{"line":162,"column":13}},{"start":{},"end":{}}],"line":158}},"s":{"0":1,"1":1,"2":1,"3":1,"4":0,"5":0,"6":0,"7":0,"8":1,"9":1,"10":1,"11":1,"12":1,"13":0,"14":1,"15":0,"16":0,"17":0,"18":1,"19":0,"20":1,"21":0,"22":0,"23":0,"24":0,"25":0,"26":0,"27":0,"28":0,"29":0,"30":0,"31":0,"32":0,"33":1,"34":0,"35":0,"36":0,"37":0,"38":0,"39":0,"40":0,"41":0,"42":0,"43":0,"44":0,"45":0,"46":0,"47":0,"48":1,"49":0,"50":0,"51":0,"52":0,"53":0,"54":0,"55":0,"56":0,"57":0,"58":0,"59":0,"60":1,"61":0,"62":0,"63":0,"64":0,"65":0,"66":0,"67":0,"68":0,"69":0,"70":0,"71":0,"72":0,"73":0,"74":0,"75":0,"76":0,"77":0,"78":0,"79":0,"80":0,"81":0,"82":0,"83":0,"84":0,"85":0},"f":{"0":1,"1":0,"2":1,"3":0,"4":0,"5":0,"6":0,"7":0},"b":{"0":[0,1],"1":[1,0],"2":[0,1],"3":[0,0],"4":[0,0],"5":[0,0],"6":[0,0],"7":[0,0],"8":[0,0],"9":[0,0],"10":[0,0],"11":[0,0],"12":[0,0],"13":[0,0],"14":[0,0],"15":[0,0],"16":[0,0],"17":[0,0],"18":[0,0],"19":[0,0],"20":[0,0]},"_coverageSchema":"1a1c01bbd47fc00a2c39e90264f33305004495a9","hash":"da8403b434c5097227cc54b6b10017bafb5e9e0c"}
,"D:\\Programación\\Proyectos\\Facultad\\Tésis\\Proyecto-Back\\controllers\\orderController.js": {"path":"D:\\Programación\\Proyectos\\Facultad\\Tésis\\Proyecto-Back\\controllers\\orderController.js","statementMap":{"0":{"start":{"line":1,"column":21},"end":{"line":1,"column":56}},"1":{"start":{"line":2,"column":14},"end":{"line":2,"column":40}},"2":{"start":{"line":3,"column":19},"end":{"line":3,"column":50}},"3":{"start":{"line":4,"column":26},"end":{"line":4,"column":55}},"4":{"start":{"line":7,"column":0},"end":{"line":19,"column":2}},"5":{"start":{"line":8,"column":2},"end":{"line":18,"column":34}},"6":{"start":{"line":9,"column":19},"end":{"line":12,"column":6}},"7":{"start":{"line":13,"column":4},"end":{"line":17,"column":7}},"8":{"start":{"line":18,"column":20},"end":{"line":18,"column":32}},"9":{"start":{"line":22,"column":0},"end":{"line":34,"column":2}},"10":{"start":{"line":23,"column":2},"end":{"line":33,"column":3}},"11":{"start":{"line":24,"column":4},"end":{"line":24,"column":71}},"12":{"start":{"line":25,"column":4},"end":{"line":25,"column":31}},"13":{"start":{"line":27,"column":4},"end":{"line":27,"column":51}},"14":{"start":{"line":29,"column":4},"end":{"line":31,"column":5}},"15":{"start":{"line":30,"column":6},"end":{"line":30,"column":60}},"16":{"start":{"line":32,"column":4},"end":{"line":32,"column":51}},"17":{"start":{"line":37,"column":0},"end":{"line":51,"column":2}},"18":{"start":{"line":38,"column":53},"end":{"line":38,"column":62}},"19":{"start":{"line":39,"column":22},"end":{"line":39,"column":73}},"20":{"start":{"line":41,"column":21},"end":{"line":41,"column":40}},"21":{"start":{"line":42,"column":2},"end":{"line":43,"column":93}},"22":{"start":{"line":42,"column":29},"end":{"line":42,"column":64}},"23":{"start":{"line":43,"column":7},"end":{"line":43,"column":93}},"24":{"start":{"line":43,"column":58},"end":{"line":43,"column":93}},"25":{"start":{"line":45,"column":22},"end":{"line":45,"column":62}},"26":{"start":{"line":46,"column":2},"end":{"line":46,"column":76}},"27":{"start":{"line":46,"column":18},"end":{"line":46,"column":76}},"28":{"start":{"line":47,"column":2},"end":{"line":47,"column":100}},"29":{"start":{"line":47,"column":26},"end":{"line":47,"column":100}},"30":{"start":{"line":49,"column":2},"end":{"line":49,"column":79}},"31":{"start":{"line":50,"column":2},"end":{"line":50,"column":39}},"32":{"start":{"line":54,"column":0},"end":{"line":59,"column":2}},"33":{"start":{"line":55,"column":2},"end":{"line":58,"column":34}},"34":{"start":{"line":56,"column":27},"end":{"line":56,"column":73}},"35":{"start":{"line":57,"column":4},"end":{"line":57,"column":86}},"36":{"start":{"line":58,"column":20},"end":{"line":58,"column":32}},"37":{"start":{"line":62,"column":0},"end":{"line":69,"column":2}},"38":{"start":{"line":63,"column":2},"end":{"line":68,"column":34}},"39":{"start":{"line":64,"column":18},"end":{"line":64,"column":129}},"40":{"start":{"line":65,"column":4},"end":{"line":65,"column":96}},"41":{"start":{"line":65,"column":16},"end":{"line":65,"column":96}},"42":{"start":{"line":66,"column":4},"end":{"line":66,"column":140}},"43":{"start":{"line":66,"column":92},"end":{"line":66,"column":140}},"44":{"start":{"line":67,"column":4},"end":{"line":67,"column":39}},"45":{"start":{"line":68,"column":20},"end":{"line":68,"column":32}},"46":{"start":{"line":71,"column":0},"end":{"line":76,"column":2}},"47":{"start":{"line":72,"column":2},"end":{"line":75,"column":34}},"48":{"start":{"line":73,"column":19},"end":{"line":73,"column":92}},"49":{"start":{"line":74,"column":4},"end":{"line":74,"column":62}},"50":{"start":{"line":75,"column":20},"end":{"line":75,"column":32}},"51":{"start":{"line":78,"column":0},"end":{"line":86,"column":2}},"52":{"start":{"line":79,"column":2},"end":{"line":85,"column":34}},"53":{"start":{"line":80,"column":18},"end":{"line":80,"column":53}},"54":{"start":{"line":81,"column":4},"end":{"line":81,"column":74}},"55":{"start":{"line":81,"column":16},"end":{"line":81,"column":74}},"56":{"start":{"line":82,"column":4},"end":{"line":82,"column":40}},"57":{"start":{"line":83,"column":4},"end":{"line":83,"column":23}},"58":{"start":{"line":84,"column":4},"end":{"line":84,"column":39}},"59":{"start":{"line":85,"column":20},"end":{"line":85,"column":32}},"60":{"start":{"line":88,"column":0},"end":{"line":96,"column":2}},"61":{"start":{"line":89,"column":2},"end":{"line":95,"column":34}},"62":{"start":{"line":90,"column":18},"end":{"line":90,"column":53}},"63":{"start":{"line":91,"column":4},"end":{"line":91,"column":24}},"64":{"start":{"line":92,"column":4},"end":{"line":92,"column":30}},"65":{"start":{"line":93,"column":4},"end":{"line":93,"column":23}},"66":{"start":{"line":94,"column":4},"end":{"line":94,"column":39}},"67":{"start":{"line":95,"column":20},"end":{"line":95,"column":32}}},"fnMap":{"0":{"name":"(anonymous_0)","decl":{"start":{"line":7,"column":22},"end":{"line":7,"column":23}},"loc":{"start":{"line":7,"column":48},"end":{"line":19,"column":1}},"line":7},"1":{"name":"(anonymous_1)","decl":{"start":{"line":22,"column":25},"end":{"line":22,"column":26}},"loc":{"start":{"line":22,"column":45},"end":{"line":34,"column":1}},"line":22},"2":{"name":"(anonymous_2)","decl":{"start":{"line":37,"column":26},"end":{"line":37,"column":27}},"loc":{"start":{"line":37,"column":40},"end":{"line":51,"column":1}},"line":37},"3":{"name":"(anonymous_3)","decl":{"start":{"line":54,"column":24},"end":{"line":54,"column":25}},"loc":{"start":{"line":54,"column":50},"end":{"line":59,"column":1}},"line":54},"4":{"name":"(anonymous_4)","decl":{"start":{"line":62,"column":19},"end":{"line":62,"column":20}},"loc":{"start":{"line":62,"column":45},"end":{"line":69,"column":1}},"line":62},"5":{"name":"(anonymous_5)","decl":{"start":{"line":71,"column":23},"end":{"line":71,"column":24}},"loc":{"start":{"line":71,"column":49},"end":{"line":76,"column":1}},"line":71},"6":{"name":"(anonymous_6)","decl":{"start":{"line":78,"column":28},"end":{"line":78,"column":29}},"loc":{"start":{"line":78,"column":54},"end":{"line":86,"column":1}},"line":78},"7":{"name":"(anonymous_7)","decl":{"start":{"line":88,"column":28},"end":{"line":88,"column":29}},"loc":{"start":{"line":88,"column":54},"end":{"line":96,"column":1}},"line":88}},"branchMap":{"0":{"loc":{"start":{"line":29,"column":4},"end":{"line":31,"column":5}},"type":"if","locations":[{"start":{"line":29,"column":4},"end":{"line":31,"column":5}},{"start":{},"end":{}}],"line":29},"1":{"loc":{"start":{"line":29,"column":8},"end":{"line":29,"column":88}},"type":"binary-expr","locations":[{"start":{"line":29,"column":8},"end":{"line":29,"column":46}},{"start":{"line":29,"column":50},"end":{"line":29,"column":88}}],"line":29},"2":{"loc":{"start":{"line":39,"column":22},"end":{"line":39,"column":73}},"type":"binary-expr","locations":[{"start":{"line":39,"column":22},"end":{"line":39,"column":46}},{"start":{"line":39,"column":50},"end":{"line":39,"column":73}}],"line":39},"3":{"loc":{"start":{"line":42,"column":2},"end":{"line":43,"column":93}},"type":"if","locations":[{"start":{"line":42,"column":2},"end":{"line":43,"column":93}},{"start":{"line":43,"column":7},"end":{"line":43,"column":93}}],"line":42},"4":{"loc":{"start":{"line":43,"column":7},"end":{"line":43,"column":93}},"type":"if","locations":[{"start":{"line":43,"column":7},"end":{"line":43,"column":93}},{"start":{},"end":{}}],"line":43},"5":{"loc":{"start":{"line":43,"column":11},"end":{"line":43,"column":56}},"type":"binary-expr","locations":[{"start":{"line":43,"column":11},"end":{"line":43,"column":31}},{"start":{"line":43,"column":35},"end":{"line":43,"column":56}}],"line":43},"6":{"loc":{"start":{"line":46,"column":2},"end":{"line":46,"column":76}},"type":"if","locations":[{"start":{"line":46,"column":2},"end":{"line":46,"column":76}},{"start":{},"end":{}}],"line":46},"7":{"loc":{"start":{"line":47,"column":2},"end":{"line":47,"column":100}},"type":"if","locations":[{"start":{"line":47,"column":2},"end":{"line":47,"column":100}},{"start":{},"end":{}}],"line":47},"8":{"loc":{"start":{"line":65,"column":4},"end":{"line":65,"column":96}},"type":"if","locations":[{"start":{"line":65,"column":4},"end":{"line":65,"column":96}},{"start":{},"end":{}}],"line":65},"9":{"loc":{"start":{"line":66,"column":4},"end":{"line":66,"column":140}},"type":"if","locations":[{"start":{"line":66,"column":4},"end":{"line":66,"column":140}},{"start":{},"end":{}}],"line":66},"10":{"loc":{"start":{"line":66,"column":8},"end":{"line":66,"column":90}},"type":"binary-expr","locations":[{"start":{"line":66,"column":8},"end":{"line":66,"column":61}},{"start":{"line":66,"column":65},"end":{"line":66,"column":90}}],"line":66},"11":{"loc":{"start":{"line":81,"column":4},"end":{"line":81,"column":74}},"type":"if","locations":[{"start":{"line":81,"column":4},"end":{"line":81,"column":74}},{"start":{},"end":{}}],"line":81}},"s":{"0":0,"1":0,"2":0,"3":0,"4":0,"5":0,"6":0,"7":0,"8":0,"9":0,"10":0,"11":0,"12":0,"13":0,"14":0,"15":0,"16":0,"17":0,"18":0,"19":0,"20":0,"21":0,"22":0,"23":0,"24":0,"25":0,"26":0,"27":0,"28":0,"29":0,"30":0,"31":0,"32":0,"33":0,"34":0,"35":0,"36":0,"37":0,"38":0,"39":0,"40":0,"41":0,"42":0,"43":0,"44":0,"45":0,"46":0,"47":0,"48":0,"49":0,"50":0,"51":0,"52":0,"53":0,"54":0,"55":0,"56":0,"57":0,"58":0,"59":0,"60":0,"61":0,"62":0,"63":0,"64":0,"65":0,"66":0,"67":0},"f":{"0":0,"1":0,"2":0,"3":0,"4":0,"5":0,"6":0,"7":0},"b":{"0":[0,0],"1":[0,0],"2":[0,0],"3":[0,0],"4":[0,0],"5":[0,0],"6":[0,0],"7":[0,0],"8":[0,0],"9":[0,0],"10":[0,0],"11":[0,0]}}
,"D:\\Programación\\Proyectos\\Facultad\\Tésis\\Proyecto-Back\\controllers\\platformController.js": {"path":"D:\\Programación\\Proyectos\\Facultad\\Tésis\\Proyecto-Back\\controllers\\platformController.js","statementMap":{"0":{"start":{"line":1,"column":17},"end":{"line":1,"column":46}},"1":{"start":{"line":4,"column":14},"end":{"line":9,"column":2}},"2":{"start":{"line":4,"column":22},"end":{"line":9,"column":1}},"3":{"start":{"line":12,"column":0},"end":{"line":19,"column":2}},"4":{"start":{"line":13,"column":4},"end":{"line":18,"column":5}},"5":{"start":{"line":14,"column":26},"end":{"line":14,"column":47}},"6":{"start":{"line":15,"column":8},"end":{"line":15,"column":51}},"7":{"start":{"line":17,"column":8},"end":{"line":17,"column":20}},"8":{"start":{"line":22,"column":0},"end":{"line":41,"column":2}},"9":{"start":{"line":23,"column":4},"end":{"line":40,"column":5}},"10":{"start":{"line":24,"column":23},"end":{"line":24,"column":33}},"11":{"start":{"line":25,"column":23},"end":{"line":25,"column":53}},"12":{"start":{"line":27,"column":8},"end":{"line":29,"column":9}},"13":{"start":{"line":28,"column":12},"end":{"line":28,"column":51}},"14":{"start":{"line":31,"column":8},"end":{"line":35,"column":9}},"15":{"start":{"line":32,"column":26},"end":{"line":32,"column":63}},"16":{"start":{"line":33,"column":12},"end":{"line":33,"column":35}},"17":{"start":{"line":34,"column":12},"end":{"line":34,"column":24}},"18":{"start":{"line":37,"column":8},"end":{"line":37,"column":71}},"19":{"start":{"line":39,"column":8},"end":{"line":39,"column":20}},"20":{"start":{"line":44,"column":0},"end":{"line":75,"column":2}},"21":{"start":{"line":45,"column":4},"end":{"line":74,"column":5}},"22":{"start":{"line":46,"column":42},"end":{"line":46,"column":50}},"23":{"start":{"line":47,"column":27},"end":{"line":47,"column":29}},"24":{"start":{"line":49,"column":8},"end":{"line":49,"column":43}},"25":{"start":{"line":49,"column":18},"end":{"line":49,"column":43}},"26":{"start":{"line":50,"column":8},"end":{"line":50,"column":64}},"27":{"start":{"line":50,"column":35},"end":{"line":50,"column":64}},"28":{"start":{"line":52,"column":8},"end":{"line":52,"column":61}},"29":{"start":{"line":52,"column":34},"end":{"line":52,"column":61}},"30":{"start":{"line":54,"column":25},"end":{"line":66,"column":9}},"31":{"start":{"line":68,"column":8},"end":{"line":71,"column":11}},"32":{"start":{"line":73,"column":8},"end":{"line":73,"column":20}},"33":{"start":{"line":78,"column":0},"end":{"line":107,"column":2}},"34":{"start":{"line":79,"column":4},"end":{"line":106,"column":5}},"35":{"start":{"line":80,"column":46},"end":{"line":80,"column":54}},"36":{"start":{"line":83,"column":8},"end":{"line":87,"column":9}},"37":{"start":{"line":84,"column":26},"end":{"line":84,"column":71}},"38":{"start":{"line":85,"column":12},"end":{"line":85,"column":35}},"39":{"start":{"line":86,"column":12},"end":{"line":86,"column":24}},"40":{"start":{"line":89,"column":25},"end":{"line":89,"column":55}},"41":{"start":{"line":90,"column":8},"end":{"line":94,"column":9}},"42":{"start":{"line":91,"column":26},"end":{"line":91,"column":74}},"43":{"start":{"line":92,"column":12},"end":{"line":92,"column":35}},"44":{"start":{"line":93,"column":12},"end":{"line":93,"column":24}},"45":{"start":{"line":96,"column":25},"end":{"line":101,"column":10}},"46":{"start":{"line":103,"column":8},"end":{"line":103,"column":46}},"47":{"start":{"line":105,"column":8},"end":{"line":105,"column":20}},"48":{"start":{"line":110,"column":0},"end":{"line":132,"column":2}},"49":{"start":{"line":111,"column":4},"end":{"line":131,"column":5}},"50":{"start":{"line":112,"column":23},"end":{"line":112,"column":33}},"51":{"start":{"line":115,"column":23},"end":{"line":115,"column":62}},"52":{"start":{"line":118,"column":8},"end":{"line":120,"column":9}},"53":{"start":{"line":119,"column":12},"end":{"line":119,"column":60}},"54":{"start":{"line":122,"column":8},"end":{"line":126,"column":9}},"55":{"start":{"line":123,"column":26},"end":{"line":123,"column":63}},"56":{"start":{"line":124,"column":12},"end":{"line":124,"column":35}},"57":{"start":{"line":125,"column":12},"end":{"line":125,"column":24}},"58":{"start":{"line":128,"column":8},"end":{"line":128,"column":85}},"59":{"start":{"line":130,"column":8},"end":{"line":130,"column":20}},"60":{"start":{"line":135,"column":0},"end":{"line":189,"column":2}},"61":{"start":{"line":136,"column":4},"end":{"line":188,"column":5}},"62":{"start":{"line":137,"column":8},"end":{"line":137,"column":64}},"63":{"start":{"line":138,"column":8},"end":{"line":138,"column":58}},"64":{"start":{"line":140,"column":18},"end":{"line":140,"column":20}},"65":{"start":{"line":143,"column":8},"end":{"line":155,"column":9}},"66":{"start":{"line":144,"column":12},"end":{"line":144,"column":27}},"67":{"start":{"line":147,"column":13},"end":{"line":155,"column":9}},"68":{"start":{"line":148,"column":12},"end":{"line":148,"column":31}},"69":{"start":{"line":151,"column":13},"end":{"line":155,"column":9}},"70":{"start":{"line":152,"column":12},"end":{"line":154,"column":59}},"71":{"start":{"line":157,"column":8},"end":{"line":168,"column":9}},"72":{"start":{"line":158,"column":12},"end":{"line":158,"column":69}},"73":{"start":{"line":159,"column":12},"end":{"line":163,"column":13}},"74":{"start":{"line":160,"column":30},"end":{"line":160,"column":108}},"75":{"start":{"line":161,"column":16},"end":{"line":161,"column":39}},"76":{"start":{"line":162,"column":16},"end":{"line":162,"column":28}},"77":{"start":{"line":165,"column":26},"end":{"line":165,"column":94}},"78":{"start":{"line":166,"column":12},"end":{"line":166,"column":35}},"79":{"start":{"line":167,"column":12},"end":{"line":167,"column":24}},"80":{"start":{"line":171,"column":25},"end":{"line":171,"column":72}},"81":{"start":{"line":171,"column":42},"end":{"line":171,"column":71}},"82":{"start":{"line":172,"column":26},"end":{"line":172,"column":29}},"83":{"start":{"line":174,"column":23},"end":{"line":179,"column":10}},"84":{"start":{"line":181,"column":8},"end":{"line":185,"column":11}},"85":{"start":{"line":187,"column":8},"end":{"line":187,"column":20}}},"fnMap":{"0":{"name":"(anonymous_0)","decl":{"start":{"line":4,"column":14},"end":{"line":4,"column":15}},"loc":{"start":{"line":4,"column":22},"end":{"line":9,"column":1}},"line":4},"1":{"name":"(anonymous_1)","decl":{"start":{"line":12,"column":23},"end":{"line":12,"column":24}},"loc":{"start":{"line":12,"column":49},"end":{"line":19,"column":1}},"line":12},"2":{"name":"(anonymous_2)","decl":{"start":{"line":22,"column":22},"end":{"line":22,"column":23}},"loc":{"start":{"line":22,"column":48},"end":{"line":41,"column":1}},"line":22},"3":{"name":"(anonymous_3)","decl":{"start":{"line":44,"column":25},"end":{"line":44,"column":26}},"loc":{"start":{"line":44,"column":51},"end":{"line":75,"column":1}},"line":44},"4":{"name":"(anonymous_4)","decl":{"start":{"line":78,"column":25},"end":{"line":78,"column":26}},"loc":{"start":{"line":78,"column":51},"end":{"line":107,"column":1}},"line":78},"5":{"name":"(anonymous_5)","decl":{"start":{"line":110,"column":25},"end":{"line":110,"column":26}},"loc":{"start":{"line":110,"column":51},"end":{"line":132,"column":1}},"line":110},"6":{"name":"(anonymous_6)","decl":{"start":{"line":135,"column":26},"end":{"line":135,"column":27}},"loc":{"start":{"line":135,"column":52},"end":{"line":189,"column":1}},"line":135},"7":{"name":"(anonymous_7)","decl":{"start":{"line":171,"column":36},"end":{"line":171,"column":37}},"loc":{"start":{"line":171,"column":42},"end":{"line":171,"column":71}},"line":171}},"branchMap":{"0":{"loc":{"start":{"line":27,"column":8},"end":{"line":29,"column":9}},"type":"if","locations":[{"start":{"line":27,"column":8},"end":{"line":29,"column":9}},{"start":{},"end":{}}],"line":27},"1":{"loc":{"start":{"line":27,"column":12},"end":{"line":27,"column":54}},"type":"binary-expr","locations":[{"start":{"line":27,"column":12},"end":{"line":27,"column":21}},{"start":{"line":27,"column":25},"end":{"line":27,"column":54}}],"line":27},"2":{"loc":{"start":{"line":31,"column":8},"end":{"line":35,"column":9}},"type":"if","locations":[{"start":{"line":31,"column":8},"end":{"line":35,"column":9}},{"start":{},"end":{}}],"line":31},"3":{"loc":{"start":{"line":49,"column":8},"end":{"line":49,"column":43}},"type":"if","locations":[{"start":{"line":49,"column":8},"end":{"line":49,"column":43}},{"start":{},"end":{}}],"line":49},"4":{"loc":{"start":{"line":50,"column":8},"end":{"line":50,"column":64}},"type":"if","locations":[{"start":{"line":50,"column":8},"end":{"line":50,"column":64}},{"start":{},"end":{}}],"line":50},"5":{"loc":{"start":{"line":52,"column":8},"end":{"line":52,"column":61}},"type":"if","locations":[{"start":{"line":52,"column":8},"end":{"line":52,"column":61}},{"start":{},"end":{}}],"line":52},"6":{"loc":{"start":{"line":83,"column":8},"end":{"line":87,"column":9}},"type":"if","locations":[{"start":{"line":83,"column":8},"end":{"line":87,"column":9}},{"start":{},"end":{}}],"line":83},"7":{"loc":{"start":{"line":90,"column":8},"end":{"line":94,"column":9}},"type":"if","locations":[{"start":{"line":90,"column":8},"end":{"line":94,"column":9}},{"start":{},"end":{}}],"line":90},"8":{"loc":{"start":{"line":100,"column":20},"end":{"line":100,"column":56}},"type":"cond-expr","locations":[{"start":{"line":100,"column":43},"end":{"line":100,"column":49}},{"start":{"line":100,"column":52},"end":{"line":100,"column":56}}],"line":100},"9":{"loc":{"start":{"line":118,"column":8},"end":{"line":120,"column":9}},"type":"if","locations":[{"start":{"line":118,"column":8},"end":{"line":120,"column":9}},{"start":{},"end":{}}],"line":118},"10":{"loc":{"start":{"line":118,"column":12},"end":{"line":118,"column":54}},"type":"binary-expr","locations":[{"start":{"line":118,"column":12},"end":{"line":118,"column":21}},{"start":{"line":118,"column":25},"end":{"line":118,"column":54}}],"line":118},"11":{"loc":{"start":{"line":122,"column":8},"end":{"line":126,"column":9}},"type":"if","locations":[{"start":{"line":122,"column":8},"end":{"line":126,"column":9}},{"start":{},"end":{}}],"line":122},"12":{"loc":{"start":{"line":143,"column":8},"end":{"line":155,"column":9}},"type":"if","locations":[{"start":{"line":143,"column":8},"end":{"line":155,"column":9}},{"start":{"line":147,"column":13},"end":{"line":155,"column":9}}],"line":143},"13":{"loc":{"start":{"line":143,"column":12},"end":{"line":143,"column":58}},"type":"binary-expr","locations":[{"start":{"line":143,"column":12},"end":{"line":143,"column":35}},{"start":{"line":143,"column":39},"end":{"line":143,"column":58}}],"line":143},"14":{"loc":{"start":{"line":147,"column":13},"end":{"line":155,"column":9}},"type":"if","locations":[{"start":{"line":147,"column":13},"end":{"line":155,"column":9}},{"start":{"line":151,"column":13},"end":{"line":155,"column":9}}],"line":147},"15":{"loc":{"start":{"line":147,"column":17},"end":{"line":147,"column":60}},"type":"binary-expr","locations":[{"start":{"line":147,"column":17},"end":{"line":147,"column":29}},{"start":{"line":147,"column":33},"end":{"line":147,"column":60}}],"line":147},"16":{"loc":{"start":{"line":151,"column":13},"end":{"line":155,"column":9}},"type":"if","locations":[{"start":{"line":151,"column":13},"end":{"line":155,"column":9}},{"start":{},"end":{}}],"line":151},"17":{"loc":{"start":{"line":152,"column":18},"end":{"line":154,"column":58}},"type":"cond-expr","locations":[{"start":{"line":153,"column":18},"end":{"line":153,"column":31}},{"start":{"line":154,"column":18},"end":{"line":154,"column":58}}],"line":152},"18":{"loc":{"start":{"line":157,"column":8},"end":{"line":168,"column":9}},"type":"if","locations":[{"start":{"line":157,"column":8},"end":{"line":168,"column":9}},{"start":{},"end":{}}],"line":157},"19":{"loc":{"start":{"line":157,"column":12},"end":{"line":157,"column":36}},"type":"binary-expr","locations":[{"start":{"line":157,"column":12},"end":{"line":157,"column":16}},{"start":{"line":157,"column":20},"end":{"line":157,"column":36}}],"line":157},"20":{"loc":{"start":{"line":159,"column":12},"end":{"line":163,"column":13}},"type":"if","locations":[{"start":{"line":159,"column":12},"end":{"line":163,"column":13}},{"start":{},"end":{}}],"line":159}},"s":{"0":1,"1":1,"2":1,"3":1,"4":0,"5":0,"6":0,"7":0,"8":1,"9":2,"10":2,"11":2,"12":2,"13":0,"14":2,"15":1,"16":1,"17":1,"18":1,"19":1,"20":1,"21":0,"22":0,"23":0,"24":0,"25":0,"26":0,"27":0,"28":0,"29":0,"30":0,"31":0,"32":0,"33":1,"34":0,"35":0,"36":0,"37":0,"38":0,"39":0,"40":0,"41":0,"42":0,"43":0,"44":0,"45":0,"46":0,"47":0,"48":1,"49":0,"50":0,"51":0,"52":0,"53":0,"54":0,"55":0,"56":0,"57":0,"58":0,"59":0,"60":1,"61":0,"62":0,"63":0,"64":0,"65":0,"66":0,"67":0,"68":0,"69":0,"70":0,"71":0,"72":0,"73":0,"74":0,"75":0,"76":0,"77":0,"78":0,"79":0,"80":0,"81":0,"82":0,"83":0,"84":0,"85":0},"f":{"0":1,"1":0,"2":2,"3":0,"4":0,"5":0,"6":0,"7":0},"b":{"0":[0,2],"1":[2,1],"2":[1,1],"3":[0,0],"4":[0,0],"5":[0,0],"6":[0,0],"7":[0,0],"8":[0,0],"9":[0,0],"10":[0,0],"11":[0,0],"12":[0,0],"13":[0,0],"14":[0,0],"15":[0,0],"16":[0,0],"17":[0,0],"18":[0,0],"19":[0,0],"20":[0,0]},"_coverageSchema":"1a1c01bbd47fc00a2c39e90264f33305004495a9","hash":"09439f67bcf4fc1c6e86c5ed651bcc70a77f05f7"}
,"D:\\Programación\\Proyectos\\Facultad\\Tésis\\Proyecto-Back\\controllers\\productController.js": {"path":"D:\\Programación\\Proyectos\\Facultad\\Tésis\\Proyecto-Back\\controllers\\productController.js","statementMap":{"0":{"start":{"line":1,"column":23},"end":{"line":1,"column":60}},"1":{"start":{"line":4,"column":0},"end":{"line":25,"column":2}},"2":{"start":{"line":5,"column":2},"end":{"line":24,"column":3}},"3":{"start":{"line":6,"column":73},"end":{"line":6,"column":82}},"4":{"start":{"line":8,"column":19},"end":{"line":16,"column":6}},"5":{"start":{"line":18,"column":4},"end":{"line":21,"column":7}},"6":{"start":{"line":23,"column":4},"end":{"line":23,"column":16}},"7":{"start":{"line":28,"column":0},"end":{"line":35,"column":2}},"8":{"start":{"line":29,"column":2},"end":{"line":34,"column":3}},"9":{"start":{"line":30,"column":20},"end":{"line":30,"column":70}},"10":{"start":{"line":31,"column":4},"end":{"line":31,"column":59}},"11":{"start":{"line":33,"column":4},"end":{"line":33,"column":16}},"12":{"start":{"line":38,"column":0},"end":{"line":45,"column":2}},"13":{"start":{"line":39,"column":2},"end":{"line":44,"column":3}},"14":{"start":{"line":40,"column":20},"end":{"line":40,"column":64}},"15":{"start":{"line":41,"column":4},"end":{"line":41,"column":59}},"16":{"start":{"line":43,"column":4},"end":{"line":43,"column":16}},"17":{"start":{"line":48,"column":0},"end":{"line":55,"column":2}},"18":{"start":{"line":49,"column":2},"end":{"line":54,"column":3}},"19":{"start":{"line":50,"column":20},"end":{"line":50,"column":79}},"20":{"start":{"line":51,"column":4},"end":{"line":51,"column":59}},"21":{"start":{"line":53,"column":4},"end":{"line":53,"column":16}},"22":{"start":{"line":58,"column":0},"end":{"line":65,"column":2}},"23":{"start":{"line":59,"column":2},"end":{"line":64,"column":3}},"24":{"start":{"line":60,"column":4},"end":{"line":60,"column":54}},"25":{"start":{"line":61,"column":4},"end":{"line":61,"column":75}},"26":{"start":{"line":63,"column":4},"end":{"line":63,"column":16}},"27":{"start":{"line":68,"column":0},"end":{"line":103,"column":2}},"28":{"start":{"line":69,"column":2},"end":{"line":102,"column":3}},"29":{"start":{"line":70,"column":14},"end":{"line":70,"column":16}},"30":{"start":{"line":73,"column":4},"end":{"line":85,"column":5}},"31":{"start":{"line":74,"column":6},"end":{"line":74,"column":21}},"32":{"start":{"line":77,"column":9},"end":{"line":85,"column":5}},"33":{"start":{"line":78,"column":6},"end":{"line":78,"column":25}},"34":{"start":{"line":81,"column":9},"end":{"line":85,"column":5}},"35":{"start":{"line":82,"column":6},"end":{"line":84,"column":51}},"36":{"start":{"line":87,"column":4},"end":{"line":91,"column":5}},"37":{"start":{"line":88,"column":20},"end":{"line":88,"column":71}},"38":{"start":{"line":89,"column":6},"end":{"line":89,"column":29}},"39":{"start":{"line":90,"column":6},"end":{"line":90,"column":18}},"40":{"start":{"line":93,"column":19},"end":{"line":93,"column":59}},"41":{"start":{"line":95,"column":4},"end":{"line":99,"column":7}},"42":{"start":{"line":101,"column":4},"end":{"line":101,"column":16}}},"fnMap":{"0":{"name":"(anonymous_0)","decl":{"start":{"line":4,"column":22},"end":{"line":4,"column":23}},"loc":{"start":{"line":4,"column":48},"end":{"line":25,"column":1}},"line":4},"1":{"name":"(anonymous_1)","decl":{"start":{"line":28,"column":21},"end":{"line":28,"column":22}},"loc":{"start":{"line":28,"column":47},"end":{"line":35,"column":1}},"line":28},"2":{"name":"(anonymous_2)","decl":{"start":{"line":38,"column":24},"end":{"line":38,"column":25}},"loc":{"start":{"line":38,"column":50},"end":{"line":45,"column":1}},"line":38},"3":{"name":"(anonymous_3)","decl":{"start":{"line":48,"column":24},"end":{"line":48,"column":25}},"loc":{"start":{"line":48,"column":50},"end":{"line":55,"column":1}},"line":48},"4":{"name":"(anonymous_4)","decl":{"start":{"line":58,"column":24},"end":{"line":58,"column":25}},"loc":{"start":{"line":58,"column":50},"end":{"line":65,"column":1}},"line":58},"5":{"name":"(anonymous_5)","decl":{"start":{"line":68,"column":25},"end":{"line":68,"column":26}},"loc":{"start":{"line":68,"column":51},"end":{"line":103,"column":1}},"line":68}},"branchMap":{"0":{"loc":{"start":{"line":73,"column":4},"end":{"line":85,"column":5}},"type":"if","locations":[{"start":{"line":73,"column":4},"end":{"line":85,"column":5}},{"start":{"line":77,"column":9},"end":{"line":85,"column":5}}],"line":73},"1":{"loc":{"start":{"line":73,"column":8},"end":{"line":73,"column":54}},"type":"binary-expr","locations":[{"start":{"line":73,"column":8},"end":{"line":73,"column":31}},{"start":{"line":73,"column":35},"end":{"line":73,"column":54}}],"line":73},"2":{"loc":{"start":{"line":77,"column":9},"end":{"line":85,"column":5}},"type":"if","locations":[{"start":{"line":77,"column":9},"end":{"line":85,"column":5}},{"start":{"line":81,"column":9},"end":{"line":85,"column":5}}],"line":77},"3":{"loc":{"start":{"line":77,"column":13},"end":{"line":77,"column":56}},"type":"binary-expr","locations":[{"start":{"line":77,"column":13},"end":{"line":77,"column":25}},{"start":{"line":77,"column":29},"end":{"line":77,"column":56}}],"line":77},"4":{"loc":{"start":{"line":81,"column":9},"end":{"line":85,"column":5}},"type":"if","locations":[{"start":{"line":81,"column":9},"end":{"line":85,"column":5}},{"start":{},"end":{}}],"line":81},"5":{"loc":{"start":{"line":82,"column":12},"end":{"line":84,"column":50}},"type":"cond-expr","locations":[{"start":{"line":83,"column":10},"end":{"line":83,"column":23}},{"start":{"line":84,"column":10},"end":{"line":84,"column":50}}],"line":82},"6":{"loc":{"start":{"line":87,"column":4},"end":{"line":91,"column":5}},"type":"if","locations":[{"start":{"line":87,"column":4},"end":{"line":91,"column":5}},{"start":{},"end":{}}],"line":87},"7":{"loc":{"start":{"line":87,"column":8},"end":{"line":87,"column":32}},"type":"binary-expr","locations":[{"start":{"line":87,"column":8},"end":{"line":87,"column":12}},{"start":{"line":87,"column":16},"end":{"line":87,"column":32}}],"line":87}},"s":{"0":0,"1":0,"2":0,"3":0,"4":0,"5":0,"6":0,"7":0,"8":0,"9":0,"10":0,"11":0,"12":0,"13":0,"14":0,"15":0,"16":0,"17":0,"18":0,"19":0,"20":0,"21":0,"22":0,"23":0,"24":0,"25":0,"26":0,"27":0,"28":0,"29":0,"30":0,"31":0,"32":0,"33":0,"34":0,"35":0,"36":0,"37":0,"38":0,"39":0,"40":0,"41":0,"42":0},"f":{"0":0,"1":0,"2":0,"3":0,"4":0,"5":0},"b":{"0":[0,0],"1":[0,0],"2":[0,0],"3":[0,0],"4":[0,0],"5":[0,0],"6":[0,0],"7":[0,0]}}
,"D:\\Programación\\Proyectos\\Facultad\\Tésis\\Proyecto-Back\\controllers\\userController.js": {"path":"D:\\Programación\\Proyectos\\Facultad\\Tésis\\Proyecto-Back\\controllers\\userController.js","statementMap":{"0":{"start":{"line":1,"column":13},"end":{"line":1,"column":38}},"1":{"start":{"line":4,"column":0},"end":{"line":16,"column":2}},"2":{"start":{"line":5,"column":2},"end":{"line":15,"column":3}},"3":{"start":{"line":6,"column":18},"end":{"line":6,"column":55}},"4":{"start":{"line":7,"column":4},"end":{"line":11,"column":7}},"5":{"start":{"line":13,"column":4},"end":{"line":13,"column":55}},"6":{"start":{"line":14,"column":4},"end":{"line":14,"column":89}},"7":{"start":{"line":19,"column":0},"end":{"line":40,"column":2}},"8":{"start":{"line":20,"column":2},"end":{"line":39,"column":3}},"9":{"start":{"line":21,"column":17},"end":{"line":21,"column":71}},"10":{"start":{"line":23,"column":4},"end":{"line":28,"column":5}},"11":{"start":{"line":24,"column":6},"end":{"line":27,"column":9}},"12":{"start":{"line":30,"column":4},"end":{"line":33,"column":7}},"13":{"start":{"line":35,"column":4},"end":{"line":38,"column":7}},"14":{"start":{"line":43,"column":0},"end":{"line":81,"column":2}},"15":{"start":{"line":44,"column":2},"end":{"line":80,"column":3}},"16":{"start":{"line":45,"column":44},"end":{"line":45,"column":52}},"17":{"start":{"line":47,"column":17},"end":{"line":47,"column":51}},"18":{"start":{"line":49,"column":4},"end":{"line":54,"column":5}},"19":{"start":{"line":50,"column":6},"end":{"line":53,"column":9}},"20":{"start":{"line":56,"column":4},"end":{"line":56,"column":34}},"21":{"start":{"line":57,"column":4},"end":{"line":57,"column":37}},"22":{"start":{"line":58,"column":4},"end":{"line":58,"column":37}},"23":{"start":{"line":59,"column":4},"end":{"line":59,"column":43}},"24":{"start":{"line":61,"column":24},"end":{"line":61,"column":41}},"25":{"start":{"line":63,"column":4},"end":{"line":74,"column":7}},"26":{"start":{"line":76,"column":4},"end":{"line":79,"column":7}},"27":{"start":{"line":84,"column":0},"end":{"line":105,"column":2}},"28":{"start":{"line":85,"column":2},"end":{"line":104,"column":3}},"29":{"start":{"line":86,"column":17},"end":{"line":86,"column":60}},"30":{"start":{"line":88,"column":4},"end":{"line":93,"column":5}},"31":{"start":{"line":89,"column":6},"end":{"line":92,"column":9}},"32":{"start":{"line":95,"column":4},"end":{"line":98,"column":7}},"33":{"start":{"line":100,"column":4},"end":{"line":103,"column":7}}},"fnMap":{"0":{"name":"(anonymous_0)","decl":{"start":{"line":4,"column":22},"end":{"line":4,"column":23}},"loc":{"start":{"line":4,"column":42},"end":{"line":16,"column":1}},"line":4},"1":{"name":"(anonymous_1)","decl":{"start":{"line":19,"column":18},"end":{"line":19,"column":19}},"loc":{"start":{"line":19,"column":38},"end":{"line":40,"column":1}},"line":19},"2":{"name":"(anonymous_2)","decl":{"start":{"line":43,"column":21},"end":{"line":43,"column":22}},"loc":{"start":{"line":43,"column":41},"end":{"line":81,"column":1}},"line":43},"3":{"name":"(anonymous_3)","decl":{"start":{"line":84,"column":21},"end":{"line":84,"column":22}},"loc":{"start":{"line":84,"column":41},"end":{"line":105,"column":1}},"line":84}},"branchMap":{"0":{"loc":{"start":{"line":23,"column":4},"end":{"line":28,"column":5}},"type":"if","locations":[{"start":{"line":23,"column":4},"end":{"line":28,"column":5}},{"start":{},"end":{}}],"line":23},"1":{"loc":{"start":{"line":49,"column":4},"end":{"line":54,"column":5}},"type":"if","locations":[{"start":{"line":49,"column":4},"end":{"line":54,"column":5}},{"start":{},"end":{}}],"line":49},"2":{"loc":{"start":{"line":56,"column":16},"end":{"line":56,"column":33}},"type":"binary-expr","locations":[{"start":{"line":56,"column":16},"end":{"line":56,"column":20}},{"start":{"line":56,"column":24},"end":{"line":56,"column":33}}],"line":56},"3":{"loc":{"start":{"line":57,"column":17},"end":{"line":57,"column":36}},"type":"binary-expr","locations":[{"start":{"line":57,"column":17},"end":{"line":57,"column":22}},{"start":{"line":57,"column":26},"end":{"line":57,"column":36}}],"line":57},"4":{"loc":{"start":{"line":58,"column":17},"end":{"line":58,"column":36}},"type":"binary-expr","locations":[{"start":{"line":58,"column":17},"end":{"line":58,"column":22}},{"start":{"line":58,"column":26},"end":{"line":58,"column":36}}],"line":58},"5":{"loc":{"start":{"line":59,"column":19},"end":{"line":59,"column":42}},"type":"binary-expr","locations":[{"start":{"line":59,"column":19},"end":{"line":59,"column":26}},{"start":{"line":59,"column":30},"end":{"line":59,"column":42}}],"line":59},"6":{"loc":{"start":{"line":88,"column":4},"end":{"line":93,"column":5}},"type":"if","locations":[{"start":{"line":88,"column":4},"end":{"line":93,"column":5}},{"start":{},"end":{}}],"line":88}},"s":{"0":0,"1":0,"2":0,"3":0,"4":0,"5":0,"6":0,"7":0,"8":0,"9":0,"10":0,"11":0,"12":0,"13":0,"14":0,"15":0,"16":0,"17":0,"18":0,"19":0,"20":0,"21":0,"22":0,"23":0,"24":0,"25":0,"26":0,"27":0,"28":0,"29":0,"30":0,"31":0,"32":0,"33":0},"f":{"0":0,"1":0,"2":0,"3":0},"b":{"0":[0,0],"1":[0,0],"2":[0,0],"3":[0,0],"4":[0,0],"5":[0,0],"6":[0,0]}}
,"D:\\Programación\\Proyectos\\Facultad\\Tésis\\Proyecto-Back\\controllers\\wishlistController.js": {"path":"D:\\Programación\\Proyectos\\Facultad\\Tésis\\Proyecto-Back\\controllers\\wishlistController.js","statementMap":{"0":{"start":{"line":1,"column":17},"end":{"line":1,"column":46}},"1":{"start":{"line":2,"column":23},"end":{"line":2,"column":60}},"2":{"start":{"line":4,"column":0},"end":{"line":23,"column":2}},"3":{"start":{"line":5,"column":2},"end":{"line":22,"column":87}},"4":{"start":{"line":6,"column":19},"end":{"line":13,"column":8}},"5":{"start":{"line":15,"column":4},"end":{"line":15,"column":68}},"6":{"start":{"line":15,"column":19},"end":{"line":15,"column":68}},"7":{"start":{"line":17,"column":22},"end":{"line":19,"column":64}},"8":{"start":{"line":18,"column":22},"end":{"line":18,"column":37}},"9":{"start":{"line":19,"column":19},"end":{"line":19,"column":63}},"10":{"start":{"line":21,"column":4},"end":{"line":21,"column":53}},"11":{"start":{"line":22,"column":20},"end":{"line":22,"column":85}},"12":{"start":{"line":25,"column":0},"end":{"line":39,"column":2}},"13":{"start":{"line":26,"column":2},"end":{"line":38,"column":87}},"14":{"start":{"line":27,"column":34},"end":{"line":27,"column":42}},"15":{"start":{"line":28,"column":19},"end":{"line":28,"column":64}},"16":{"start":{"line":29,"column":4},"end":{"line":36,"column":5}},"17":{"start":{"line":30,"column":6},"end":{"line":30,"column":102}},"18":{"start":{"line":32,"column":18},"end":{"line":32,"column":90}},"19":{"start":{"line":32,"column":52},"end":{"line":32,"column":89}},"20":{"start":{"line":33,"column":6},"end":{"line":34,"column":62}},"21":{"start":{"line":33,"column":20},"end":{"line":33,"column":54}},"22":{"start":{"line":34,"column":11},"end":{"line":34,"column":62}},"23":{"start":{"line":35,"column":6},"end":{"line":35,"column":28}},"24":{"start":{"line":37,"column":4},"end":{"line":37,"column":32}},"25":{"start":{"line":38,"column":20},"end":{"line":38,"column":85}}},"fnMap":{"0":{"name":"(anonymous_0)","decl":{"start":{"line":4,"column":22},"end":{"line":4,"column":23}},"loc":{"start":{"line":4,"column":42},"end":{"line":23,"column":1}},"line":4},"1":{"name":"(anonymous_1)","decl":{"start":{"line":18,"column":14},"end":{"line":18,"column":15}},"loc":{"start":{"line":18,"column":22},"end":{"line":18,"column":37}},"line":18},"2":{"name":"(anonymous_2)","decl":{"start":{"line":19,"column":11},"end":{"line":19,"column":12}},"loc":{"start":{"line":19,"column":19},"end":{"line":19,"column":63}},"line":19},"3":{"name":"(anonymous_3)","decl":{"start":{"line":25,"column":25},"end":{"line":25,"column":26}},"loc":{"start":{"line":25,"column":45},"end":{"line":39,"column":1}},"line":25},"4":{"name":"(anonymous_4)","decl":{"start":{"line":32,"column":47},"end":{"line":32,"column":48}},"loc":{"start":{"line":32,"column":52},"end":{"line":32,"column":89}},"line":32}},"branchMap":{"0":{"loc":{"start":{"line":15,"column":4},"end":{"line":15,"column":68}},"type":"if","locations":[{"start":{"line":15,"column":4},"end":{"line":15,"column":68}},{"start":{},"end":{}}],"line":15},"1":{"loc":{"start":{"line":29,"column":4},"end":{"line":36,"column":5}},"type":"if","locations":[{"start":{"line":29,"column":4},"end":{"line":36,"column":5}},{"start":{"line":31,"column":11},"end":{"line":36,"column":5}}],"line":29},"2":{"loc":{"start":{"line":33,"column":6},"end":{"line":34,"column":62}},"type":"if","locations":[{"start":{"line":33,"column":6},"end":{"line":34,"column":62}},{"start":{"line":34,"column":11},"end":{"line":34,"column":62}}],"line":33}},"s":{"0":0,"1":0,"2":0,"3":0,"4":0,"5":0,"6":0,"7":0,"8":0,"9":0,"10":0,"11":0,"12":0,"13":0,"14":0,"15":0,"16":0,"17":0,"18":0,"19":0,"20":0,"21":0,"22":0,"23":0,"24":0,"25":0},"f":{"0":0,"1":0,"2":0,"3":0,"4":0},"b":{"0":[0,0],"1":[0,0],"2":[0,0]}}
,"D:\\Programación\\Proyectos\\Facultad\\Tésis\\Proyecto-Back\\services\\authService.js": {"path":"D:\\Programación\\Proyectos\\Facultad\\Tésis\\Proyecto-Back\\services\\authService.js","statementMap":{"0":{"start":{"line":1,"column":13},"end":{"line":1,"column":38}},"1":{"start":{"line":2,"column":12},"end":{"line":2,"column":35}},"2":{"start":{"line":3,"column":15},"end":{"line":3,"column":34}},"3":{"start":{"line":8,"column":4},"end":{"line":10,"column":7}},"4":{"start":{"line":14,"column":38},"end":{"line":14,"column":46}},"5":{"start":{"line":16,"column":23},"end":{"line":16,"column":52}},"6":{"start":{"line":17,"column":4},"end":{"line":19,"column":5}},"7":{"start":{"line":18,"column":6},"end":{"line":18,"column":48}},"8":{"start":{"line":22,"column":17},"end":{"line":22,"column":41}},"9":{"start":{"line":23,"column":27},"end":{"line":23,"column":60}},"10":{"start":{"line":25,"column":17},"end":{"line":29,"column":6}},"11":{"start":{"line":31,"column":4},"end":{"line":31,"column":16}},"12":{"start":{"line":35,"column":17},"end":{"line":35,"column":66}},"13":{"start":{"line":36,"column":4},"end":{"line":38,"column":5}},"14":{"start":{"line":37,"column":6},"end":{"line":37,"column":48}},"15":{"start":{"line":39,"column":4},"end":{"line":39,"column":16}},"16":{"start":{"line":43,"column":0},"end":{"line":43,"column":35}}},"fnMap":{"0":{"name":"(anonymous_0)","decl":{"start":{"line":7,"column":2},"end":{"line":7,"column":3}},"loc":{"start":{"line":7,"column":20},"end":{"line":11,"column":3}},"line":7},"1":{"name":"(anonymous_1)","decl":{"start":{"line":13,"column":2},"end":{"line":13,"column":3}},"loc":{"start":{"line":13,"column":27},"end":{"line":32,"column":3}},"line":13},"2":{"name":"(anonymous_2)","decl":{"start":{"line":34,"column":2},"end":{"line":34,"column":3}},"loc":{"start":{"line":34,"column":31},"end":{"line":40,"column":3}},"line":34}},"branchMap":{"0":{"loc":{"start":{"line":8,"column":28},"end":{"line":8,"column":71}},"type":"binary-expr","locations":[{"start":{"line":8,"column":28},"end":{"line":8,"column":50}},{"start":{"line":8,"column":54},"end":{"line":8,"column":71}}],"line":8},"1":{"loc":{"start":{"line":9,"column":17},"end":{"line":9,"column":48}},"type":"binary-expr","locations":[{"start":{"line":9,"column":17},"end":{"line":9,"column":39}},{"start":{"line":9,"column":43},"end":{"line":9,"column":48}}],"line":9},"2":{"loc":{"start":{"line":17,"column":4},"end":{"line":19,"column":5}},"type":"if","locations":[{"start":{"line":17,"column":4},"end":{"line":19,"column":5}},{"start":{},"end":{}}],"line":17},"3":{"loc":{"start":{"line":36,"column":4},"end":{"line":38,"column":5}},"type":"if","locations":[{"start":{"line":36,"column":4},"end":{"line":38,"column":5}},{"start":{},"end":{}}],"line":36}},"s":{"0":0,"1":0,"2":0,"3":0,"4":0,"5":0,"6":0,"7":0,"8":0,"9":0,"10":0,"11":0,"12":0,"13":0,"14":0,"15":0,"16":0},"f":{"0":0,"1":0,"2":0},"b":{"0":[0,0],"1":[0,0],"2":[0,0],"3":[0,0]}}
[...]
ne":149,"column":33}},{"start":{"line":149,"column":37},"end":{"line":149,"column":53}}],"line":149},"11":{"loc":{"start":{"line":150,"column":17},"end":{"line":150,"column":41}},"type":"binary-expr","locations":[{"start":{"line":150,"column":17},"end":{"line":150,"column":27}},{"start":{"line":150,"column":31},"end":{"line":150,"column":41}}],"line":150},"12":{"loc":{"start":{"line":152,"column":4},"end":{"line":152,"column":57}},"type":"if","locations":[{"start":{"line":152,"column":4},"end":{"line":152,"column":57}},{"start":{},"end":{}}],"line":152},"13":{"loc":{"start":{"line":153,"column":4},"end":{"line":153,"column":55}},"type":"if","locations":[{"start":{"line":153,"column":4},"end":{"line":153,"column":55}},{"start":{},"end":{}}],"line":153},"14":{"loc":{"start":{"line":156,"column":4},"end":{"line":168,"column":5}},"type":"if","locations":[{"start":{"line":156,"column":4},"end":{"line":168,"column":5}},{"start":{},"end":{}}],"line":156},"15":{"loc":{"start":{"line":156,"column":8},"end":{"line":156,"column":60}},"type":"binary-expr","locations":[{"start":{"line":156,"column":8},"end":{"line":156,"column":46}},{"start":{"line":156,"column":50},"end":{"line":156,"column":60}}],"line":156},"16":{"loc":{"start":{"line":161,"column":8},"end":{"line":161,"column":31}},"type":"if","locations":[{"start":{"line":161,"column":8},"end":{"line":161,"column":31}},{"start":{},"end":{}}],"line":161},"17":{"loc":{"start":{"line":162,"column":8},"end":{"line":162,"column":31}},"type":"if","locations":[{"start":{"line":162,"column":8},"end":{"line":162,"column":31}},{"start":{},"end":{}}],"line":162},"18":{"loc":{"start":{"line":167,"column":6},"end":{"line":167,"column":91}},"type":"if","locations":[{"start":{"line":167,"column":6},"end":{"line":167,"column":91}},{"start":{},"end":{}}],"line":167},"19":{"loc":{"start":{"line":174,"column":4},"end":{"line":174,"column":60}},"type":"if","locations":[{"start":{"line":174,"column":4},"end":{"line":174,"column":60}},{"start":{},"end":{}}],"line":174},"20":{"loc":{"start":{"line":179,"column":4},"end":{"line":179,"column":55}},"type":"if","locations":[{"start":{"line":179,"column":4},"end":{"line":179,"column":55}},{"start":{},"end":{}}],"line":179},"21":{"loc":{"start":{"line":180,"column":4},"end":{"line":180,"column":64}},"type":"if","locations":[{"start":{"line":180,"column":4},"end":{"line":180,"column":64}},{"start":{},"end":{}}],"line":180},"22":{"loc":{"start":{"line":182,"column":4},"end":{"line":205,"column":5}},"type":"if","locations":[{"start":{"line":182,"column":4},"end":{"line":205,"column":5}},{"start":{},"end":{}}],"line":182},"23":{"loc":{"start":{"line":191,"column":8},"end":{"line":201,"column":9}},"type":"if","locations":[{"start":{"line":191,"column":8},"end":{"line":201,"column":9}},{"start":{},"end":{}}],"line":191},"24":{"loc":{"start":{"line":191,"column":12},"end":{"line":191,"column":59}},"type":"binary-expr","locations":[{"start":{"line":191,"column":12},"end":{"line":191,"column":24}},{"start":{"line":191,"column":28},"end":{"line":191,"column":59}}],"line":191},"25":{"loc":{"start":{"line":198,"column":12},"end":{"line":199,"column":84}},"type":"if","locations":[{"start":{"line":198,"column":12},"end":{"line":199,"column":84}},{"start":{"line":199,"column":17},"end":{"line":199,"column":84}}],"line":198}},"s":{"0":0,"1":0,"2":0,"3":0,"4":0,"5":0,"6":0,"7":0,"8":0,"9":0,"10":0,"11":0,"12":0,"13":0,"14":0,"15":0,"16":0,"17":0,"18":0,"19":0,"20":0,"21":0,"22":0,"23":0,"24":0,"25":0,"26":0,"27":0,"28":0,"29":0,"30":0,"31":0,"32":0,"33":0,"34":0,"35":0,"36":0,"37":0,"38":0,"39":0,"40":0,"41":0,"42":0,"43":0,"44":0,"45":0,"46":0,"47":0,"48":0,"49":0,"50":0,"51":0,"52":0,"53":0,"54":0,"55":0,"56":0,"57":0,"58":0,"59":0,"60":0,"61":0,"62":0,"63":0,"64":0,"65":0,"66":0,"67":0,"68":0,"69":0,"70":0,"71":0,"72":0,"73":0,"74":0,"75":0,"76":0,"77":0,"78":0,"79":0,"80":0,"81":0,"82":0,"83":0,"84":0,"85":0,"86":0,"87":0,"88":0,"89":0,"90":0,"91":0,"92":0,"93":0,"94":0,"95":0,"96":0,"97":0,"98":0,"99":0,"100":0,"101":0,"102":0},"f":{"0":0,"1":0,"2":0,"3":0,"4":0,"5":0,"6":0,"7":0},"b":{"0":[0,0],"1":[0,0],"2":[0,0],"3":[0,0],"4":[0,0],"5":[0,0],"6":[0,0],"7":[0,0],"8":[0,0],"9":[0,0],"10":[0,0],"11":[0,0],"12":[0,0],"13":[0,0],"14":[0,0],"15":[0,0],"16":[0,0],"17":[0,0],"18":[0,0],"19":[0,0],"20":[0,0],"21":[0,0],"22":[0,0],"23":[0,0],"24":[0,0],"25":[0,0]}}
,"D:\\Programación\\Proyectos\\Facultad\\Tésis\\Proyecto-Back\\services\\productService.js": {"path":"D:\\Programación\\Proyectos\\Facultad\\Tésis\\Proyecto-Back\\services\\productService.js","statementMap":{"0":{"start":{"line":1,"column":16},"end":{"line":1,"column":44}},"1":{"start":{"line":2,"column":17},"end":{"line":2,"column":46}},"2":{"start":{"line":3,"column":14},"end":{"line":3,"column":40}},"3":{"start":{"line":4,"column":43},"end":{"line":4,"column":72}},"4":{"start":{"line":8,"column":22},"end":{"line":42,"column":1}},"5":{"start":{"line":9,"column":4},"end":{"line":9,"column":33}},"6":{"start":{"line":9,"column":21},"end":{"line":9,"column":33}},"7":{"start":{"line":11,"column":14},"end":{"line":11,"column":70}},"8":{"start":{"line":13,"column":4},"end":{"line":41,"column":6}},"9":{"start":{"line":45,"column":0},"end":{"line":45,"column":37}},"10":{"start":{"line":48,"column":19},"end":{"line":70,"column":1}},"11":{"start":{"line":49,"column":22},"end":{"line":49,"column":33}},"12":{"start":{"line":52,"column":4},"end":{"line":52,"column":62}},"13":{"start":{"line":52,"column":33},"end":{"line":52,"column":62}},"14":{"start":{"line":53,"column":4},"end":{"line":53,"column":81}},"15":{"start":{"line":53,"column":40},"end":{"line":53,"column":81}},"16":{"start":{"line":54,"column":4},"end":{"line":54,"column":64}},"17":{"start":{"line":54,"column":34},"end":{"line":54,"column":64}},"18":{"start":{"line":55,"column":4},"end":{"line":55,"column":76}},"19":{"start":{"line":55,"column":37},"end":{"line":55,"column":76}},"20":{"start":{"line":56,"column":4},"end":{"line":56,"column":66}},"21":{"start":{"line":56,"column":34},"end":{"line":56,"column":66}},"22":{"start":{"line":57,"column":4},"end":{"line":60,"column":5}},"23":{"start":{"line":59,"column":8},"end":{"line":59,"column":73}},"24":{"start":{"line":61,"column":4},"end":{"line":61,"column":86}},"25":{"start":{"line":61,"column":40},"end":{"line":61,"column":86}},"26":{"start":{"line":62,"column":4},"end":{"line":62,"column":79}},"27":{"start":{"line":62,"column":38},"end":{"line":62,"column":79}},"28":{"start":{"line":63,"column":4},"end":{"line":63,"column":71}},"29":{"start":{"line":63,"column":36},"end":{"line":63,"column":71}},"30":{"start":{"line":64,"column":4},"end":{"line":64,"column":78}},"31":{"start":{"line":64,"column":39},"end":{"line":64,"column":78}},"32":{"start":{"line":65,"column":4},"end":{"line":65,"column":72}},"33":{"start":{"line":65,"column":35},"end":{"line":65,"column":72}},"34":{"start":{"line":66,"column":4},"end":{"line":66,"column":63}},"35":{"start":{"line":66,"column":34},"end":{"line":66,"column":63}},"36":{"start":{"line":67,"column":4},"end":{"line":67,"column":66}},"37":{"start":{"line":67,"column":35},"end":{"line":67,"column":66}},"38":{"start":{"line":69,"column":4},"end":{"line":69,"column":21}},"39":{"start":{"line":74,"column":0},"end":{"line":116,"column":2}},"40":{"start":{"line":75,"column":82},"end":{"line":75,"column":87}},"41":{"start":{"line":76,"column":19},"end":{"line":76,"column":35}},"42":{"start":{"line":78,"column":4},"end":{"line":80,"column":5}},"43":{"start":{"line":79,"column":8},"end":{"line":79,"column":43}},"44":{"start":{"line":83,"column":4},"end":{"line":83,"column":49}},"45":{"start":{"line":83,"column":18},"end":{"line":83,"column":49}},"46":{"start":{"line":84,"column":4},"end":{"line":84,"column":39}},"47":{"start":{"line":84,"column":15},"end":{"line":84,"column":39}},"48":{"start":{"line":86,"column":4},"end":{"line":90,"column":5}},"49":{"start":{"line":87,"column":8},"end":{"line":87,"column":27}},"50":{"start":{"line":88,"column":8},"end":{"line":88,"column":60}},"51":{"start":{"line":88,"column":22},"end":{"line":88,"column":60}},"52":{"start":{"line":89,"column":8},"end":{"line":89,"column":60}},"53":{"start":{"line":89,"column":22},"end":{"line":89,"column":60}},"54":{"start":{"line":93,"column":20},"end":{"line":93,"column":45}},"55":{"start":{"line":94,"column":21},"end":{"line":94,"column":47}},"56":{"start":{"line":97,"column":21},"end":{"line":103,"column":15}},"57":{"start":{"line":105,"column":18},"end":{"line":105,"column":54}},"58":{"start":{"line":107,"column":4},"end":{"line":115,"column":6}},"59":{"start":{"line":118,"column":0},"end":{"line":130,"column":2}},"60":{"start":{"line":119,"column":20},"end":{"line":122,"column":15}},"61":{"start":{"line":124,"column":4},"end":{"line":128,"column":5}},"62":{"start":{"line":125,"column":22},"end":{"line":125,"column":57}},"63":{"start":{"line":126,"column":8},"end":{"line":126,"column":31}},"64":{"start":{"line":127,"column":8},"end":{"line":127,"column":20}},"65":{"start":{"line":129,"column":4},"end":{"line":129,"column":34}},"66":{"start":{"line":132,"column":0},"end":{"line":142,"column":2}},"67":{"start":{"line":133,"column":22},"end":{"line":133,"column":38}},"68":{"start":{"line":134,"column":20},"end":{"line":134,"column":51}},"69":{"start":{"line":137,"column":29},"end":{"line":139,"column":29}},"70":{"start":{"line":141,"column":4},"end":{"line":141,"column":43}},"71":{"start":{"line":144,"column":0},"end":{"line":152,"column":2}},"72":{"start":{"line":145,"column":22},"end":{"line":145,"column":38}},"73":{"start":{"line":146,"column":20},"end":{"line":148,"column":29}},"74":{"start":{"line":150,"column":4},"end":{"line":150,"column":53}},"75":{"start":{"line":150,"column":18},"end":{"line":150,"column":53}},"76":{"start":{"line":151,"column":4},"end":{"line":151,"column":34}},"77":{"start":{"line":154,"column":0},"end":{"line":158,"column":2}},"78":{"start":{"line":155,"column":20},"end":{"line":155,"column":89}},"79":{"start":{"line":156,"column":4},"end":{"line":156,"column":53}},"80":{"start":{"line":156,"column":18},"end":{"line":156,"column":53}},"81":{"start":{"line":157,"column":4},"end":{"line":157,"column":16}},"82":{"start":{"line":160,"column":0},"end":{"line":166,"column":2}},"83":{"start":{"line":161,"column":19},"end":{"line":164,"column":5}},"84":{"start":{"line":165,"column":4},"end":{"line":165,"column":18}}},"fnMap":{"0":{"name":"(anonymous_0)","decl":{"start":{"line":8,"column":22},"end":{"line":8,"column":23}},"loc":{"start":{"line":8,"column":38},"end":{"line":42,"column":1}},"line":8},"1":{"name":"(anonymous_1)","decl":{"start":{"line":48,"column":19},"end":{"line":48,"column":20}},"loc":{"start":{"line":48,"column":29},"end":{"line":70,"column":1}},"line":48},"2":{"name":"(anonymous_2)","decl":{"start":{"line":74,"column":22},"end":{"line":74,"column":23}},"loc":{"start":{"line":74,"column":44},"end":{"line":116,"column":1}},"line":74},"3":{"name":"(anonymous_3)","decl":{"start":{"line":118,"column":25},"end":{"line":118,"column":26}},"loc":{"start":{"line":118,"column":39},"end":{"line":130,"column":1}},"line":118},"4":{"name":"(anonymous_4)","decl":{"start":{"line":132,"column":24},"end":{"line":132,"column":25}},"loc":{"start":{"line":132,"column":40},"end":{"line":142,"column":1}},"line":132},"5":{"name":"(anonymous_5)","decl":{"start":{"line":144,"column":24},"end":{"line":144,"column":25}},"loc":{"start":{"line":144,"column":44},"end":{"line":152,"column":1}},"line":144},"6":{"name":"(anonymous_6)","decl":{"start":{"line":154,"column":24},"end":{"line":154,"column":25}},"loc":{"start":{"line":154,"column":38},"end":{"line":158,"column":1}},"line":154},"7":{"name":"(anonymous_7)","decl":{"start":{"line":160,"column":25},"end":{"line":160,"column":26}},"loc":{"start":{"line":160,"column":40},"end":{"line":166,"column":1}},"line":160}},"branchMap":{"0":{"loc":{"start":{"line":9,"column":4},"end":{"line":9,"column":33}},"type":"if","locations":[{"start":{"line":9,"column":4},"end":{"line":9,"column":33}},{"start":{},"end":{}}],"line":9},"1":{"loc":{"start":{"line":11,"column":14},"end":{"line":11,"column":70}},"type":"cond-expr","locations":[{"start":{"line":11,"column":36},"end":{"line":11,"column":57}},{"start":{"line":11,"column":60},"end":{"line":11,"column":70}}],"line":11},"2":{"loc":{"start":{"line":19,"column":18},"end":{"line":24,"column":51}},"type":"cond-expr","locations":[{"start":{"line":19,"column":34},"end":{"line":24,"column":9}},{"start":{"line":24,"column":12},"end":{"line":24,"column":51}}],"line":19},"3":{"loc":{"start":{"line":26,"column":15},"end":{"line":31,"column":47}},"type":"cond-expr","locations":[{"start":{"line":26,"column":28},"end":{"line":31,"column":9}},{"start":{"line":31,"column":12},"end":{"line":31,"column":47}}],"line":26},"4":{"loc":{"start":{"line":33,"column":14},"end":{"line":33,"column":58}},"type":"cond-expr","locations":[{"start":{"line":33,"column":36},"end":{"line":33,"column":46}},{"start":{"line":33,"column":49},"end":{"line":33,"column":58}}],"line":33},"5":{"loc":{"start":{"line":36,"column":17},"end":{"line":36,"column":45}},"type":"binary-expr","locations":[{"start":{"line":36,"column":17},"end":{"line":36,"column":28}},{"start":{"line":36,"column":32},"end":{"line":36,"column":45}}],"line":36},"6":{"loc":{"start":{"line":37,"column":20},"end":{"line":37,"column":38}},"type":"binary-expr","locations":[{"start":{"line":37,"column":20},"end":{"line":37,"column":32}},{"start":{"line":37,"column":36},"end":{"line":37,"column":38}}],"line":37},"7":{"loc":{"start":{"line":52,"column":4},"end":{"line":52,"column":62}},"type":"if","locations":[{"start":{"line":52,"column":4},"end":{"line":52,"column":62}},{"start":{},"end":{}}],"line":52},"8":{"loc":{"start":{"line":53,"column":4},"end":{"line":53,"column":81}},"type":"if","locations":[{"start":{"line":53,"column":4},"end":{"line":53,"column":81}},{"start":{},"end":{}}],"line":53},"9":{"loc":{"start":{"line":54,"column":4},"end":{"line":54,"column":64}},"type":"if","locations":[{"start":{"line":54,"column":4},"end":{"line":54,"column":64}},{"start":{},"end":{}}],"line":54},"10":{"loc":{"start":{"line":55,"column":4},"end":{"line":55,"column":76}},"type":"if","locations":[{"start":{"line":55,"column":4},"end":{"line":55,"column":76}},{"start":{},"end":{}}],"line":55},"11":{"loc":{"start":{"line":56,"column":4},"end":{"line":56,"column":66}},"type":"if","locations":[{"start":{"line":56,"column":4},"end":{"line":56,"column":66}},{"start":{},"end":{}}],"line":56},"12":{"loc":{"start":{"line":57,"column":4},"end":{"line":60,"column":5}},"type":"if","locations":[{"start":{"line":57,"column":4},"end":{"line":60,"column":5}},{"start":{},"end":{}}],"line":57},"13":{"loc":{"start":{"line":59,"column":25},"end":{"line":59,"column":72}},"type":"cond-expr","locations":[{"start":{"line":59,"column":52},"end":{"line":59,"column":60}},{"start":{"line":59,"column":63},"end":{"line":59,"column":72}}],"line":59},"14":{"loc":{"start":{"line":61,"column":4},"end":{"line":61,"column":86}},"type":"if","locations":[{"start":{"line":61,"column":4},"end":{"line":61,"column":86}},{"start":{},"end":{}}],"line":61},"15":{"loc":{"start":{"line":62,"column":4},"end":{"line":62,"column":79}},"type":"if","locations":[{"start":{"line":62,"column":4},"end":{"line":62,"column":79}},{"start":{},"end":{}}],"line":62},"16":{"loc":{"start":{"line":63,"column":4},"end":{"line":63,"column":71}},"type":"if","locations":[{"start":{"line":63,"column":4},"end":{"line":63,"column":71}},{"start":{},"end":{}}],"line":63},"17":{"loc":{"start":{"line":64,"column":4},"end":{"line":64,"column":78}},"type":"if","locations":[{"start":{"line":64,"column":4},"end":{"line":64,"column":78}},{"start":{},"end":{}}],"line":64},"18":{"loc":{"start":{"line":65,"column":4},"end":{"line":65,"column":72}},"type":"if","locations":[{"start":{"line":65,"column":4},"end":{"line":65,"column":72}},{"start":{},"end":{}}],"line":65},"19":{"loc":{"start":{"line":66,"column":4},"end":{"line":66,"column":63}},"type":"if","locations":[{"start":{"line":66,"column":4},"end":{"line":66,"column":63}},{"start":{},"end":{}}],"line":66},"20":{"loc":{"start":{"line":67,"column":4},"end":{"line":67,"column":66}},"type":"if","locations":[{"start":{"line":67,"column":4},"end":{"line":67,"column":66}},{"start":{},"end":{}}],"line":67},"21":{"loc":{"start":{"line":74,"column":29},"end":{"line":74,"column":39}},"type":"default-arg","locations":[{"start":{"line":74,"column":37},"end":{"line":74,"column":39}}],"line":74},"22":{"loc":{"start":{"line":75,"column":57},"end":{"line":75,"column":65}},"type":"default-arg","locations":[{"start":{"line":75,"column":64},"end":{"line":75,"column":65}}],"line":75},"23":{"loc":{"start":{"line":75,"column":67},"end":{"line":75,"column":77}},"type":"default-arg","locations":[{"start":{"line":75,"column":75},"end":{"line":75,"column":77}}],"line":75},"24":{"loc":{"start":{"line":78,"column":4},"end":{"line":80,"column":5}},"type":"if","locations":[{"start":{"line":78,"column":4},"end":{"line":80,"column":5}},{"start":{},"end":{}}],"line":78},"25":{"loc":{"start":{"line":83,"column":4},"end":{"line":83,"column":49}},"type":"if","locations":[{"start":{"line":83,"column":4},"end":{"line":83,"column":49}},{"start":{},"end":{}}],"line":83},"26":{"loc":{"start":{"line":84,"column":4},"end":{"line":84,"column":39}},"type":"if","locations":[{"start":{"line":84,"column":4},"end":{"line":84,"column":39}},{"start":{},"end":{}}],"line":84},"27":{"loc":{"start":{"line":86,"column":4},"end":{"line":90,"column":5}},"type":"if","locations":[{"start":{"line":86,"column":4},"end":{"line":90,"column":5}},{"start":{},"end":{}}],"line":86},"28":{"loc":{"start":{"line":86,"column":8},"end":{"line":86,"column":28}},"type":"binary-expr","locations":[{"start":{"line":86,"column":8},"end":{"line":86,"column":16}},{"start":{"line":86,"column":20},"end":{"line":86,"column":28}}],"line":86},"29":{"loc":{"start":{"line":88,"column":8},"end":{"line":88,"column":60}},"type":"if","locations":[{"start":{"line":88,"column":8},"end":{"line":88,"column":60}},{"start":{},"end":{}}],"line":88},"30":{"loc":{"start":{"line":89,"column":8},"end":{"line":89,"column":60}},"type":"if","locations":[{"start":{"line":89,"column":8},"end":{"line":89,"column":60}},{"start":{},"end":{}}],"line":89},"31":{"loc":{"start":{"line":124,"column":4},"end":{"line":128,"column":5}},"type":"if","locations":[{"start":{"line":124,"column":4},"end":{"line":128,"column":5}},{"start":{},"end":{}}],"line":124},"32":{"loc":{"start":{"line":150,"column":4},"end":{"line":150,"column":53}},"type":"if","locations":[{"start":{"line":150,"column":4},"end":{"line":150,"column":53}},{"start":{},"end":{}}],"line":150},"33":{"loc":{"start":{"line":156,"column":4},"end":{"line":156,"column":53}},"type":"if","locations":[{"start":{"line":156,"column":4},"end":{"line":156,"column":53}},{"start":{},"end":{}}],"line":156}},"s":{"0":0,"1":0,"2":0,"3":0,"4":0,"5":0,"6":0,"7":0,"8":0,"9":0,"10":0,"11":0,"12":0,"13":0,"14":0,"15":0,"16":0,"17":0,"18":0,"19":0,"20":0,"21":0,"22":0,"23":0,"24":0,"25":0,"26":0,"27":0,"28":0,"29":0,"30":0,"31":0,"32":0,"33":0,"34":0,"35":0,"36":0,"37":0,"38":0,"39":0,"40":0,"41":0,"42":0,"43":0,"44":0,"45":0,"46":0,"47":0,"48":0,"49":0,"50":0,"51":0,"52":0,"53":0,"54":0,"55":0,"56":0,"57":0,"58":0,"59":0,"60":0,"61":0,"62":0,"63":0,"64":0,"65":0,"66":0,"67":0,"68":0,"69":0,"70":0,"71":0,"72":0,"73":0,"74":0,"75":0,"76":0,"77":0,"78":0,"79":0,"80":0,"81":0,"82":0,"83":0,"84":0},"f":{"0":0,"1":0,"2":0,"3":0,"4":0,"5":0,"6":0,"7":0},"b":{"0":[0,0],"1":[0,0],"2":[0,0],"3":[0,0],"4":[0,0],"5":[0,0],"6":[0,0],"7":[0,0],"8":[0,0],"9":[0,0],"10":[0,0],"11":[0,0],"12":[0,0],"13":[0,0],"14":[0,0],"15":[0,0],"16":[0,0],"17":[0,0],"18":[0,0],"19":[0,0],"20":[0,0],"21":[0],"22":[0],"23":[0],"24":[0,0],"25":[0,0],"26":[0,0],"27":[0,0],"28":[0,0],"29":[0,0],"30":[0,0],"31":[0,0],"32":[0,0],"33":[0,0]}}
}
