{"D:\\Programación\\Proyectos\\Facultad\\Tésis\\Proyecto-Back\\controllers\\adminController.js": {"path":"D:\\Programación\\Proyectos\\Facultad\\Tésis\\Proyecto-Back\\controllers\\adminController.js","statementMap":{"0":{"start":{"line":1,"column":14},"end":{"line":1,"column":40}},"1":{"start":{"line":2,"column":16},"end":{"line":2,"column":44}},"2":{"start":{"line":3,"column":13},"end":{"line":3,"column":38}},"3":{"start":{"line":5,"column":0},"end":{"line":83,"column":2}},"4":{"start":{"line":6,"column":4},"end":{"line":82,"column":5}},"5":{"start":{"line":8,"column":27},"end":{"line":8,"column":54}},"6":{"start":{"line":9,"column":31},"end":{"line":9,"column":77}},"7":{"start":{"line":12,"column":30},"end":{"line":12,"column":96}},"8":{"start":{"line":15,"column":30},"end":{"line":18,"column":10}},"9":{"start":{"line":19,"column":29},"end":{"line":19,"column":82}},"10":{"start":{"line":22,"column":29},"end":{"line":22,"column":39}},"11":{"start":{"line":23,"column":8},"end":{"line":23,"column":59}},"12":{"start":{"line":25,"column":29},"end":{"line":39,"column":10}},"13":{"start":{"line":42,"column":27},"end":{"line":42,"column":111}},"14":{"start":{"line":43,"column":31},"end":{"line":46,"column":11}},"15":{"start":{"line":43,"column":57},"end":{"line":46,"column":9}},"16":{"start":{"line":50,"column":29},"end":{"line":55,"column":19}},"17":{"start":{"line":57,"column":37},"end":{"line":66,"column":11}},"18":{"start":{"line":57,"column":64},"end":{"line":66,"column":9}},"19":{"start":{"line":68,"column":8},"end":{"line":78,"column":11}},"20":{"start":{"line":81,"column":8},"end":{"line":81,"column":20}}},"fnMap":{"0":{"name":"(anonymous_0)","decl":{"start":{"line":5,"column":28},"end":{"line":5,"column":29}},"loc":{"start":{"line":5,"column":54},"end":{"line":83,"column":1}},"line":5},"1":{"name":"(anonymous_1)","decl":{"start":{"line":43,"column":48},"end":{"line":43,"column":49}},"loc":{"start":{"line":43,"column":57},"end":{"line":46,"column":9}},"line":43},"2":{"name":"(anonymous_2)","decl":{"start":{"line":57,"column":54},"end":{"line":57,"column":55}},"loc":{"start":{"line":57,"column":64},"end":{"line":66,"column":9}},"line":57}},"branchMap":{"0":{"loc":{"start":{"line":19,"column":29},"end":{"line":19,"column":82}},"type":"cond-expr","locations":[{"start":{"line":19,"column":56},"end":{"line":19,"column":78}},{"start":{"line":19,"column":81},"end":{"line":19,"column":82}}],"line":19},"1":{"loc":{"start":{"line":60,"column":22},"end":{"line":60,"column":72}},"type":"cond-expr","locations":[{"start":{"line":60,"column":35},"end":{"line":60,"column":50}},{"start":{"line":60,"column":53},"end":{"line":60,"column":72}}],"line":60},"2":{"loc":{"start":{"line":61,"column":23},"end":{"line":61,"column":60}},"type":"cond-expr","locations":[{"start":{"line":61,"column":36},"end":{"line":61,"column":52}},{"start":{"line":61,"column":55},"end":{"line":61,"column":60}}],"line":61}},"s":{"0":0,"1":0,"2":0,"3":0,"4":0,"5":0,"6":0,"7":0,"8":0,"9":0,"10":0,"11":0,"12":0,"13":0,"14":0,"15":0,"16":0,"17":0,"18":0,"19":0,"20":0},"f":{"0":0,"1":0,"2":0},"b":{"0":[0,0],"1":[0,0],"2":[0,0]}}
,"D:\\Programación\\Proyectos\\Facultad\\Tésis\\Proyecto-Back\\controllers\\authController.js": {"path":"D:\\Programación\\Proyectos\\Facultad\\Tésis\\Proyecto-Back\\controllers\\authController.js","statementMap":{"0":{"start":{"line":1,"column":13},"end":{"line":1,"column":38}},"1":{"start":{"line":2,"column":21},"end":{"line":2,"column":56}},"2":{"start":{"line":3,"column":15},"end":{"line":3,"column":41}},"3":{"start":{"line":6,"column":26},"end":{"line":28,"column":1}},"4":{"start":{"line":8,"column":18},"end":{"line":8,"column":42}},"5":{"start":{"line":10,"column":20},"end":{"line":14,"column":5}},"6":{"start":{"line":16,"column":4},"end":{"line":27,"column":11}},"7":{"start":{"line":33,"column":0},"end":{"line":67,"column":2}},"8":{"start":{"line":34,"column":4},"end":{"line":66,"column":5}},"9":{"start":{"line":35,"column":42},"end":{"line":35,"column":50}},"10":{"start":{"line":37,"column":27},"end":{"line":37,"column":56}},"11":{"start":{"line":39,"column":8},"end":{"line":41,"column":9}},"12":{"start":{"line":40,"column":12},"end":{"line":40,"column":93}},"13":{"start":{"line":44,"column":21},"end":{"line":48,"column":10}},"14":{"start":{"line":51,"column":8},"end":{"line":61,"column":15}},"15":{"start":{"line":53,"column":16},"end":{"line":57,"column":17}},"16":{"start":{"line":54,"column":20},"end":{"line":54,"column":103}},"17":{"start":{"line":56,"column":20},"end":{"line":56,"column":101}},"18":{"start":{"line":60,"column":16},"end":{"line":60,"column":101}},"19":{"start":{"line":63,"column":8},"end":{"line":63,"column":42}},"20":{"start":{"line":65,"column":8},"end":{"line":65,"column":20}},"21":{"start":{"line":72,"column":0},"end":{"line":99,"column":2}},"22":{"start":{"line":73,"column":4},"end":{"line":98,"column":5}},"23":{"start":{"line":74,"column":36},"end":{"line":74,"column":44}},"24":{"start":{"line":77,"column":8},"end":{"line":79,"column":9}},"25":{"start":{"line":78,"column":12},"end":{"line":78,"column":109}},"26":{"start":{"line":82,"column":21},"end":{"line":82,"column":70}},"27":{"start":{"line":84,"column":8},"end":{"line":86,"column":9}},"28":{"start":{"line":85,"column":12},"end":{"line":85,"column":95}},"29":{"start":{"line":89,"column":24},"end":{"line":89,"column":58}},"30":{"start":{"line":91,"column":8},"end":{"line":93,"column":9}},"31":{"start":{"line":92,"column":12},"end":{"line":92,"column":95}},"32":{"start":{"line":95,"column":8},"end":{"line":95,"column":42}},"33":{"start":{"line":97,"column":8},"end":{"line":97,"column":20}},"34":{"start":{"line":104,"column":0},"end":{"line":115,"column":2}},"35":{"start":{"line":105,"column":4},"end":{"line":114,"column":5}},"36":{"start":{"line":106,"column":21},"end":{"line":106,"column":53}},"37":{"start":{"line":108,"column":8},"end":{"line":111,"column":11}},"38":{"start":{"line":113,"column":8},"end":{"line":113,"column":20}},"39":{"start":{"line":120,"column":0},"end":{"line":130,"column":2}},"40":{"start":{"line":121,"column":4},"end":{"line":124,"column":7}},"41":{"start":{"line":126,"column":4},"end":{"line":129,"column":7}}},"fnMap":{"0":{"name":"(anonymous_0)","decl":{"start":{"line":6,"column":26},"end":{"line":6,"column":27}},"loc":{"start":{"line":6,"column":53},"end":{"line":28,"column":1}},"line":6},"1":{"name":"(anonymous_1)","decl":{"start":{"line":33,"column":19},"end":{"line":33,"column":20}},"loc":{"start":{"line":33,"column":45},"end":{"line":67,"column":1}},"line":33},"2":{"name":"(anonymous_2)","decl":{"start":{"line":52,"column":18},"end":{"line":52,"column":19}},"loc":{"start":{"line":52,"column":28},"end":{"line":58,"column":13}},"line":52},"3":{"name":"(anonymous_3)","decl":{"start":{"line":59,"column":19},"end":{"line":59,"column":20}},"loc":{"start":{"line":59,"column":28},"end":{"line":61,"column":13}},"line":59},"4":{"name":"(anonymous_4)","decl":{"start":{"line":72,"column":16},"end":{"line":72,"column":17}},"loc":{"start":{"line":72,"column":42},"end":{"line":99,"column":1}},"line":72},"5":{"name":"(anonymous_5)","decl":{"start":{"line":104,"column":21},"end":{"line":104,"column":22}},"loc":{"start":{"line":104,"column":47},"end":{"line":115,"column":1}},"line":104},"6":{"name":"(anonymous_6)","decl":{"start":{"line":120,"column":17},"end":{"line":120,"column":18}},"loc":{"start":{"line":120,"column":43},"end":{"line":130,"column":1}},"line":120}},"branchMap":{"0":{"loc":{"start":{"line":11,"column":40},"end":{"line":11,"column":75}},"type":"binary-expr","locations":[{"start":{"line":11,"column":40},"end":{"line":11,"column":69}},{"start":{"line":11,"column":73},"end":{"line":11,"column":75}}],"line":11},"1":{"loc":{"start":{"line":39,"column":8},"end":{"line":41,"column":9}},"type":"if","locations":[{"start":{"line":39,"column":8},"end":{"line":41,"column":9}},{"start":{},"end":{}}],"line":39},"2":{"loc":{"start":{"line":53,"column":16},"end":{"line":57,"column":17}},"type":"if","locations":[{"start":{"line":53,"column":16},"end":{"line":57,"column":17}},{"start":{"line":55,"column":23},"end":{"line":57,"column":17}}],"line":53},"3":{"loc":{"start":{"line":77,"column":8},"end":{"line":79,"column":9}},"type":"if","locations":[{"start":{"line":77,"column":8},"end":{"line":79,"column":9}},{"start":{},"end":{}}],"line":77},"4":{"loc":{"start":{"line":77,"column":12},"end":{"line":77,"column":31}},"type":"binary-expr","locations":[{"start":{"line":77,"column":12},"end":{"line":77,"column":18}},{"start":{"line":77,"column":22},"end":{"line":77,"column":31}}],"line":77},"5":{"loc":{"start":{"line":84,"column":8},"end":{"line":86,"column":9}},"type":"if","locations":[{"start":{"line":84,"column":8},"end":{"line":86,"column":9}},{"start":{},"end":{}}],"line":84},"6":{"loc":{"start":{"line":91,"column":8},"end":{"line":93,"column":9}},"type":"if","locations":[{"start":{"line":91,"column":8},"end":{"line":93,"column":9}},{"start":{},"end":{}}],"line":91}},"s":{"0":0,"1":0,"2":0,"3":0,"4":0,"5":0,"6":0,"7":0,"8":0,"9":0,"10":0,"11":0,"12":0,"13":0,"14":0,"15":0,"16":0,"17":0,"18":0,"19":0,"20":0,"21":0,"22":0,"23":0,"24":0,"25":0,"26":0,"27":0,"28":0,"29":0,"30":0,"31":0,"32":0,"33":0,"34":0,"35":0,"36":0,"37":0,"38":0,"39":0,"40":0,"41":0},"f":{"0":0,"1":0,"2":0,"3":0,"4":0,"5":0,"6":0},"b":{"0":[0,0],"1":[0,0],"2":[0,0],"3":[0,0],"4":[0,0],"5":[0,0],"6":[0,0]}}
,"D:\\Programación\\Proyectos\\Facultad\\Tésis\\Proyecto-Back\\controllers\\cartController.js": {"path":"D:\\Programación\\Proyectos\\Facultad\\Tésis\\Proyecto-Back\\controllers\\cartController.js","statementMap":{"0":{"start":{"line":1,"column":13},"end":{"line":1,"column":38}},"1":{"start":{"line":2,"column":23},"end":{"line":2,"column":60}},"2":{"start":{"line":3,"column":15},"end":{"line":3,"column":41}},"3":{"start":{"line":6,"column":23},"end":{"line":6,"column":137}},"4":{"start":{"line":10,"column":15},"end":{"line":18,"column":6}},"5":{"start":{"line":20,"column":2},"end":{"line":20,"column":34}},"6":{"start":{"line":20,"column":13},"end":{"line":20,"column":34}},"7":{"start":{"line":22,"column":27},"end":{"line":27,"column":4}},"8":{"start":{"line":23,"column":4},"end":{"line":23,"column":35}},"9":{"start":{"line":23,"column":23},"end":{"line":23,"column":35}},"10":{"start":{"line":24,"column":23},"end":{"line":24,"column":64}},"11":{"start":{"line":25,"column":20},"end":{"line":25,"column":58}},"12":{"start":{"line":26,"column":4},"end":{"line":26,"column":47}},"13":{"start":{"line":29,"column":23},"end":{"line":29,"column":61}},"14":{"start":{"line":30,"column":2},"end":{"line":30,"column":40}},"15":{"start":{"line":31,"column":2},"end":{"line":31,"column":22}},"16":{"start":{"line":35,"column":0},"end":{"line":76,"column":2}},"17":{"start":{"line":36,"column":2},"end":{"line":75,"column":3}},"18":{"start":{"line":37,"column":17},"end":{"line":45,"column":8}},"19":{"start":{"line":47,"column":4},"end":{"line":49,"column":5}},"20":{"start":{"line":48,"column":6},"end":{"line":48,"column":62}},"21":{"start":{"line":52,"column":29},"end":{"line":65,"column":6}},"22":{"start":{"line":53,"column":6},"end":{"line":53,"column":37}},"23":{"start":{"line":53,"column":25},"end":{"line":53,"column":37}},"24":{"start":{"line":56,"column":25},"end":{"line":56,"column":66}},"25":{"start":{"line":60,"column":22},"end":{"line":60,"column":60}},"26":{"start":{"line":61,"column":6},"end":{"line":64,"column":8}},"27":{"start":{"line":68,"column":25},"end":{"line":68,"column":63}},"28":{"start":{"line":69,"column":4},"end":{"line":69,"column":42}},"29":{"start":{"line":71,"column":4},"end":{"line":71,"column":52}},"30":{"start":{"line":73,"column":4},"end":{"line":73,"column":53}},"31":{"start":{"line":74,"column":4},"end":{"line":74,"column":88}},"32":{"start":{"line":79,"column":0},"end":{"line":108,"column":2}},"33":{"start":{"line":80,"column":2},"end":{"line":107,"column":3}},"34":{"start":{"line":81,"column":44},"end":{"line":81,"column":52}},"35":{"start":{"line":83,"column":15},"end":{"line":83,"column":51}},"36":{"start":{"line":85,"column":4},"end":{"line":99,"column":5}},"37":{"start":{"line":86,"column":6},"end":{"line":89,"column":9}},"38":{"start":{"line":91,"column":24},"end":{"line":91,"column":85}},"39":{"start":{"line":91,"column":50},"end":{"line":91,"column":84}},"40":{"start":{"line":92,"column":6},"end":{"line":96,"column":7}},"41":{"start":{"line":93,"column":8},"end":{"line":93,"column":51}},"42":{"start":{"line":95,"column":8},"end":{"line":95,"column":58}},"43":{"start":{"line":97,"column":6},"end":{"line":97,"column":34}},"44":{"start":{"line":98,"column":6},"end":{"line":98,"column":24}},"45":{"start":{"line":102,"column":26},"end":{"line":102,"column":54}},"46":{"start":{"line":104,"column":4},"end":{"line":104,"column":74}},"47":{"start":{"line":106,"column":4},"end":{"line":106,"column":69}},"48":{"start":{"line":111,"column":0},"end":{"line":130,"column":2}},"49":{"start":{"line":112,"column":2},"end":{"line":129,"column":3}},"50":{"start":{"line":113,"column":41},"end":{"line":113,"column":49}},"51":{"start":{"line":114,"column":17},"end":{"line":114,"column":53}},"52":{"start":{"line":116,"column":4},"end":{"line":116,"column":81}},"53":{"start":{"line":116,"column":15},"end":{"line":116,"column":81}},"54":{"start":{"line":118,"column":17},"end":{"line":118,"column":38}},"55":{"start":{"line":119,"column":4},"end":{"line":119,"column":78}},"56":{"start":{"line":119,"column":15},"end":{"line":119,"column":78}},"57":{"start":{"line":121,"column":4},"end":{"line":121,"column":29}},"58":{"start":{"line":122,"column":4},"end":{"line":122,"column":22}},"59":{"start":{"line":124,"column":26},"end":{"line":124,"column":54}},"60":{"start":{"line":126,"column":4},"end":{"line":126,"column":77}},"61":{"start":{"line":128,"column":4},"end":{"line":128,"column":69}},"62":{"start":{"line":133,"column":0},"end":{"line":149,"column":2}},"63":{"start":{"line":134,"column":2},"end":{"line":148,"column":3}},"64":{"start":{"line":135,"column":31},"end":{"line":135,"column":41}},"65":{"start":{"line":136,"column":17},"end":{"line":136,"column":53}},"66":{"start":{"line":138,"column":4},"end":{"line":138,"column":81}},"67":{"start":{"line":138,"column":15},"end":{"line":138,"column":81}},"68":{"start":{"line":140,"column":4},"end":{"line":140,"column":75}},"69":{"start":{"line":140,"column":43},"end":{"line":140,"column":73}},"70":{"start":{"line":141,"column":4},"end":{"line":141,"column":22}},"71":{"start":{"line":143,"column":26},"end":{"line":143,"column":54}},"72":{"start":{"line":145,"column":4},"end":{"line":145,"column":75}},"73":{"start":{"line":147,"column":4},"end":{"line":147,"column":69}},"74":{"start":{"line":152,"column":0},"end":{"line":163,"column":2}},"75":{"start":{"line":153,"column":2},"end":{"line":162,"column":3}},"76":{"start":{"line":154,"column":17},"end":{"line":154,"column":64}},"77":{"start":{"line":155,"column":4},"end":{"line":155,"column":81}},"78":{"start":{"line":155,"column":15},"end":{"line":155,"column":81}},"79":{"start":{"line":157,"column":4},"end":{"line":157,"column":20}},"80":{"start":{"line":158,"column":4},"end":{"line":158,"column":22}},"81":{"start":{"line":159,"column":4},"end":{"line":159,"column":58}},"82":{"start":{"line":161,"column":4},"end":{"line":161,"column":69}}},"fnMap":{"0":{"name":"getCartWithDTO","decl":{"start":{"line":9,"column":15},"end":{"line":9,"column":29}},"loc":{"start":{"line":9,"column":38},"end":{"line":32,"column":1}},"line":9},"1":{"name":"(anonymous_1)","decl":{"start":{"line":22,"column":42},"end":{"line":22,"column":43}},"loc":{"start":{"line":22,"column":50},"end":{"line":27,"column":3}},"line":22},"2":{"name":"(anonymous_2)","decl":{"start":{"line":35,"column":18},"end":{"line":35,"column":19}},"loc":{"start":{"line":35,"column":38},"end":{"line":76,"column":1}},"line":35},"3":{"name":"(anonymous_3)","decl":{"start":{"line":52,"column":44},"end":{"line":52,"column":45}},"loc":{"start":{"line":52,"column":52},"end":{"line":65,"column":5}},"line":52},"4":{"name":"(anonymous_4)","decl":{"start":{"line":79,"column":20},"end":{"line":79,"column":21}},"loc":{"start":{"line":79,"column":40},"end":{"line":108,"column":1}},"line":79},"5":{"name":"(anonymous_5)","decl":{"start":{"line":91,"column":45},"end":{"line":91,"column":46}},"loc":{"start":{"line":91,"column":50},"end":{"line":91,"column":84}},"line":91},"6":{"name":"(anonymous_6)","decl":{"start":{"line":111,"column":25},"end":{"line":111,"column":26}},"loc":{"start":{"line":111,"column":45},"end":{"line":130,"column":1}},"line":111},"7":{"name":"(anonymous_7)","decl":{"start":{"line":133,"column":25},"end":{"line":133,"column":26}},"loc":{"start":{"line":133,"column":45},"end":{"line":149,"column":1}},"line":133},"8":{"name":"(anonymous_8)","decl":{"start":{"line":140,"column":35},"end":{"line":140,"column":36}},"loc":{"start":{"line":140,"column":43},"end":{"line":140,"column":73}},"line":140},"9":{"name":"(anonymous_9)","decl":{"start":{"line":152,"column":20},"end":{"line":152,"column":21}},"loc":{"start":{"line":152,"column":40},"end":{"line":163,"column":1}},"line":152}},"branchMap":{"0":{"loc":{"start":{"line":20,"column":2},"end":{"line":20,"column":34}},"type":"if","locations":[{"start":{"line":20,"column":2},"end":{"line":20,"column":34}},{"start":{},"end":{}}],"line":20},"1":{"loc":{"start":{"line":23,"column":4},"end":{"line":23,"column":35}},"type":"if","locations":[{"start":{"line":23,"column":4},"end":{"line":23,"column":35}},{"start":{},"end":{}}],"line":23},"2":{"loc":{"start":{"line":25,"column":20},"end":{"line":25,"column":58}},"type":"cond-expr","locations":[{"start":{"line":25,"column":36},"end":{"line":25,"column":51}},{"start":{"line":25,"column":54},"end":{"line":25,"column":58}}],"line":25},"3":{"loc":{"start":{"line":29,"column":23},"end":{"line":29,"column":61}},"type":"cond-expr","locations":[{"start":{"line":29,"column":39},"end":{"line":29,"column":54}},{"start":{"line":29,"column":57},"end":{"line":29,"column":61}}],"line":29},"4":{"loc":{"start":{"line":47,"column":4},"end":{"line":49,"column":5}},"type":"if","locations":[{"start":{"line":47,"column":4},"end":{"line":49,"column":5}},{"start":{},"end":{}}],"line":47},"5":{"loc":{"start":{"line":53,"column":6},"end":{"line":53,"column":37}},"type":"if","locations":[{"start":{"line":53,"column":6},"end":{"line":53,"column":37}},{"start":{},"end":{}}],"line":53},"6":{"loc":{"start":{"line":60,"column":22},"end":{"line":60,"column":60}},"type":"cond-expr","locations":[{"start":{"line":60,"column":38},"end":{"line":60,"column":53}},{"start":{"line":60,"column":56},"end":{"line":60,"column":60}}],"line":60},"7":{"loc":{"start":{"line":68,"column":25},"end":{"line":68,"column":63}},"type":"cond-expr","locations":[{"start":{"line":68,"column":41},"end":{"line":68,"column":56}},{"start":{"line":68,"column":59},"end":{"line":68,"column":63}}],"line":68},"8":{"loc":{"start":{"line":85,"column":4},"end":{"line":99,"column":5}},"type":"if","locations":[{"start":{"line":85,"column":4},"end":{"line":99,"column":5}},{"start":{"line":90,"column":11},"end":{"line":99,"column":5}}],"line":85},"9":{"loc":{"start":{"line":92,"column":6},"end":{"line":96,"column":7}},"type":"if","locations":[{"start":{"line":92,"column":6},"end":{"line":96,"column":7}},{"start":{"line":94,"column":13},"end":{"line":96,"column":7}}],"line":92},"10":{"loc":{"start":{"line":116,"column":4},"end":{"line":116,"column":81}},"type":"if","locations":[{"start":{"line":116,"column":4},"end":{"line":116,"column":81}},{"start":{},"end":{}}],"line":116},"11":{"loc":{"start":{"line":119,"column":4},"end":{"line":119,"column":78}},"type":"if","locations":[{"start":{"line":119,"column":4},"end":{"line":119,"column":78}},{"start":{},"end":{}}],"line":119},"12":{"loc":{"start":{"line":138,"column":4},"end":{"line":138,"column":81}},"type":"if","locations":[{"start":{"line":138,"column":4},"end":{"line":138,"column":81}},{"start":{},"end":{}}],"line":138},"13":{"loc":{"start":{"line":155,"column":4},"end":{"line":155,"column":81}},"type":"if","locations":[{"start":{"line":155,"column":4},"end":{"line":155,"column":81}},{"start":{},"end":{}}],"line":155}},"s":{"0":0,"1":0,"2":0,"3":0,"4":0,"5":0,"6":0,"7":0,"8":0,"9":0,"10":0,"11":0,"12":0,"13":0,"14":0,"15":0,"16":0,"17":0,"18":0,"19":0,"20":0,"21":0,"22":0,"23":0,"24":0,"25":0,"26":0,"27":0,"28":0,"29":0,"30":0,"31":0,"32":0,"33":0,"34":0,"35":0,"36":0,"37":0,"38":0,"39":0,"40":0,"41":0,"42":0,"43":0,"44":0,"45":0,"46":0,"47":0,"48":0,"49":0,"50":0,"51":0,"52":0,"53":0,"54":0,"55":0,"56":0,"57":0,"58":0,"59":0,"60":0,"61":0,"62":0,"63":0,"64":0,"65":0,"66":0,"67":0,"68":0,"69":0,"70":0,"71":0,"72":0,"73":0,"74":0,"75":0,"76":0,"77":0,"78":0,"79":0,"80":0,"81":0,"82":0},"f":{"0":0,"1":0,"2":0,"3":0,"4":0,"5":0,"6":0,"7":0,"8":0,"9":0},"b":{"0":[0,0],"1":[0,0],"2":[0,0],"3":[0,0],"4":[0,0],"5":[0,0],"6":[0,0],"7":[0,0],"8":[0,0],"9":[0,0],"10":[0,0],"11":[0,0],"12":[0,0],"13":[0,0]}}
,"D:\\Programación\\Proyectos\\Facultad\\Tésis\\Proyecto-Back\\controllers\\categoryController.js": {"path":"D:\\Programación\\Proyectos\\Facultad\\Tésis\\Proyecto-Back\\controllers\\categoryController.js","statementMap":{"0":{"start":{"line":1,"column":17},"end":{"line":1,"column":46}},"1":{"start":{"line":2,"column":15},"end":{"line":2,"column":41}},"2":{"start":{"line":5,"column":0},"end":{"line":17,"column":2}},"3":{"start":{"line":6,"column":2},"end":{"line":16,"column":3}},"4":{"start":{"line":7,"column":23},"end":{"line":7,"column":60}},"5":{"start":{"line":8,"column":4},"end":{"line":12,"column":7}},"6":{"start":{"line":14,"column":4},"end":{"line":14,"column":56}},"7":{"start":{"line":15,"column":4},"end":{"line":15,"column":91}},"8":{"start":{"line":20,"column":0},"end":{"line":41,"column":2}},"9":{"start":{"line":21,"column":2},"end":{"line":40,"column":3}},"10":{"start":{"line":22,"column":21},"end":{"line":22,"column":59}},"11":{"start":{"line":24,"column":4},"end":{"line":29,"column":5}},"12":{"start":{"line":25,"column":6},"end":{"line":28,"column":9}},"13":{"start":{"line":31,"column":4},"end":{"line":34,"column":7}},"14":{"start":{"line":36,"column":4},"end":{"line":39,"column":7}},"15":{"start":{"line":44,"column":0},"end":{"line":58,"column":2}},"16":{"start":{"line":45,"column":2},"end":{"line":57,"column":3}},"17":{"start":{"line":46,"column":21},"end":{"line":46,"column":52}},"18":{"start":{"line":47,"column":4},"end":{"line":51,"column":7}},"19":{"start":{"line":53,"column":4},"end":{"line":56,"column":7}},"20":{"start":{"line":61,"column":0},"end":{"line":87,"column":2}},"21":{"start":{"line":62,"column":2},"end":{"line":86,"column":3}},"22":{"start":{"line":63,"column":21},"end":{"line":67,"column":5}},"23":{"start":{"line":69,"column":4},"end":{"line":74,"column":5}},"24":{"start":{"line":70,"column":6},"end":{"line":73,"column":9}},"25":{"start":{"line":76,"column":4},"end":{"line":80,"column":7}},"26":{"start":{"line":82,"column":4},"end":{"line":85,"column":7}},"27":{"start":{"line":90,"column":0},"end":{"line":111,"column":2}},"28":{"start":{"line":91,"column":2},"end":{"line":110,"column":3}},"29":{"start":{"line":92,"column":21},"end":{"line":92,"column":68}},"30":{"start":{"line":94,"column":4},"end":{"line":99,"column":5}},"31":{"start":{"line":95,"column":6},"end":{"line":98,"column":9}},"32":{"start":{"line":101,"column":4},"end":{"line":104,"column":7}},"33":{"start":{"line":106,"column":4},"end":{"line":109,"column":7}},"34":{"start":{"line":113,"column":0},"end":{"line":147,"column":2}},"35":{"start":{"line":114,"column":2},"end":{"line":146,"column":3}},"36":{"start":{"line":115,"column":14},"end":{"line":115,"column":16}},"37":{"start":{"line":117,"column":4},"end":{"line":125,"column":5}},"38":{"start":{"line":118,"column":6},"end":{"line":118,"column":21}},"39":{"start":{"line":119,"column":11},"end":{"line":125,"column":5}},"40":{"start":{"line":120,"column":6},"end":{"line":120,"column":25}},"41":{"start":{"line":121,"column":11},"end":{"line":125,"column":5}},"42":{"start":{"line":122,"column":6},"end":{"line":124,"column":51}},"43":{"start":{"line":127,"column":4},"end":{"line":132,"column":5}},"44":{"start":{"line":128,"column":6},"end":{"line":131,"column":9}},"45":{"start":{"line":134,"column":19},"end":{"line":134,"column":67}},"46":{"start":{"line":136,"column":4},"end":{"line":140,"column":7}},"47":{"start":{"line":142,"column":4},"end":{"line":145,"column":7}}},"fnMap":{"0":{"name":"(anonymous_0)","decl":{"start":{"line":5,"column":24},"end":{"line":5,"column":25}},"loc":{"start":{"line":5,"column":44},"end":{"line":17,"column":1}},"line":5},"1":{"name":"(anonymous_1)","decl":{"start":{"line":20,"column":22},"end":{"line":20,"column":23}},"loc":{"start":{"line":20,"column":42},"end":{"line":41,"column":1}},"line":20},"2":{"name":"(anonymous_2)","decl":{"start":{"line":44,"column":25},"end":{"line":44,"column":26}},"loc":{"start":{"line":44,"column":45},"end":{"line":58,"column":1}},"line":44},"3":{"name":"(anonymous_3)","decl":{"start":{"line":61,"column":25},"end":{"line":61,"column":26}},"loc":{"start":{"line":61,"column":45},"end":{"line":87,"column":1}},"line":61},"4":{"name":"(anonymous_4)","decl":{"start":{"line":90,"column":25},"end":{"line":90,"column":26}},"loc":{"start":{"line":90,"column":45},"end":{"line":111,"column":1}},"line":90},"5":{"name":"(anonymous_5)","decl":{"start":{"line":113,"column":27},"end":{"line":113,"column":28}},"loc":{"start":{"line":113,"column":47},"end":{"line":147,"column":1}},"line":113}},"branchMap":{"0":{"loc":{"start":{"line":24,"column":4},"end":{"line":29,"column":5}},"type":"if","locations":[{"start":{"line":24,"column":4},"end":{"line":29,"column":5}},{"start":{},"end":{}}],"line":24},"1":{"loc":{"start":{"line":69,"column":4},"end":{"line":74,"column":5}},"type":"if","locations":[{"start":{"line":69,"column":4},"end":{"line":74,"column":5}},{"start":{},"end":{}}],"line":69},"2":{"loc":{"start":{"line":94,"column":4},"end":{"line":99,"column":5}},"type":"if","locations":[{"start":{"line":94,"column":4},"end":{"line":99,"column":5}},{"start":{},"end":{}}],"line":94},"3":{"loc":{"start":{"line":117,"column":4},"end":{"line":125,"column":5}},"type":"if","locations":[{"start":{"line":117,"column":4},"end":{"line":125,"column":5}},{"start":{"line":119,"column":11},"end":{"line":125,"column":5}}],"line":117},"4":{"loc":{"start":{"line":117,"column":8},"end":{"line":117,"column":54}},"type":"binary-expr","locations":[{"start":{"line":117,"column":8},"end":{"line":117,"column":31}},{"start":{"line":117,"column":35},"end":{"line":117,"column":54}}],"line":117},"5":{"loc":{"start":{"line":119,"column":11},"end":{"line":125,"column":5}},"type":"if","locations":[{"start":{"line":119,"column":11},"end":{"line":125,"column":5}},{"start":{"line":121,"column":11},"end":{"line":125,"column":5}}],"line":119},"6":{"loc":{"start":{"line":119,"column":15},"end":{"line":119,"column":58}},"type":"binary-expr","locations":[{"start":{"line":119,"column":15},"end":{"line":119,"column":27}},{"start":{"line":119,"column":31},"end":{"line":119,"column":58}}],"line":119},"7":{"loc":{"start":{"line":121,"column":11},"end":{"line":125,"column":5}},"type":"if","locations":[{"start":{"line":121,"column":11},"end":{"line":125,"column":5}},{"start":{},"end":{}}],"line":121},"8":{"loc":{"start":{"line":122,"column":12},"end":{"line":124,"column":50}},"type":"cond-expr","locations":[{"start":{"line":123,"column":10},"end":{"line":123,"column":23}},{"start":{"line":124,"column":10},"end":{"line":124,"column":50}}],"line":122},"9":{"loc":{"start":{"line":127,"column":4},"end":{"line":132,"column":5}},"type":"if","locations":[{"start":{"line":127,"column":4},"end":{"line":132,"column":5}},{"start":{},"end":{}}],"line":127},"10":{"loc":{"start":{"line":127,"column":8},"end":{"line":127,"column":32}},"type":"binary-expr","locations":[{"start":{"line":127,"column":8},"end":{"line":127,"column":12}},{"start":{"line":127,"column":16},"end":{"line":127,"column":32}}],"line":127}},"s":{"0":1,"1":1,"2":1,"3":0,"4":0,"5":0,"6":0,"7":0,"8":1,"9":0,"10":0,"11":0,"12":0,"13":0,"14":0,"15":1,"16":0,"17":0,"18":0,"19":0,"20":1,"21":0,"22":0,"23":0,"24":0,"25":0,"26":0,"27":1,"28":0,"29":0,"30":0,"31":0,"32":0,"33":0,"34":1,"35":2,"36":2,"37":2,"38":1,"39":1,"40":0,"41":1,"42":0,"43":2,"44":1,"45":1,"46":1,"47":0},"f":{"0":0,"1":0,"2":0,"3":0,"4":0,"5":2},"b":{"0":[0,0],"1":[0,0],"2":[0,0],"3":[1,1],"4":[2,1],"5":[0,1],"6":[1,0],"7":[0,1],"8":[0,0],"9":[1,1],"10":[2,2]},"_coverageSchema":"1a1c01bbd47fc00a2c39e90264f33305004495a9","hash":"489f25b91a7f5c6b62c5ae7da818473ff123d714"}
,"D:\\Programación\\Proyectos\\Facultad\\Tésis\\Proyecto-Back\\controllers\\contactController.js": {"path":"D:\\Programación\\Proyectos\\Facultad\\Tésis\\Proyecto-Back\\controllers\\contactController.js","statementMap":{"0":{"start":{"line":1,"column":21},"end":{"line":1,"column":56}},"1":{"start":{"line":2,"column":15},"end":{"line":2,"column":41}},"2":{"start":{"line":7,"column":0},"end":{"line":54,"column":2}},"3":{"start":{"line":8,"column":4},"end":{"line":53,"column":5}},"4":{"start":{"line":9,"column":56},"end":{"line":9,"column":64}},"5":{"start":{"line":12,"column":8},"end":{"line":17,"column":9}},"6":{"start":{"line":13,"column":12},"end":{"line":16,"column":15}},"7":{"start":{"line":19,"column":25},"end":{"line":19,"column":64}},"8":{"start":{"line":21,"column":28},"end":{"line":26,"column":9}},"9":{"start":{"line":29,"column":27},"end":{"line":29,"column":75}},"10":{"start":{"line":31,"column":8},"end":{"line":34,"column":9}},"11":{"start":{"line":32,"column":12},"end":{"line":32,"column":105}},"12":{"start":{"line":33,"column":12},"end":{"line":33,"column":124}},"13":{"start":{"line":36,"column":23},"end":{"line":40,"column":10}},"14":{"start":{"line":42,"column":8},"end":{"line":44,"column":9}},"15":{"start":{"line":43,"column":12},"end":{"line":43,"column":119}},"16":{"start":{"line":46,"column":8},"end":{"line":49,"column":11}},"17":{"start":{"line":52,"column":8},"end":{"line":52,"column":20}}},"fnMap":{"0":{"name":"(anonymous_0)","decl":{"start":{"line":7,"column":22},"end":{"line":7,"column":23}},"loc":{"start":{"line":7,"column":48},"end":{"line":54,"column":1}},"line":7}},"branchMap":{"0":{"loc":{"start":{"line":12,"column":8},"end":{"line":17,"column":9}},"type":"if","locations":[{"start":{"line":12,"column":8},"end":{"line":17,"column":9}},{"start":{},"end":{}}],"line":12},"1":{"loc":{"start":{"line":12,"column":12},"end":{"line":12,"column":44}},"type":"binary-expr","locations":[{"start":{"line":12,"column":12},"end":{"line":12,"column":22}},{"start":{"line":12,"column":26},"end":{"line":12,"column":32}},{"start":{"line":12,"column":36},"end":{"line":12,"column":44}}],"line":12},"2":{"loc":{"start":{"line":19,"column":41},"end":{"line":19,"column":55}},"type":"binary-expr","locations":[{"start":{"line":19,"column":41},"end":{"line":19,"column":49}},{"start":{"line":19,"column":53},"end":{"line":19,"column":55}}],"line":19},"3":{"loc":{"start":{"line":29,"column":27},"end":{"line":29,"column":75}},"type":"binary-expr","locations":[{"start":{"line":29,"column":27},"end":{"line":29,"column":49}},{"start":{"line":29,"column":53},"end":{"line":29,"column":75}}],"line":29},"4":{"loc":{"start":{"line":31,"column":8},"end":{"line":34,"column":9}},"type":"if","locations":[{"start":{"line":31,"column":8},"end":{"line":34,"column":9}},{"start":{},"end":{}}],"line":31},"5":{"loc":{"start":{"line":42,"column":8},"end":{"line":44,"column":9}},"type":"if","locations":[{"start":{"line":42,"column":8},"end":{"line":44,"column":9}},{"start":{},"end":{}}],"line":42}},"s":{"0":0,"1":0,"2":0,"3":0,"4":0,"5":0,"6":0,"7":0,"8":0,"9":0,"10":0,"11":0,"12":0,"13":0,"14":0,"15":0,"16":0,"17":0},"f":{"0":0},"b":{"0":[0,0],"1":[0,0,0],"2":[0,0],"3":[0,0],"4":[0,0],"5":[0,0]}}
,"D:\\Programación\\Proyectos\\Facultad\\Tésis\\Proyecto-Back\\controllers\\genreController.js": {"path":"D:\\Programación\\Proyectos\\Facultad\\Tésis\\Proyecto-Back\\controllers\\genreController.js","statementMap":{"0":{"start":{"line":1,"column":14},"end":{"line":1,"column":40}},"1":{"start":{"line":4,"column":14},"end":{"line":9,"column":2}},"2":{"start":{"line":4,"column":22},"end":{"line":9,"column":1}},"3":{"start":{"line":12,"column":0},"end":{"line":19,"column":2}},"4":{"start":{"line":13,"column":4},"end":{"line":18,"column":5}},"5":{"start":{"line":14,"column":23},"end":{"line":14,"column":41}},"6":{"start":{"line":15,"column":8},"end":{"line":15,"column":48}},"7":{"start":{"line":17,"column":8},"end":{"line":17,"column":20}},"8":{"start":{"line":22,"column":0},"end":{"line":41,"column":2}},"9":{"start":{"line":23,"column":4},"end":{"line":40,"column":5}},"10":{"start":{"line":24,"column":23},"end":{"line":24,"column":33}},"11":{"start":{"line":25,"column":20},"end":{"line":25,"column":47}},"12":{"start":{"line":27,"column":8},"end":{"line":29,"column":9}},"13":{"start":{"line":28,"column":12},"end":{"line":28,"column":45}},"14":{"start":{"line":31,"column":8},"end":{"line":35,"column":9}},"15":{"start":{"line":32,"column":26},"end":{"line":32,"column":59}},"16":{"start":{"line":33,"column":12},"end":{"line":33,"column":35}},"17":{"start":{"line":34,"column":12},"end":{"line":34,"column":24}},"18":{"start":{"line":37,"column":8},"end":{"line":37,"column":68}},"19":{"start":{"line":39,"column":8},"end":{"line":39,"column":20}},"20":{"start":{"line":44,"column":0},"end":{"line":75,"column":2}},"21":{"start":{"line":45,"column":4},"end":{"line":74,"column":5}},"22":{"start":{"line":46,"column":42},"end":{"line":46,"column":50}},"23":{"start":{"line":47,"column":27},"end":{"line":47,"column":29}},"24":{"start":{"line":49,"column":8},"end":{"line":49,"column":43}},"25":{"start":{"line":49,"column":18},"end":{"line":49,"column":43}},"26":{"start":{"line":50,"column":8},"end":{"line":50,"column":64}},"27":{"start":{"line":50,"column":35},"end":{"line":50,"column":64}},"28":{"start":{"line":52,"column":8},"end":{"line":52,"column":61}},"29":{"start":{"line":52,"column":34},"end":{"line":52,"column":61}},"30":{"start":{"line":54,"column":22},"end":{"line":66,"column":9}},"31":{"start":{"line":68,"column":8},"end":{"line":71,"column":11}},"32":{"start":{"line":73,"column":8},"end":{"line":73,"column":20}},"33":{"start":{"line":78,"column":0},"end":{"line":106,"column":2}},"34":{"start":{"line":79,"column":4},"end":{"line":105,"column":5}},"35":{"start":{"line":80,"column":46},"end":{"line":80,"column":54}},"36":{"start":{"line":82,"column":8},"end":{"line":86,"column":9}},"37":{"start":{"line":83,"column":26},"end":{"line":83,"column":71}},"38":{"start":{"line":84,"column":12},"end":{"line":84,"column":35}},"39":{"start":{"line":85,"column":12},"end":{"line":85,"column":24}},"40":{"start":{"line":88,"column":25},"end":{"line":88,"column":52}},"41":{"start":{"line":89,"column":8},"end":{"line":93,"column":9}},"42":{"start":{"line":90,"column":26},"end":{"line":90,"column":69}},"43":{"start":{"line":91,"column":12},"end":{"line":91,"column":35}},"44":{"start":{"line":92,"column":12},"end":{"line":92,"column":24}},"45":{"start":{"line":95,"column":22},"end":{"line":100,"column":10}},"46":{"start":{"line":102,"column":8},"end":{"line":102,"column":43}},"47":{"start":{"line":104,"column":8},"end":{"line":104,"column":20}},"48":{"start":{"line":109,"column":0},"end":{"line":131,"column":2}},"49":{"start":{"line":110,"column":4},"end":{"line":130,"column":5}},"50":{"start":{"line":111,"column":23},"end":{"line":111,"column":33}},"51":{"start":{"line":114,"column":20},"end":{"line":114,"column":90}},"52":{"start":{"line":117,"column":8},"end":{"line":119,"column":9}},"53":{"start":{"line":118,"column":12},"end":{"line":118,"column":88}},"54":{"start":{"line":121,"column":8},"end":{"line":125,"column":9}},"55":{"start":{"line":122,"column":26},"end":{"line":122,"column":59}},"56":{"start":{"line":123,"column":12},"end":{"line":123,"column":35}},"57":{"start":{"line":124,"column":12},"end":{"line":124,"column":24}},"58":{"start":{"line":127,"column":8},"end":{"line":127,"column":95}},"59":{"start":{"line":129,"column":8},"end":{"line":129,"column":20}},"60":{"start":{"line":134,"column":0},"end":{"line":180,"column":2}},"61":{"start":{"line":135,"column":4},"end":{"line":179,"column":5}},"62":{"start":{"line":136,"column":18},"end":{"line":136,"column":20}},"63":{"start":{"line":139,"column":8},"end":{"line":151,"column":9}},"64":{"start":{"line":140,"column":12},"end":{"line":140,"column":27}},"65":{"start":{"line":143,"column":13},"end":{"line":151,"column":9}},"66":{"start":{"line":144,"column":12},"end":{"line":144,"column":31}},"67":{"start":{"line":147,"column":13},"end":{"line":151,"column":9}},"68":{"start":{"line":148,"column":12},"end":{"line":150,"column":59}},"69":{"start":{"line":153,"column":8},"end":{"line":157,"column":9}},"70":{"start":{"line":154,"column":26},"end":{"line":154,"column":77}},"71":{"start":{"line":155,"column":12},"end":{"line":155,"column":35}},"72":{"start":{"line":156,"column":12},"end":{"line":156,"column":24}},"73":{"start":{"line":159,"column":25},"end":{"line":159,"column":72}},"74":{"start":{"line":159,"column":42},"end":{"line":159,"column":71}},"75":{"start":{"line":160,"column":26},"end":{"line":160,"column":29}},"76":{"start":{"line":162,"column":23},"end":{"line":170,"column":9}},"77":{"start":{"line":172,"column":8},"end":{"line":176,"column":11}},"78":{"start":{"line":178,"column":8},"end":{"line":178,"column":20}}},"fnMap":{"0":{"name":"(anonymous_0)","decl":{"start":{"line":4,"column":14},"end":{"line":4,"column":15}},"loc":{"start":{"line":4,"column":22},"end":{"line":9,"column":1}},"line":4},"1":{"name":"(anonymous_1)","decl":{"start":{"line":12,"column":20},"end":{"line":12,"column":21}},"loc":{"start":{"line":12,"column":46},"end":{"line":19,"column":1}},"line":12},"2":{"name":"(anonymous_2)","decl":{"start":{"line":22,"column":19},"end":{"line":22,"column":20}},"loc":{"start":{"line":22,"column":45},"end":{"line":41,"column":1}},"line":22},"3":{"name":"(anonymous_3)","decl":{"start":{"line":44,"column":22},"end":{"line":44,"column":23}},"loc":{"start":{"line":44,"column":48},"end":{"line":75,"column":1}},"line":44},"4":{"name":"(anonymous_4)","decl":{"start":{"line":78,"column":22},"end":{"line":78,"column":23}},"loc":{"start":{"line":78,"column":48},"end":{"line":106,"column":1}},"line":78},"5":{"name":"(anonymous_5)","decl":{"start":{"line":109,"column":22},"end":{"line":109,"column":23}},"loc":{"start":{"line":109,"column":48},"end":{"line":131,"column":1}},"line":109},"6":{"name":"(anonymous_6)","decl":{"start":{"line":134,"column":23},"end":{"line":134,"column":24}},"loc":{"start":{"line":134,"column":49},"end":{"line":180,"column":1}},"line":134},"7":{"name":"(anonymous_7)","decl":{"start":{"line":159,"column":36},"end":{"line":159,"column":37}},"loc":{"start":{"line":159,"column":42},"end":{"line":159,"column":71}},"line":159}},"branchMap":{"0":{"loc":{"start":{"line":27,"column":8},"end":{"line":29,"column":9}},"type":"if","locations":[{"start":{"line":27,"column":8},"end":{"line":29,"column":9}},{"start":{},"end":{}}],"line":27},"1":{"loc":{"start":{"line":27,"column":12},"end":{"line":27,"column":51}},"type":"binary-expr","locations":[{"start":{"line":27,"column":12},"end":{"line":27,"column":18}},{"start":{"line":27,"column":22},"end":{"line":27,"column":51}}],"line":27},"2":{"loc":{"start":{"line":31,"column":8},"end":{"line":35,"column":9}},"type":"if","locations":[{"start":{"line":31,"column":8},"end":{"line":35,"column":9}},{"start":{},"end":{}}],"line":31},"3":{"loc":{"start":{"line":49,"column":8},"end":{"line":49,"column":43}},"type":"if","locations":[{"start":{"line":49,"column":8},"end":{"line":49,"column":43}},{"start":{},"end":{}}],"line":49},"4":{"loc":{"start":{"line":50,"column":8},"end":{"line":50,"column":64}},"type":"if","locations":[{"start":{"line":50,"column":8},"end":{"line":50,"column":64}},{"start":{},"end":{}}],"line":50},"5":{"loc":{"start":{"line":52,"column":8},"end":{"line":52,"column":61}},"type":"if","locations":[{"start":{"line":52,"column":8},"end":{"line":52,"column":61}},{"start":{},"end":{}}],"line":52},"6":{"loc":{"start":{"line":82,"column":8},"end":{"line":86,"column":9}},"type":"if","locations":[{"start":{"line":82,"column":8},"end":{"line":86,"column":9}},{"start":{},"end":{}}],"line":82},"7":{"loc":{"start":{"line":89,"column":8},"end":{"line":93,"column":9}},"type":"if","locations":[{"start":{"line":89,"column":8},"end":{"line":93,"column":9}},{"start":{},"end":{}}],"line":89},"8":{"loc":{"start":{"line":99,"column":20},"end":{"line":99,"column":56}},"type":"cond-expr","locations":[{"start":{"line":99,"column":43},"end":{"line":99,"column":49}},{"start":{"line":99,"column":52},"end":{"line":99,"column":56}}],"line":99},"9":{"loc":{"start":{"line":117,"column":8},"end":{"line":119,"column":9}},"type":"if","locations":[{"start":{"line":117,"column":8},"end":{"line":119,"column":9}},{"start":{},"end":{}}],"line":117},"10":{"loc":{"start":{"line":117,"column":12},"end":{"line":117,"column":51}},"type":"binary-expr","locations":[{"start":{"line":117,"column":12},"end":{"line":117,"column":18}},{"start":{"line":117,"column":22},"end":{"line":117,"column":51}}],"line":117},"11":{"loc":{"start":{"line":121,"column":8},"end":{"line":125,"column":9}},"type":"if","locations":[{"start":{"line":121,"column":8},"end":{"line":125,"column":9}},{"start":{},"end":{}}],"line":121},"12":{"loc":{"start":{"line":139,"column":8},"end":{"line":151,"column":9}},"type":"if","locations":[{"start":{"line":139,"column":8},"end":{"line":151,"column":9}},{"start":{"line":143,"column":13},"end":{"line":151,"column":9}}],"line":139},"13":{"loc":{"start":{"line":139,"column":12},"end":{"line":139,"column":58}},"type":"binary-expr","locations":[{"start":{"line":139,"column":12},"end":{"line":139,"column":35}},{"start":{"line":139,"column":39},"end":{"line":139,"column":58}}],"line":139},"14":{"loc":{"start":{"line":143,"column":13},"end":{"line":151,"column":9}},"type":"if","locations":[{"start":{"line":143,"column":13},"end":{"line":151,"column":9}},{"start":{"line":147,"column":13},"end":{"line":151,"column":9}}],"line":143},"15":{"loc":{"start":{"line":143,"column":17},"end":{"line":143,"column":60}},"type":"binary-expr","locations":[{"start":{"line":143,"column":17},"end":{"line":143,"column":29}},{"start":{"line":143,"column":33},"end":{"line":143,"column":60}}],"line":143},"16":{"loc":{"start":{"line":147,"column":13},"end":{"line":151,"column":9}},"type":"if","locations":[{"start":{"line":147,"column":13},"end":{"line":151,"column":9}},{"start":{},"end":{}}],"line":147},"17":{"loc":{"start":{"line":148,"column":18},"end":{"line":150,"column":58}},"type":"cond-expr","locations":[{"start":{"line":149,"column":18},"end":{"line":149,"column":31}},{"start":{"line":150,"column":18},"end":{"line":150,"column":58}}],"line":148},"18":{"loc":{"start":{"line":153,"column":8},"end":{"line":157,"column":9}},"type":"if","locations":[{"start":{"line":153,"column":8},"end":{"line":157,"column":9}},{"start":{},"end":{}}],"line":153},"19":{"loc":{"start":{"line":153,"column":12},"end":{"line":153,"column":36}},"type":"binary-expr","locations":[{"start":{"line":153,"column":12},"end":{"line":153,"column":16}},{"start":{"line":153,"column":20},"end":{"line":153,"column":36}}],"line":153}},"s":{"0":1,"1":1,"2":1,"3":1,"4":0,"5":0,"6":0,"7":0,"8":1,"9":1,"10":1,"11":1,"12":1,"13":0,"14":1,"15":0,"16":0,"17":0,"18":1,"19":0,"20":1,"21":0,"22":0,"23":0,"24":0,"25":0,"26":0,"27":0,"28":0,"29":0,"30":0,"31":0,"32":0,"33":1,"34":0,"35":0,"36":0,"37":0,"38":0,"39":0,"40":0,"41":0,"42":0,"43":0,"44":0,"45":0,"46":0,"47":0,"48":1,"49":0,"50":0,"51":0,"52":0,"53":0,"54":0,"55":0,"56":0,"57":0,"58":0,"59":0,"60":1,"61":0,"62":0,"63":0,"64":0,"65":0,"66":0,"67":0,"68":0,"69":0,"70":0,"71":0,"72":0,"73":0,"74":0,"75":0,"76":0,"77":0,"78":0},"f":{"0":1,"1":0,"2":1,"3":0,"4":0,"5":0,"6":0,"7":0},"b":{"0":[0,1],"1":[1,0],"2":[0,1],"3":[0,0],"4":[0,0],"5":[0,0],"6":[0,0],"7":[0,0],"8":[0,0],"9":[0,0],"10":[0,0],"11":[0,0],"12":[0,0],"13":[0,0],"14":[0,0],"15":[0,0],"16":[0,0],"17":[0,0],"18":[0,0],"19":[0,0]},"_coverageSchema":"1a1c01bbd47fc00a2c39e90264f33305004495a9","hash":"a35a66a0038115a8a9a74294c5d0c389dd6044e2"}
,"D:\\Programación\\Proyectos\\Facultad\\Tésis\\Proyecto-Back\\controllers\\orderController.js": {"path":"D:\\Programación\\Proyectos\\Facultad\\Tésis\\Proyecto-Back\\controllers\\orderController.js","statementMap":{"0":{"start":{"line":1,"column":21},"end":{"line":1,"column":56}},"1":{"start":{"line":2,"column":14},"end":{"line":2,"column":40}},"2":{"start":{"line":3,"column":19},"end":{"line":3,"column":50}},"3":{"start":{"line":4,"column":26},"end":{"line":4,"column":55}},"4":{"start":{"line":5,"column":15},"end":{"line":5,"column":41}},"5":{"start":{"line":8,"column":0},"end":{"line":20,"column":2}},"6":{"start":{"line":9,"column":2},"end":{"line":19,"column":34}},"7":{"start":{"line":10,"column":19},"end":{"line":13,"column":6}},"8":{"start":{"line":14,"column":4},"end":{"line":18,"column":7}},"9":{"start":{"line":19,"column":20},"end":{"line":19,"column":32}},"10":{"start":{"line":23,"column":0},"end":{"line":35,"column":2}},"11":{"start":{"line":24,"column":2},"end":{"line":34,"column":3}},"12":{"start":{"line":25,"column":4},"end":{"line":25,"column":71}},"13":{"start":{"line":26,"column":4},"end":{"line":26,"column":31}},"14":{"start":{"line":28,"column":4},"end":{"line":28,"column":50}},"15":{"start":{"line":30,"column":4},"end":{"line":32,"column":5}},"16":{"start":{"line":31,"column":6},"end":{"line":31,"column":60}},"17":{"start":{"line":33,"column":4},"end":{"line":33,"column":51}},"18":{"start":{"line":38,"column":0},"end":{"line":52,"column":2}},"19":{"start":{"line":39,"column":53},"end":{"line":39,"column":62}},"20":{"start":{"line":40,"column":22},"end":{"line":40,"column":73}},"21":{"start":{"line":42,"column":21},"end":{"line":42,"column":40}},"22":{"start":{"line":43,"column":2},"end":{"line":44,"column":93}},"23":{"start":{"line":43,"column":29},"end":{"line":43,"column":64}},"24":{"start":{"line":44,"column":7},"end":{"line":44,"column":93}},"25":{"start":{"line":44,"column":58},"end":{"line":44,"column":93}},"26":{"start":{"line":46,"column":22},"end":{"line":46,"column":62}},"27":{"start":{"line":47,"column":2},"end":{"line":47,"column":76}},"28":{"start":{"line":47,"column":18},"end":{"line":47,"column":76}},"29":{"start":{"line":48,"column":2},"end":{"line":48,"column":100}},"30":{"start":{"line":48,"column":26},"end":{"line":48,"column":100}},"31":{"start":{"line":50,"column":2},"end":{"line":50,"column":79}},"32":{"start":{"line":51,"column":2},"end":{"line":51,"column":39}},"33":{"start":{"line":55,"column":0},"end":{"line":69,"column":2}},"34":{"start":{"line":56,"column":2},"end":{"line":68,"column":34}},"35":{"start":{"line":59,"column":25},"end":{"line":59,"column":58}},"36":{"start":{"line":62,"column":4},"end":{"line":64,"column":5}},"37":{"start":{"line":63,"column":6},"end":{"line":63,"column":80}},"38":{"start":{"line":66,"column":27},"end":{"line":66,"column":73}},"39":{"start":{"line":67,"column":4},"end":{"line":67,"column":86}},"40":{"start":{"line":68,"column":20},"end":{"line":68,"column":32}},"41":{"start":{"line":72,"column":0},"end":{"line":79,"column":2}},"42":{"start":{"line":73,"column":2},"end":{"line":78,"column":34}},"43":{"start":{"line":74,"column":18},"end":{"line":74,"column":129}},"44":{"start":{"line":75,"column":4},"end":{"line":75,"column":96}},"45":{"start":{"line":75,"column":16},"end":{"line":75,"column":96}},"46":{"start":{"line":76,"column":4},"end":{"line":76,"column":140}},"47":{"start":{"line":76,"column":92},"end":{"line":76,"column":140}},"48":{"start":{"line":77,"column":4},"end":{"line":77,"column":39}},"49":{"start":{"line":78,"column":20},"end":{"line":78,"column":32}},"50":{"start":{"line":82,"column":0},"end":{"line":111,"column":2}},"51":{"start":{"line":83,"column":2},"end":{"line":110,"column":34}},"52":{"start":{"line":84,"column":53},"end":{"line":84,"column":62}},"53":{"start":{"line":85,"column":19},"end":{"line":85,"column":21}},"54":{"start":{"line":87,"column":4},"end":{"line":87,"column":44}},"55":{"start":{"line":87,"column":16},"end":{"line":87,"column":44}},"56":{"start":{"line":88,"column":4},"end":{"line":88,"column":37}},"57":{"start":{"line":88,"column":16},"end":{"line":88,"column":37}},"58":{"start":{"line":90,"column":20},"end":{"line":90,"column":45}},"59":{"start":{"line":91,"column":21},"end":{"line":91,"column":47}},"60":{"start":{"line":93,"column":19},"end":{"line":98,"column":13}},"61":{"start":{"line":100,"column":18},"end":{"line":100,"column":52}},"62":{"start":{"line":102,"column":4},"end":{"line":109,"column":7}},"63":{"start":{"line":110,"column":20},"end":{"line":110,"column":32}},"64":{"start":{"line":113,"column":0},"end":{"line":121,"column":2}},"65":{"start":{"line":114,"column":2},"end":{"line":120,"column":34}},"66":{"start":{"line":115,"column":18},"end":{"line":115,"column":53}},"67":{"start":{"line":116,"column":4},"end":{"line":116,"column":74}},"68":{"start":{"line":116,"column":16},"end":{"line":116,"column":74}},"69":{"start":{"line":117,"column":4},"end":{"line":117,"column":40}},"70":{"start":{"line":118,"column":4},"end":{"line":118,"column":23}},"71":{"start":{"line":119,"column":4},"end":{"line":119,"column":39}},"72":{"start":{"line":120,"column":20},"end":{"line":120,"column":32}},"73":{"start":{"line":123,"column":0},"end":{"line":131,"column":2}},"74":{"start":{"line":124,"column":2},"end":{"line":130,"column":34}},"75":{"start":{"line":125,"column":18},"end":{"line":125,"column":53}},"76":{"start":{"line":126,"column":4},"end":{"line":126,"column":24}},"77":{"start":{"line":127,"column":4},"end":{"line":127,"column":30}},"78":{"start":{"line":128,"column":4},"end":{"line":128,"column":23}},"79":{"start":{"line":129,"column":4},"end":{"line":129,"column":39}},"80":{"start":{"line":130,"column":20},"end":{"line":130,"column":32}}},"fnMap":{"0":{"name":"(anonymous_0)","decl":{"start":{"line":8,"column":22},"end":{"line":8,"column":23}},"loc":{"start":{"line":8,"column":48},"end":{"line":20,"column":1}},"line":8},"1":{"name":"(anonymous_1)","decl":{"start":{"line":23,"column":25},"end":{"line":23,"column":26}},"loc":{"start":{"line":23,"column":45},"end":{"line":35,"column":1}},"line":23},"2":{"name":"(anonymous_2)","decl":{"start":{"line":38,"column":26},"end":{"line":38,"column":27}},"loc":{"start":{"line":38,"column":40},"end":{"line":52,"column":1}},"line":38},"3":{"name":"(anonymous_3)","decl":{"start":{"line":55,"column":24},"end":{"line":55,"column":25}},"loc":{"start":{"line":55,"column":50},"end":{"line":69,"column":1}},"line":55},"4":{"name":"(anonymous_4)","decl":{"start":{"line":72,"column":19},"end":{"line":72,"column":20}},"loc":{"start":{"line":72,"column":45},"end":{"line":79,"column":1}},"line":72},"5":{"name":"(anonymous_5)","decl":{"start":{"line":82,"column":23},"end":{"line":82,"column":24}},"loc":{"start":{"line":82,"column":49},"end":{"line":111,"column":1}},"line":82},"6":{"name":"(anonymous_6)","decl":{"start":{"line":113,"column":28},"end":{"line":113,"column":29}},"loc":{"start":{"line":113,"column":54},"end":{"line":121,"column":1}},"line":113},"7":{"name":"(anonymous_7)","decl":{"start":{"line":123,"column":28},"end":{"line":123,"column":29}},"loc":{"start":{"line":123,"column":54},"end":{"line":131,"column":1}},"line":123}},"branchMap":{"0":{"loc":{"start":{"line":30,"column":4},"end":{"line":32,"column":5}},"type":"if","locations":[{"start":{"line":30,"column":4},"end":{"line":32,"column":5}},{"start":{},"end":{}}],"line":30},"1":{"loc":{"start":{"line":30,"column":8},"end":{"line":30,"column":88}},"type":"binary-expr","locations":[{"start":{"line":30,"column":8},"end":{"line":30,"column":46}},{"start":{"line":30,"column":50},"end":{"line":30,"column":88}}],"line":30},"2":{"loc":{"start":{"line":40,"column":22},"end":{"line":40,"column":73}},"type":"binary-expr","locations":[{"start":{"line":40,"column":22},"end":{"line":40,"column":46}},{"start":{"line":40,"column":50},"end":{"line":40,"column":73}}],"line":40},"3":{"loc":{"start":{"line":43,"column":2},"end":{"line":44,"column":93}},"type":"if","locations":[{"start":{"line":43,"column":2},"end":{"line":44,"column":93}},{"start":{"line":44,"column":7},"end":{"line":44,"column":93}}],"line":43},"4":{"loc":{"start":{"line":44,"column":7},"end":{"line":44,"column":93}},"type":"if","locations":[{"start":{"line":44,"column":7},"end":{"line":44,"column":93}},{"start":{},"end":{}}],"line":44},"5":{"loc":{"start":{"line":44,"column":11},"end":{"line":44,"column":56}},"type":"binary-expr","locations":[{"start":{"line":44,"column":11},"end":{"line":44,"column":31}},{"start":{"line":44,"column":35},"end":{"line":44,"column":56}}],"line":44},"6":{"loc":{"start":{"line":47,"column":2},"end":{"line":47,"column":76}},"type":"if","locations":[{"start":{"line":47,"column":2},"end":{"line":47,"column":76}},{"start":{},"end":{}}],"line":47},"7":{"loc":{"start":{"line":48,"column":2},"end":{"line":48,"column":100}},"type":"if","locations":[{"start":{"line":48,"column":2},"end":{"line":48,"column":100}},{"start":{},"end":{}}],"line":48},"8":{"loc":{"start":{"line":59,"column":25},"end":{"line":59,"column":58}},"type":"binary-expr","locations":[{"start":{"line":59,"column":25},"end":{"line":59,"column":42}},{"start":{"line":59,"column":46},"end":{"line":59,"column":58}}],"line":59},"9":{"loc":{"start":{"line":62,"column":4},"end":{"line":64,"column":5}},"type":"if","locations":[{"start":{"line":62,"column":4},"end":{"line":64,"column":5}},{"start":{},"end":{}}],"line":62},"10":{"loc":{"start":{"line":62,"column":8},"end":{"line":62,"column":88}},"type":"binary-expr","locations":[{"start":{"line":62,"column":8},"end":{"line":62,"column":33}},{"start":{"line":62,"column":37},"end":{"line":62,"column":88}}],"line":62},"11":{"loc":{"start":{"line":75,"column":4},"end":{"line":75,"column":96}},"type":"if","locations":[{"start":{"line":75,"column":4},"end":{"line":75,"column":96}},{"start":{},"end":{}}],"line":75},"12":{"loc":{"start":{"line":76,"column":4},"end":{"line":76,"column":140}},"type":"if","locations":[{"start":{"line":76,"column":4},"end":{"line":76,"column":140}},{"start":{},"end":{}}],"line":76},"13":{"loc":{"start":{"line":76,"column":8},"end":{"line":76,"column":90}},"type":"binary-expr","locations":[{"start":{"line":76,"column":8},"end":{"line":76,"column":61}},{"start":{"line":76,"column":65},"end":{"line":76,"column":90}}],"line":76},"14":{"loc":{"start":{"line":84,"column":12},"end":{"line":84,"column":20}},"type":"default-arg","locations":[{"start":{"line":84,"column":19},"end":{"line":84,"column":20}}],"line":84},"15":{"loc":{"start":{"line":84,"column":22},"end":{"line":84,"column":32}},"type":"default-arg","locations":[{"start":{"line":84,"column":30},"end":{"line":84,"column":32}}],"line":84},"16":{"loc":{"start":{"line":87,"column":4},"end":{"line":87,"column":44}},"type":"if","locations":[{"start":{"line":87,"column":4},"end":{"line":87,"column":44}},{"start":{},"end":{}}],"line":87},"17":{"loc":{"start":{"line":88,"column":4},"end":{"line":88,"column":37}},"type":"if","locations":[{"start":{"line":88,"column":4},"end":{"line":88,"column":37}},{"start":{},"end":{}}],"line":88},"18":{"loc":{"start":{"line":116,"column":4},"end":{"line":116,"column":74}},"type":"if","locations":[{"start":{"line":116,"column":4},"end":{"line":116,"column":74}},{"start":{},"end":{}}],"line":116}},"s":{"0":0,"1":0,"2":0,"3":0,"4":0,"5":0,"6":0,"7":0,"8":0,"9":0,"10":0,"11":0,"12":0,"13":0,"14":0,"15":0,"16":0,"17":0,"18":0,"19":0,"20":0,"21":0,"22":0,"23":0,"24":0,"25":0,"26":0,"27":0,"28":0,"29":0,"30":0,"31":0,"32":0,"33":0,"34":0,"35":0,"36":0,"37":0,"38":0,"39":0,"40":0,"41":0,"42":0,"43":0,"44":0,"45":0,"46":0,"47":0,"48":0,"49":0,"50":0,"51":0,"52":0,"53":0,"54":0,"55":0,"56":0,"57":0,"58":0,"59":0,"60":0,"61":0,"62":0,"63":0,"64":0,"65":0,"66":0,"67":0,"68":0,"69":0,"70":0,"71":0,"72":0,"73":0,"74":0,"75":0,"76":0,"77":0,"78":0,"79":0,"80":0},"f":{"0":0,"1":0,"2":0,"3":0,"4":0,"5":0,"6":0,"7":0},"b":{"0":[0,0],"1":[0,0],"2":[0,0],"3":[0,0],"4":[0,0],"5":[0,0],"6":[0,0],"7":[0,0],"8":[0,0],"9":[0,0],"10":[0,0],"11":[0,0],"12":[0,0],"13":[0,0],"14":[0],"15":[0],"16":[0,0],"17":[0,0],"18":[0,0]}}
,"D:\\Programación\\Proyectos\\Facultad\\Tésis\\Proyecto-Back\\controllers\\platformController.js": {"path":"D:\\Programación\\Proyectos\\Facultad\\Tésis\\Proyecto-Back\\controllers\\platformController.js","statementMap":{"0":{"start":{"line":1,"column":17},"end":{"line":1,"column":46}},"1":{"start":{"line":4,"column":14},"end":{"line":9,"column":2}},"2":{"start":{"line":4,"column":22},"end":{"line":9,"column":1}},"3":{"start":{"line":12,"column":0},"end":{"line":19,"column":2}},"4":{"start":{"line":13,"column":4},"end":{"line":18,"column":5}},"5":{"start":{"line":14,"column":26},"end":{"line":14,"column":47}},"6":{"start":{"line":15,"column":8},"end":{"line":15,"column":51}},"7":{"start":{"line":17,"column":8},"end":{"line":17,"column":20}},"8":{"start":{"line":22,"column":0},"end":{"line":41,"column":2}},"9":{"start":{"line":23,"column":4},"end":{"line":40,"column":5}},"10":{"start":{"line":24,"column":23},"end":{"line":24,"column":33}},"11":{"start":{"line":25,"column":23},"end":{"line":25,"column":53}},"12":{"start":{"line":27,"column":8},"end":{"line":29,"column":9}},"13":{"start":{"line":28,"column":12},"end":{"line":28,"column":51}},"14":{"start":{"line":31,"column":8},"end":{"line":35,"column":9}},"15":{"start":{"line":32,"column":26},"end":{"line":32,"column":63}},"16":{"start":{"line":33,"column":12},"end":{"line":33,"column":35}},"17":{"start":{"line":34,"column":12},"end":{"line":34,"column":24}},"18":{"start":{"line":37,"column":8},"end":{"line":37,"column":71}},"19":{"start":{"line":39,"column":8},"end":{"line":39,"column":20}},"20":{"start":{"line":44,"column":0},"end":{"line":75,"column":2}},"21":{"start":{"line":45,"column":4},"end":{"line":74,"column":5}},"22":{"start":{"line":46,"column":42},"end":{"line":46,"column":50}},"23":{"start":{"line":47,"column":27},"end":{"line":47,"column":29}},"24":{"start":{"line":49,"column":8},"end":{"line":49,"column":43}},"25":{"start":{"line":49,"column":18},"end":{"line":49,"column":43}},"26":{"start":{"line":50,"column":8},"end":{"line":50,"column":64}},"27":{"start":{"line":50,"column":35},"end":{"line":50,"column":64}},"28":{"start":{"line":52,"column":8},"end":{"line":52,"column":61}},"29":{"start":{"line":52,"column":34},"end":{"line":52,"column":61}},"30":{"start":{"line":54,"column":25},"end":{"line":66,"column":9}},"31":{"start":{"line":68,"column":8},"end":{"line":71,"column":11}},"32":{"start":{"line":73,"column":8},"end":{"line":73,"column":20}},"33":{"start":{"line":78,"column":0},"end":{"line":107,"column":2}},"34":{"start":{"line":79,"column":4},"end":{"line":106,"column":5}},"35":{"start":{"line":80,"column":46},"end":{"line":80,"column":54}},"36":{"start":{"line":83,"column":8},"end":{"line":87,"column":9}},"37":{"start":{"line":84,"column":26},"end":{"line":84,"column":71}},"38":{"start":{"line":85,"column":12},"end":{"line":85,"column":35}},"39":{"start":{"line":86,"column":12},"end":{"line":86,"column":24}},"40":{"start":{"line":89,"column":25},"end":{"line":89,"column":55}},"41":{"start":{"line":90,"column":8},"end":{"line":94,"column":9}},"42":{"start":{"line":91,"column":26},"end":{"line":91,"column":74}},"43":{"start":{"line":92,"column":12},"end":{"line":92,"column":35}},"44":{"start":{"line":93,"column":12},"end":{"line":93,"column":24}},"45":{"start":{"line":96,"column":25},"end":{"line":101,"column":10}},"46":{"start":{"line":103,"column":8},"end":{"line":103,"column":46}},"47":{"start":{"line":105,"column":8},"end":{"line":105,"column":20}},"48":{"start":{"line":110,"column":0},"end":{"line":132,"column":2}},"49":{"start":{"line":111,"column":4},"end":{"line":131,"column":5}},"50":{"start":{"line":112,"column":23},"end":{"line":112,"column":33}},"51":{"start":{"line":115,"column":23},"end":{"line":115,"column":96}},"52":{"start":{"line":118,"column":8},"end":{"line":120,"column":9}},"53":{"start":{"line":119,"column":12},"end":{"line":119,"column":94}},"54":{"start":{"line":122,"column":8},"end":{"line":126,"column":9}},"55":{"start":{"line":123,"column":26},"end":{"line":123,"column":63}},"56":{"start":{"line":124,"column":12},"end":{"line":124,"column":35}},"57":{"start":{"line":125,"column":12},"end":{"line":125,"column":24}},"58":{"start":{"line":128,"column":8},"end":{"line":128,"column":99}},"59":{"start":{"line":130,"column":8},"end":{"line":130,"column":20}},"60":{"start":{"line":135,"column":0},"end":{"line":181,"column":2}},"61":{"start":{"line":136,"column":4},"end":{"line":180,"column":5}},"62":{"start":{"line":137,"column":18},"end":{"line":137,"column":20}},"63":{"start":{"line":140,"column":8},"end":{"line":152,"column":9}},"64":{"start":{"line":141,"column":12},"end":{"line":141,"column":27}},"65":{"start":{"line":144,"column":13},"end":{"line":152,"column":9}},"66":{"start":{"line":145,"column":12},"end":{"line":145,"column":31}},"67":{"start":{"line":148,"column":13},"end":{"line":152,"column":9}},"68":{"start":{"line":149,"column":12},"end":{"line":151,"column":59}},"69":{"start":{"line":154,"column":8},"end":{"line":158,"column":9}},"70":{"start":{"line":155,"column":26},"end":{"line":155,"column":77}},"71":{"start":{"line":156,"column":12},"end":{"line":156,"column":35}},"72":{"start":{"line":157,"column":12},"end":{"line":157,"column":24}},"73":{"start":{"line":160,"column":25},"end":{"line":160,"column":72}},"74":{"start":{"line":160,"column":42},"end":{"line":160,"column":71}},"75":{"start":{"line":161,"column":26},"end":{"line":161,"column":29}},"76":{"start":{"line":163,"column":23},"end":{"line":171,"column":9}},"77":{"start":{"line":173,"column":8},"end":{"line":177,"column":11}},"78":{"start":{"line":179,"column":8},"end":{"line":179,"column":20}}},"fnMap":{"0":{"name":"(anonymous_0)","decl":{"start":{"line":4,"column":14},"end":{"line":4,"column":15}},"loc":{"start":{"line":4,"column":22},"end":{"line":9,"column":1}},"line":4},"1":{"name":"(anonymous_1)","decl":{"start":{"line":12,"column":23},"end":{"line":12,"column":24}},"loc":{"start":{"line":12,"column":49},"end":{"line":19,"column":1}},"line":12},"2":{"name":"(anonymous_2)","decl":{"start":{"line":22,"column":22},"end":{"line":22,"column":23}},"loc":{"start":{"line":22,"column":48},"end":{"line":41,"column":1}},"line":22},"3":{"name":"(anonymous_3)","decl":{"start":{"line":44,"column":25},"end":{"line":44,"column":26}},"loc":{"start":{"line":44,"column":51},"end":{"line":75,"column":1}},"line":44},"4":{"name":"(anonymous_4)","decl":{"start":{"line":78,"column":25},"end":{"line":78,"column":26}},"loc":{"start":{"line":78,"column":51},"end":{"line":107,"column":1}},"line":78},"5":{"name":"(anonymous_5)","decl":{"start":{"line":110,"column":25},"end":{"line":110,"column":26}},"loc":{"start":{"line":110,"column":51},"end":{"line":132,"column":1}},"line":110},"6":{"name":"(anonymous_6)","decl":{"start":{"line":135,"column":26},"end":{"line":135,"column":27}},"loc":{"start":{"line":135,"column":52},"end":{"line":181,"column":1}},"line":135},"7":{"name":"(anonymous_7)","decl":{"start":{"line":160,"column":36},"end":{"line":160,"column":37}},"loc":{"start":{"line":160,"column":42},"end":{"line":160,"column":71}},"line":160}},"branchMap":{"0":{"loc":{"start":{"line":27,"column":8},"end":{"line":29,"column":9}},"type":"if","locations":[{"start":{"line":27,"column":8},"end":{"line":29,"column":9}},{"start":{},"end":{}}],"line":27},"1":{"loc":{"start":{"line":27,"column":12},"end":{"line":27,"column":54}},"type":"binary-expr","locations":[{"start":{"line":27,"column":12},"end":{"line":27,"column":21}},{"start":{"line":27,"column":25},"end":{"line":27,"column":54}}],"line":27},"2":{"loc":{"start":{"line":31,"column":8},"end":{"line":35,"column":9}},"type":"if","locations":[{"start":{"line":31,"column":8},"end":{"line":35,"column":9}},{"start":{},"end":{}}],"line":31},"3":{"loc":{"start":{"line":49,"column":8},"end":{"line":49,"column":43}},"type":"if","locations":[{"start":{"line":49,"column":8},"end":{"line":49,"column":43}},{"start":{},"end":{}}],"line":49},"4":{"loc":{"start":{"line":50,"column":8},"end":{"line":50,"column":64}},"type":"if","locations":[{"start":{"line":50,"column":8},"end":{"line":50,"column":64}},{"start":{},"end":{}}],"line":50},"5":{"loc":{"start":{"line":52,"column":8},"end":{"line":52,"column":61}},"type":"if","locations":[{"start":{"line":52,"column":8},"end":{"line":52,"column":61}},{"start":{},"end":{}}],"line":52},"6":{"loc":{"start":{"line":83,"column":8},"end":{"line":87,"column":9}},"type":"if","locations":[{"start":{"line":83,"column":8},"end":{"line":87,"column":9}},{"start":{},"end":{}}],"line":83},"7":{"loc":{"start":{"line":90,"column":8},"end":{"line":94,"column":9}},"type":"if","locations":[{"start":{"line":90,"column":8},"end":{"line":94,"column":9}},{"start":{},"end":{}}],"line":90},"8":{"loc":{"start":{"line":100,"column":20},"end":{"line":100,"column":56}},"type":"cond-expr","locations":[{"start":{"line":100,"column":43},"end":{"line":100,"column":49}},{"start":{"line":100,"column":52},"end":{"line":100,"column":56}}],"line":100},"9":{"loc":{"start":{"line":118,"column":8},"end":{"line":120,"column":9}},"type":"if","locations":[{"start":{"line":118,"column":8},"end":{"line":120,"column":9}},{"start":{},"end":{}}],"line":118},"10":{"loc":{"start":{"line":118,"column":12},"end":{"line":118,"column":54}},"type":"binary-expr","locations":[{"start":{"line":118,"column":12},"end":{"line":118,"column":21}},{"start":{"line":118,"column":25},"end":{"line":118,"column":54}}],"line":118},"11":{"loc":{"start":{"line":122,"column":8},"end":{"line":126,"column":9}},"type":"if","locations":[{"start":{"line":122,"column":8},"end":{"line":126,"column":9}},{"start":{},"end":{}}],"line":122},"12":{"loc":{"start":{"line":140,"column":8},"end":{"line":152,"column":9}},"type":"if","locations":[{"start":{"line":140,"column":8},"end":{"line":152,"column":9}},{"start":{"line":144,"column":13},"end":{"line":152,"column":9}}],"line":140},"13":{"loc":{"start":{"line":140,"column":12},"end":{"line":140,"column":58}},"type":"binary-expr","locations":[{"start":{"line":140,"column":12},"end":{"line":140,"column":35}},{"start":{"line":140,"column":39},"end":{"line":140,"column":58}}],"line":140},"14":{"loc":{"start":{"line":144,"column":13},"end":{"line":152,"column":9}},"type":"if","locations":[{"start":{"line":144,"column":13},"end":{"line":152,"column":9}},{"start":{"line":148,"column":13},"end":{"line":152,"column":9}}],"line":144},"15":{"loc":{"start":{"line":144,"column":17},"end":{"line":144,"column":60}},"type":"binary-expr","locations":[{"start":{"line":144,"column":17},"end":{"line":144,"column":29}},{"start":{"line":144,"column":33},"end":{"line":144,"column":60}}],"line":144},"16":{"loc":{"start":{"line":148,"column":13},"end":{"line":152,"column":9}},"type":"if","locations":[{"start":{"line":148,"column":13},"end":{"line":152,"column":9}},{"start":{},"end":{}}],"line":148},"17":{"loc":{"start":{"line":149,"column":18},"end":{"line":151,"column":58}},"type":"cond-expr","locations":[{"start":{"line":150,"column":18},"end":{"line":150,"column":31}},{"start":{"line":151,"column":18},"end":{"line":151,"column":58}}],"line":149},"18":{"loc":{"start":{"line":154,"column":8},"end":{"line":158,"column":9}},"type":"if","locations":[{"start":{"line":154,"column":8},"end":{"line":158,"column":9}},{"start":{},"end":{}}],"line":154},"19":{"loc":{"start":{"line":154,"column":12},"end":{"line":154,"column":36}},"type":"binary-expr","locations":[{"start":{"line":154,"column":12},"end":{"line":154,"column":16}},{"start":{"line":154,"column":20},"end":{"line":154,"column":36}}],"line":154}},"s":{"0":1,"1":1,"2":1,"3":1,"4":0,"5":0,"6":0,"7":0,"8":1,"9":2,"10":2,"11":2,"12":2,"13":0,"14":2,"15":1,"16":1,"17":1,"18":1,"19":1,"20":1,"21":0,"22":0,"23":0,"24":0,"25":0,"26":0,"27":0,"28":0,"29":0,"30":0,"31":0,"32":0,"33":1,"34":0,"35":0,"36":0,"37":0,"38":0,"39":0,"40":0,"41":0,"42":0,"43":0,"44":0,"45":0,"46":0,"47":0,"48":1,"49":0,"50":0,"51":0,"52":0,"53":0,"54":0,"55":0,"56":0,"57":0,"58":0,"59":0,"60":1,"61":0,"62":0,"63":0,"64":0,"65":0,"66":0,"67":0,"68":0,"69":0,"70":0,"71":0,"72":0,"73":0,"74":0,"75":0,"76":0,"77":0,"78":0},"f":{"0":1,"1":0,"2":2,"3":0,"4":0,"5":0,"6":0,"7":0},"b":{"0":[0,2],"1":[2,1],"2":[1,1],"3":[0,0],"4":[0,0],"5":[0,0],"6":[0,0],"7":[0,0],"8":[0,0],"9":[0,0],"10":[0,0],"11":[0,0],"12":[0,0],"13":[0,0],"14":[0,0],"15":[0,0],"16":[0,0],"17":[0,0],"18":[0,0],"19":[0,0]},"_coverageSchema":"1a1c01bbd47fc00a2c39e90264f33305004495a9","hash":"4993a80dbeed2fdcf4ce13e7761ac53504514639"}
,"D:\\Programación\\Proyectos\\Facultad\\Tésis\\Proyecto-Back\\controllers\\productController.js": {"path":"D:\\Programación\\Proyectos\\Facultad\\Tésis\\Proyecto-Back\\controllers\\productController.js","statementMap":{"0":{"start":{"line":1,"column":23},"end":{"line":1,"column":60}},"1":{"start":{"line":4,"column":0},"end":{"line":25,"column":2}},"2":{"start":{"line":5,"column":2},"end":{"line":24,"column":3}},"3":{"start":{"line":6,"column":73},"end":{"line":6,"column":82}},"4":{"start":{"line":8,"column":19},"end":{"line":16,"column":6}},"5":{"start":{"line":18,"column":4},"end":{"line":21,"column":7}},"6":{"start":{"line":23,"column":4},"end":{"line":23,"column":16}},"7":{"start":{"line":28,"column":0},"end":{"line":35,"column":2}},"8":{"start":{"line":29,"column":2},"end":{"line":34,"column":3}},"9":{"start":{"line":30,"column":20},"end":{"line":30,"column":70}},"10":{"start":{"line":31,"column":4},"end":{"line":31,"column":59}},"11":{"start":{"line":33,"column":4},"end":{"line":33,"column":16}},"12":{"start":{"line":38,"column":0},"end":{"line":45,"column":2}},"13":{"start":{"line":39,"column":2},"end":{"line":44,"column":3}},"14":{"start":{"line":40,"column":20},"end":{"line":40,"column":64}},"15":{"start":{"line":41,"column":4},"end":{"line":41,"column":59}},"16":{"start":{"line":43,"column":4},"end":{"line":43,"column":16}},"17":{"start":{"line":48,"column":0},"end":{"line":55,"column":2}},"18":{"start":{"line":49,"column":2},"end":{"line":54,"column":3}},"19":{"start":{"line":50,"column":20},"end":{"line":50,"column":79}},"20":{"start":{"line":51,"column":4},"end":{"line":51,"column":59}},"21":{"start":{"line":53,"column":4},"end":{"line":53,"column":16}},"22":{"start":{"line":58,"column":0},"end":{"line":65,"column":2}},"23":{"start":{"line":59,"column":2},"end":{"line":64,"column":3}},"24":{"start":{"line":60,"column":4},"end":{"line":60,"column":54}},"25":{"start":{"line":61,"column":4},"end":{"line":61,"column":75}},"26":{"start":{"line":63,"column":4},"end":{"line":63,"column":16}},"27":{"start":{"line":68,"column":0},"end":{"line":103,"column":2}},"28":{"start":{"line":69,"column":2},"end":{"line":102,"column":3}},"29":{"start":{"line":70,"column":14},"end":{"line":70,"column":16}},"30":{"start":{"line":73,"column":4},"end":{"line":85,"column":5}},"31":{"start":{"line":74,"column":6},"end":{"line":74,"column":21}},"32":{"start":{"line":77,"column":9},"end":{"line":85,"column":5}},"33":{"start":{"line":78,"column":6},"end":{"line":78,"column":25}},"34":{"start":{"line":81,"column":9},"end":{"line":85,"column":5}},"35":{"start":{"line":82,"column":6},"end":{"line":84,"column":51}},"36":{"start":{"line":87,"column":4},"end":{"line":91,"column":5}},"37":{"start":{"line":88,"column":20},"end":{"line":88,"column":71}},"38":{"start":{"line":89,"column":6},"end":{"line":89,"column":29}},"39":{"start":{"line":90,"column":6},"end":{"line":90,"column":18}},"40":{"start":{"line":93,"column":19},"end":{"line":93,"column":59}},"41":{"start":{"line":95,"column":4},"end":{"line":99,"column":7}},"42":{"start":{"line":101,"column":4},"end":{"line":101,"column":16}}},"fnMap":{"0":{"name":"(anonymous_0)","decl":{"start":{"line":4,"column":22},"end":{"line":4,"column":23}},"loc":{"start":{"line":4,"column":48},"end":{"line":25,"column":1}},"line":4},"1":{"name":"(anonymous_1)","decl":{"start":{"line":28,"column":21},"end":{"line":28,"column":22}},"loc":{"start":{"line":28,"column":47},"end":{"line":35,"column":1}},"line":28},"2":{"name":"(anonymous_2)","decl":{"start":{"line":38,"column":24},"end":{"line":38,"column":25}},"loc":{"start":{"line":38,"column":50},"end":{"line":45,"column":1}},"line":38},"3":{"name":"(anonymous_3)","decl":{"start":{"line":48,"column":24},"end":{"line":48,"column":25}},"loc":{"start":{"line":48,"column":50},"end":{"line":55,"column":1}},"line":48},"4":{"name":"(anonymous_4)","decl":{"start":{"line":58,"column":24},"end":{"line":58,"column":25}},"loc":{"start":{"line":58,"column":50},"end":{"line":65,"column":1}},"line":58},"5":{"name":"(anonymous_5)","decl":{"start":{"line":68,"column":25},"end":{"line":68,"column":26}},"loc":{"start":{"line":68,"column":51},"end":{"line":103,"column":1}},"line":68}},"branchMap":{"0":{"loc":{"start":{"line":73,"column":4},"end":{"line":85,"column":5}},"type":"if","locations":[{"start":{"line":73,"column":4},"end":{"line":85,"column":5}},{"start":{"line":77,"column":9},"end":{"line":85,"column":5}}],"line":73},"1":{"loc":{"start":{"line":73,"column":8},"end":{"line":73,"column":54}},"type":"binary-expr","locations":[{"start":{"line":73,"column":8},"end":{"line":73,"column":31}},{"start":{"line":73,"column":35},"end":{"line":73,"column":54}}],"line":73},"2":{"loc":{"start":{"line":77,"column":9},"end":{"line":85,"column":5}},"type":"if","locations":[{"start":{"line":77,"column":9},"end":{"line":85,"column":5}},{"start":{"line":81,"column":9},"end":{"line":85,"column":5}}],"line":77},"3":{"loc":{"start":{"line":77,"column":13},"end":{"line":77,"column":56}},"type":"binary-expr","locations":[{"start":{"line":77,"column":13},"end":{"line":77,"column":25}},{"start":{"line":77,"column":29},"end":{"line":77,"column":56}}],"line":77},"4":{"loc":{"start":{"line":81,"column":9},"end":{"line":85,"column":5}},"type":"if","locations":[{"start":{"line":81,"column":9},"end":{"line":85,"column":5}},{"start":{},"end":{}}],"line":81},"5":{"loc":{"start":{"line":82,"column":12},"end":{"line":84,"column":50}},"type":"cond-expr","locations":[{"start":{"line":83,"column":10},"end":{"line":83,"column":23}},{"start":{"line":84,"column":10},"end":{"line":84,"column":50}}],"line":82},"6":{"loc":{"start":{"line":87,"column":4},"end":{"line":91,"column":5}},"type":"if","locations":[{"start":{"line":87,"column":4},"end":{"line":91,"column":5}},{"start":{},"end":{}}],"line":87},"7":{"loc":{"start":{"line":87,"column":8},"end":{"line":87,"column":32}},"type":"binary-expr","locations":[{"start":{"line":87,"column":8},"end":{"line":87,"column":12}},{"start":{"line":87,"column":16},"end":{"line":87,"column":32}}],"line":87}},"s":{"0":0,"1":0,"2":0,"3":0,"4":0,"5":0,"6":0,"7":0,"8":0,"9":0,"10":0,"11":0,"12":0,"13":0,"14":0,"15":0,"16":0,"17":0,"18":0,"19":0,"20":0,"21":0,"22":0,"23":0,"24":0,"25":0,"26":0,"27":0,"28":0,"29":0,"30":0,"31":0,"32":0,"33":0,"34":0,"35":0,"36":0,"37":0,"38":0,"39":0,"40":0,"41":0,"42":0},"f":{"0":0,"1":0,"2":0,"3":0,"4":0,"5":0},"b":{"0":[0,0],"1":[0,0],"2":[0,0],"3":[0,0],"4":[0,0],"5":[0,0],"6":[0,0],"7":[0,0]}}
,"D:\\Programación\\Proyectos\\Facultad\\Tésis\\Proyecto-Back\\controllers\\userController.js": {"path":"D:\\Programación\\Proyectos\\Facultad\\Tésis\\Proyecto-Back\\controllers\\userController.js","statementMap":{"0":{"start":{"line":1,"column":13},"end":{"line":1,"column":38}},"1":{"start":{"line":2,"column":15},"end":{"line":2,"column":41}},"2":{"start":{"line":5,"column":0},"end":{"line":17,"column":2}},"3":{"start":{"line":6,"column":2},"end":{"line":16,"column":3}},"4":{"start":{"line":7,"column":18},"end":{"line":7,"column":55}},"5":{"start":{"line":8,"column":4},"end":{"line":12,"column":7}},"6":{"start":{"line":14,"column":4},"end":{"line":14,"column":54}},"7":{"start":{"line":15,"column":4},"end":{"line":15,"column":89}},"8":{"start":{"line":20,"column":0},"end":{"line":41,"column":2}},"9":{"start":{"line":21,"column":2},"end":{"line":40,"column":3}},"10":{"start":{"line":22,"column":17},"end":{"line":22,"column":71}},"11":{"start":{"line":24,"column":4},"end":{"line":29,"column":5}},"12":{"start":{"line":25,"column":6},"end":{"line":28,"column":9}},"13":{"start":{"line":31,"column":4},"end":{"line":34,"column":7}},"14":{"start":{"line":36,"column":4},"end":{"line":39,"column":7}},"15":{"start":{"line":44,"column":0},"end":{"line":82,"column":2}},"16":{"start":{"line":45,"column":2},"end":{"line":81,"column":3}},"17":{"start":{"line":46,"column":44},"end":{"line":46,"column":52}},"18":{"start":{"line":48,"column":17},"end":{"line":48,"column":51}},"19":{"start":{"line":50,"column":4},"end":{"line":55,"column":5}},"20":{"start":{"line":51,"column":6},"end":{"line":54,"column":9}},"21":{"start":{"line":57,"column":4},"end":{"line":57,"column":34}},"22":{"start":{"line":58,"column":4},"end":{"line":58,"column":37}},"23":{"start":{"line":59,"column":4},"end":{"line":59,"column":37}},"24":{"start":{"line":60,"column":4},"end":{"line":60,"column":43}},"25":{"start":{"line":62,"column":24},"end":{"line":62,"column":41}},"26":{"start":{"line":64,"column":4},"end":{"line":75,"column":7}},"27":{"start":{"line":77,"column":4},"end":{"line":80,"column":7}},"28":{"start":{"line":85,"column":0},"end":{"line":106,"column":2}},"29":{"start":{"line":86,"column":2},"end":{"line":105,"column":3}},"30":{"start":{"line":87,"column":17},"end":{"line":87,"column":60}},"31":{"start":{"line":89,"column":4},"end":{"line":94,"column":5}},"32":{"start":{"line":90,"column":6},"end":{"line":93,"column":9}},"33":{"start":{"line":96,"column":4},"end":{"line":99,"column":7}},"34":{"start":{"line":101,"column":4},"end":{"line":104,"column":7}}},"fnMap":{"0":{"name":"(anonymous_0)","decl":{"start":{"line":5,"column":22},"end":{"line":5,"column":23}},"loc":{"start":{"line":5,"column":42},"end":{"line":17,"column":1}},"line":5},"1":{"name":"(anonymous_1)","decl":{"start":{"line":20,"column":18},"end":{"line":20,"column":19}},"loc":{"start":{"line":20,"column":38},"end":{"line":41,"column":1}},"line":20},"2":{"name":"(anonymous_2)","decl":{"start":{"line":44,"column":21},"end":{"line":44,"column":22}},"loc":{"start":{"line":44,"column":41},"end":{"line":82,"column":1}},"line":44},"3":{"name":"(anonymous_3)","decl":{"start":{"line":85,"column":21},"end":{"line":85,"column":22}},"loc":{"start":{"line":85,"column":41},"end":{"line":106,"column":1}},"line":85}},"branchMap":{"0":{"loc":{"start":{"line":24,"column":4},"end":{"line":29,"column":5}},"type":"if","locations":[{"start":{"line":24,"column":4},"end":{"line":29,"column":5}},{"start":{},"end":{}}],"line":24},"1":{"loc":{"start":{"line":50,"column":4},"end":{"line":55,"column":5}},"type":"if","locations":[{"start":{"line":50,"column":4},"end":{"line":55,"column":5}},{"start":{},"end":{}}],"line":50},"2":{"loc":{"start":{"line":57,"column":16},"end":{"line":57,"column":33}},"type":"binary-expr","locations":[{"start":{"line":57,"column":16},"end":{"line":57,"column":20}},{"start":{"line":57,"column":24},"end":{"line":57,"column":33}}],"line":57},"3":{"loc":{"start":{"line":58,"column":17},"end":{"line":58,"column":36}},"type":"binary-expr","locations":[{"start":{"line":58,"column":17},"end":{"line":58,"column":22}},{"start":{"line":58,"column":26},"end":{"line":58,"column":36}}],"line":58},"4":{"loc":{"start":{"line":59,"column":17},"end":{"line":59,"column":36}},"type":"binary-expr","locations":[{"start":{"line":59,"column":17},"end":{"line":59,"column":22}},{"start":{"line":59,"column":26},"end":{"line":59,"column":36}}],"line":59},"5":{"loc":{"st
[...]
5}},"type":"if","locations":[{"start":{"line":162,"column":4},"end":{"line":174,"column":5}},{"start":{},"end":{}}],"line":162},"15":{"loc":{"start":{"line":162,"column":8},"end":{"line":162,"column":60}},"type":"binary-expr","locations":[{"start":{"line":162,"column":8},"end":{"line":162,"column":46}},{"start":{"line":162,"column":50},"end":{"line":162,"column":60}}],"line":162},"16":{"loc":{"start":{"line":167,"column":8},"end":{"line":167,"column":31}},"type":"if","locations":[{"start":{"line":167,"column":8},"end":{"line":167,"column":31}},{"start":{},"end":{}}],"line":167},"17":{"loc":{"start":{"line":168,"column":8},"end":{"line":168,"column":31}},"type":"if","locations":[{"start":{"line":168,"column":8},"end":{"line":168,"column":31}},{"start":{},"end":{}}],"line":168},"18":{"loc":{"start":{"line":173,"column":6},"end":{"line":173,"column":90}},"type":"if","locations":[{"start":{"line":173,"column":6},"end":{"line":173,"column":90}},{"start":{},"end":{}}],"line":173},"19":{"loc":{"start":{"line":180,"column":4},"end":{"line":180,"column":60}},"type":"if","locations":[{"start":{"line":180,"column":4},"end":{"line":180,"column":60}},{"start":{},"end":{}}],"line":180},"20":{"loc":{"start":{"line":185,"column":4},"end":{"line":185,"column":55}},"type":"if","locations":[{"start":{"line":185,"column":4},"end":{"line":185,"column":55}},{"start":{},"end":{}}],"line":185},"21":{"loc":{"start":{"line":186,"column":4},"end":{"line":186,"column":64}},"type":"if","locations":[{"start":{"line":186,"column":4},"end":{"line":186,"column":64}},{"start":{},"end":{}}],"line":186},"22":{"loc":{"start":{"line":188,"column":4},"end":{"line":211,"column":5}},"type":"if","locations":[{"start":{"line":188,"column":4},"end":{"line":211,"column":5}},{"start":{},"end":{}}],"line":188},"23":{"loc":{"start":{"line":197,"column":8},"end":{"line":207,"column":9}},"type":"if","locations":[{"start":{"line":197,"column":8},"end":{"line":207,"column":9}},{"start":{},"end":{}}],"line":197},"24":{"loc":{"start":{"line":197,"column":12},"end":{"line":197,"column":59}},"type":"binary-expr","locations":[{"start":{"line":197,"column":12},"end":{"line":197,"column":24}},{"start":{"line":197,"column":28},"end":{"line":197,"column":59}}],"line":197},"25":{"loc":{"start":{"line":204,"column":12},"end":{"line":205,"column":83}},"type":"if","locations":[{"start":{"line":204,"column":12},"end":{"line":205,"column":83}},{"start":{"line":205,"column":17},"end":{"line":205,"column":83}}],"line":204}},"s":{"0":1,"1":1,"2":1,"3":1,"4":1,"5":1,"6":1,"7":1,"8":1,"9":1,"10":0,"11":1,"12":1,"13":3,"14":1,"15":2,"16":2,"17":2,"18":2,"19":2,"20":0,"21":2,"22":1,"23":1,"24":1,"25":1,"26":1,"27":1,"28":1,"29":1,"30":1,"31":1,"32":1,"33":1,"34":0,"35":1,"36":1,"37":1,"38":1,"39":1,"40":1,"41":0,"42":0,"43":0,"44":0,"45":0,"46":0,"47":0,"48":0,"49":0,"50":0,"51":0,"52":0,"53":0,"54":0,"55":0,"56":0,"57":0,"58":0,"59":0,"60":0,"61":0,"62":0,"63":0,"64":0,"65":0,"66":0,"67":0,"68":0,"69":0,"70":0,"71":0,"72":0,"73":0,"74":0,"75":0,"76":0,"77":0,"78":0,"79":0,"80":0,"81":0,"82":0,"83":0,"84":0,"85":0,"86":0,"87":0,"88":0,"89":0,"90":0,"91":0,"92":0,"93":0,"94":0,"95":0,"96":0,"97":0,"98":0,"99":0,"100":0,"101":0,"102":0,"103":1},"f":{"0":1,"1":3,"2":1,"3":0,"4":0,"5":0,"6":0,"7":0},"b":{"0":[1,0],"1":[0,1],"2":[1,2],"3":[0,2],"4":[1,1],"5":[0,1],"6":[0,1],"7":[0,0],"8":[0,0],"9":[0,0],"10":[0,0],"11":[0,0],"12":[0,0],"13":[0,0],"14":[0,0],"15":[0,0],"16":[0,0],"17":[0,0],"18":[0,0],"19":[0,0],"20":[0,0],"21":[0,0],"22":[0,0],"23":[0,0],"24":[0,0],"25":[0,0]},"_coverageSchema":"1a1c01bbd47fc00a2c39e90264f33305004495a9","hash":"c638c8ed6ec1dd5482e4bc18d2fa4782db79e0df"}
,"D:\\Programación\\Proyectos\\Facultad\\Tésis\\Proyecto-Back\\services\\productService.js": {"path":"D:\\Programación\\Proyectos\\Facultad\\Tésis\\Proyecto-Back\\services\\productService.js","statementMap":{"0":{"start":{"line":1,"column":16},"end":{"line":1,"column":44}},"1":{"start":{"line":2,"column":17},"end":{"line":2,"column":46}},"2":{"start":{"line":3,"column":14},"end":{"line":3,"column":40}},"3":{"start":{"line":4,"column":43},"end":{"line":4,"column":72}},"4":{"start":{"line":8,"column":22},"end":{"line":42,"column":1}},"5":{"start":{"line":9,"column":4},"end":{"line":9,"column":33}},"6":{"start":{"line":9,"column":21},"end":{"line":9,"column":33}},"7":{"start":{"line":11,"column":14},"end":{"line":11,"column":70}},"8":{"start":{"line":13,"column":4},"end":{"line":41,"column":6}},"9":{"start":{"line":45,"column":0},"end":{"line":45,"column":37}},"10":{"start":{"line":48,"column":19},"end":{"line":70,"column":1}},"11":{"start":{"line":49,"column":22},"end":{"line":49,"column":33}},"12":{"start":{"line":52,"column":4},"end":{"line":52,"column":62}},"13":{"start":{"line":52,"column":33},"end":{"line":52,"column":62}},"14":{"start":{"line":53,"column":4},"end":{"line":53,"column":81}},"15":{"start":{"line":53,"column":40},"end":{"line":53,"column":81}},"16":{"start":{"line":54,"column":4},"end":{"line":54,"column":64}},"17":{"start":{"line":54,"column":34},"end":{"line":54,"column":64}},"18":{"start":{"line":55,"column":4},"end":{"line":55,"column":76}},"19":{"start":{"line":55,"column":37},"end":{"line":55,"column":76}},"20":{"start":{"line":56,"column":4},"end":{"line":56,"column":66}},"21":{"start":{"line":56,"column":34},"end":{"line":56,"column":66}},"22":{"start":{"line":57,"column":4},"end":{"line":60,"column":5}},"23":{"start":{"line":59,"column":8},"end":{"line":59,"column":73}},"24":{"start":{"line":61,"column":4},"end":{"line":61,"column":86}},"25":{"start":{"line":61,"column":40},"end":{"line":61,"column":86}},"26":{"start":{"line":62,"column":4},"end":{"line":62,"column":79}},"27":{"start":{"line":62,"column":38},"end":{"line":62,"column":79}},"28":{"start":{"line":63,"column":4},"end":{"line":63,"column":71}},"29":{"start":{"line":63,"column":36},"end":{"line":63,"column":71}},"30":{"start":{"line":64,"column":4},"end":{"line":64,"column":78}},"31":{"start":{"line":64,"column":39},"end":{"line":64,"column":78}},"32":{"start":{"line":65,"column":4},"end":{"line":65,"column":72}},"33":{"start":{"line":65,"column":35},"end":{"line":65,"column":72}},"34":{"start":{"line":66,"column":4},"end":{"line":66,"column":63}},"35":{"start":{"line":66,"column":34},"end":{"line":66,"column":63}},"36":{"start":{"line":67,"column":4},"end":{"line":67,"column":66}},"37":{"start":{"line":67,"column":35},"end":{"line":67,"column":66}},"38":{"start":{"line":69,"column":4},"end":{"line":69,"column":21}},"39":{"start":{"line":74,"column":0},"end":{"line":122,"column":2}},"40":{"start":{"line":75,"column":82},"end":{"line":75,"column":87}},"41":{"start":{"line":76,"column":19},"end":{"line":76,"column":35}},"42":{"start":{"line":78,"column":4},"end":{"line":80,"column":5}},"43":{"start":{"line":79,"column":8},"end":{"line":79,"column":43}},"44":{"start":{"line":83,"column":4},"end":{"line":86,"column":5}},"45":{"start":{"line":84,"column":26},"end":{"line":84,"column":61}},"46":{"start":{"line":85,"column":8},"end":{"line":85,"column":75}},"47":{"start":{"line":85,"column":34},"end":{"line":85,"column":75}},"48":{"start":{"line":87,"column":4},"end":{"line":90,"column":5}},"49":{"start":{"line":88,"column":23},"end":{"line":88,"column":55}},"50":{"start":{"line":89,"column":8},"end":{"line":89,"column":65}},"51":{"start":{"line":89,"column":31},"end":{"line":89,"column":65}},"52":{"start":{"line":92,"column":4},"end":{"line":96,"column":5}},"53":{"start":{"line":93,"column":8},"end":{"line":93,"column":27}},"54":{"start":{"line":94,"column":8},"end":{"line":94,"column":60}},"55":{"start":{"line":94,"column":22},"end":{"line":94,"column":60}},"56":{"start":{"line":95,"column":8},"end":{"line":95,"column":60}},"57":{"start":{"line":95,"column":22},"end":{"line":95,"column":60}},"58":{"start":{"line":99,"column":20},"end":{"line":99,"column":45}},"59":{"start":{"line":100,"column":21},"end":{"line":100,"column":47}},"60":{"start":{"line":103,"column":21},"end":{"line":109,"column":15}},"61":{"start":{"line":111,"column":18},"end":{"line":111,"column":54}},"62":{"start":{"line":113,"column":4},"end":{"line":121,"column":6}},"63":{"start":{"line":124,"column":0},"end":{"line":136,"column":2}},"64":{"start":{"line":125,"column":20},"end":{"line":128,"column":15}},"65":{"start":{"line":130,"column":4},"end":{"line":134,"column":5}},"66":{"start":{"line":131,"column":22},"end":{"line":131,"column":57}},"67":{"start":{"line":132,"column":8},"end":{"line":132,"column":31}},"68":{"start":{"line":133,"column":8},"end":{"line":133,"column":20}},"69":{"start":{"line":135,"column":4},"end":{"line":135,"column":34}},"70":{"start":{"line":138,"column":0},"end":{"line":148,"column":2}},"71":{"start":{"line":139,"column":22},"end":{"line":139,"column":38}},"72":{"start":{"line":140,"column":20},"end":{"line":140,"column":51}},"73":{"start":{"line":143,"column":29},"end":{"line":145,"column":29}},"74":{"start":{"line":147,"column":4},"end":{"line":147,"column":43}},"75":{"start":{"line":150,"column":0},"end":{"line":158,"column":2}},"76":{"start":{"line":151,"column":22},"end":{"line":151,"column":38}},"77":{"start":{"line":152,"column":20},"end":{"line":154,"column":29}},"78":{"start":{"line":156,"column":4},"end":{"line":156,"column":53}},"79":{"start":{"line":156,"column":18},"end":{"line":156,"column":53}},"80":{"start":{"line":157,"column":4},"end":{"line":157,"column":34}},"81":{"start":{"line":160,"column":0},"end":{"line":164,"column":2}},"82":{"start":{"line":161,"column":20},"end":{"line":161,"column":89}},"83":{"start":{"line":162,"column":4},"end":{"line":162,"column":53}},"84":{"start":{"line":162,"column":18},"end":{"line":162,"column":53}},"85":{"start":{"line":163,"column":4},"end":{"line":163,"column":16}},"86":{"start":{"line":166,"column":0},"end":{"line":172,"column":2}},"87":{"start":{"line":167,"column":19},"end":{"line":170,"column":5}},"88":{"start":{"line":171,"column":4},"end":{"line":171,"column":18}}},"fnMap":{"0":{"name":"(anonymous_0)","decl":{"start":{"line":8,"column":22},"end":{"line":8,"column":23}},"loc":{"start":{"line":8,"column":38},"end":{"line":42,"column":1}},"line":8},"1":{"name":"(anonymous_1)","decl":{"start":{"line":48,"column":19},"end":{"line":48,"column":20}},"loc":{"start":{"line":48,"column":29},"end":{"line":70,"column":1}},"line":48},"2":{"name":"(anonymous_2)","decl":{"start":{"line":74,"column":22},"end":{"line":74,"column":23}},"loc":{"start":{"line":74,"column":44},"end":{"line":122,"column":1}},"line":74},"3":{"name":"(anonymous_3)","decl":{"start":{"line":124,"column":25},"end":{"line":124,"column":26}},"loc":{"start":{"line":124,"column":39},"end":{"line":136,"column":1}},"line":124},"4":{"name":"(anonymous_4)","decl":{"start":{"line":138,"column":24},"end":{"line":138,"column":25}},"loc":{"start":{"line":138,"column":40},"end":{"line":148,"column":1}},"line":138},"5":{"name":"(anonymous_5)","decl":{"start":{"line":150,"column":24},"end":{"line":150,"column":25}},"loc":{"start":{"line":150,"column":44},"end":{"line":158,"column":1}},"line":150},"6":{"name":"(anonymous_6)","decl":{"start":{"line":160,"column":24},"end":{"line":160,"column":25}},"loc":{"start":{"line":160,"column":38},"end":{"line":164,"column":1}},"line":160},"7":{"name":"(anonymous_7)","decl":{"start":{"line":166,"column":25},"end":{"line":166,"column":26}},"loc":{"start":{"line":166,"column":40},"end":{"line":172,"column":1}},"line":166}},"branchMap":{"0":{"loc":{"start":{"line":9,"column":4},"end":{"line":9,"column":33}},"type":"if","locations":[{"start":{"line":9,"column":4},"end":{"line":9,"column":33}},{"start":{},"end":{}}],"line":9},"1":{"loc":{"start":{"line":11,"column":14},"end":{"line":11,"column":70}},"type":"cond-expr","locations":[{"start":{"line":11,"column":36},"end":{"line":11,"column":57}},{"start":{"line":11,"column":60},"end":{"line":11,"column":70}}],"line":11},"2":{"loc":{"start":{"line":19,"column":18},"end":{"line":24,"column":51}},"type":"cond-expr","locations":[{"start":{"line":19,"column":34},"end":{"line":24,"column":9}},{"start":{"line":24,"column":12},"end":{"line":24,"column":51}}],"line":19},"3":{"loc":{"start":{"line":26,"column":15},"end":{"line":31,"column":47}},"type":"cond-expr","locations":[{"start":{"line":26,"column":28},"end":{"line":31,"column":9}},{"start":{"line":31,"column":12},"end":{"line":31,"column":47}}],"line":26},"4":{"loc":{"start":{"line":33,"column":14},"end":{"line":33,"column":58}},"type":"cond-expr","locations":[{"start":{"line":33,"column":36},"end":{"line":33,"column":46}},{"start":{"line":33,"column":49},"end":{"line":33,"column":58}}],"line":33},"5":{"loc":{"start":{"line":36,"column":17},"end":{"line":36,"column":45}},"type":"binary-expr","locations":[{"start":{"line":36,"column":17},"end":{"line":36,"column":28}},{"start":{"line":36,"column":32},"end":{"line":36,"column":45}}],"line":36},"6":{"loc":{"start":{"line":37,"column":20},"end":{"line":37,"column":38}},"type":"binary-expr","locations":[{"start":{"line":37,"column":20},"end":{"line":37,"column":32}},{"start":{"line":37,"column":36},"end":{"line":37,"column":38}}],"line":37},"7":{"loc":{"start":{"line":52,"column":4},"end":{"line":52,"column":62}},"type":"if","locations":[{"start":{"line":52,"column":4},"end":{"line":52,"column":62}},{"start":{},"end":{}}],"line":52},"8":{"loc":{"start":{"line":53,"column":4},"end":{"line":53,"column":81}},"type":"if","locations":[{"start":{"line":53,"column":4},"end":{"line":53,"column":81}},{"start":{},"end":{}}],"line":53},"9":{"loc":{"start":{"line":54,"column":4},"end":{"line":54,"column":64}},"type":"if","locations":[{"start":{"line":54,"column":4},"end":{"line":54,"column":64}},{"start":{},"end":{}}],"line":54},"10":{"loc":{"start":{"line":55,"column":4},"end":{"line":55,"column":76}},"type":"if","locations":[{"start":{"line":55,"column":4},"end":{"line":55,"column":76}},{"start":{},"end":{}}],"line":55},"11":{"loc":{"start":{"line":56,"column":4},"end":{"line":56,"column":66}},"type":"if","locations":[{"start":{"line":56,"column":4},"end":{"line":56,"column":66}},{"start":{},"end":{}}],"line":56},"12":{"loc":{"start":{"line":57,"column":4},"end":{"line":60,"column":5}},"type":"if","locations":[{"start":{"line":57,"column":4},"end":{"line":60,"column":5}},{"start":{},"end":{}}],"line":57},"13":{"loc":{"start":{"line":59,"column":25},"end":{"line":59,"column":72}},"type":"cond-expr","locations":[{"start":{"line":59,"column":52},"end":{"line":59,"column":60}},{"start":{"line":59,"column":63},"end":{"line":59,"column":72}}],"line":59},"14":{"loc":{"start":{"line":61,"column":4},"end":{"line":61,"column":86}},"type":"if","locations":[{"start":{"line":61,"column":4},"end":{"line":61,"column":86}},{"start":{},"end":{}}],"line":61},"15":{"loc":{"start":{"line":62,"column":4},"end":{"line":62,"column":79}},"type":"if","locations":[{"start":{"line":62,"column":4},"end":{"line":62,"column":79}},{"start":{},"end":{}}],"line":62},"16":{"loc":{"start":{"line":63,"column":4},"end":{"line":63,"column":71}},"type":"if","locations":[{"start":{"line":63,"column":4},"end":{"line":63,"column":71}},{"start":{},"end":{}}],"line":63},"17":{"loc":{"start":{"line":64,"column":4},"end":{"line":64,"column":78}},"type":"if","locations":[{"start":{"line":64,"column":4},"end":{"line":64,"column":78}},{"start":{},"end":{}}],"line":64},"18":{"loc":{"start":{"line":65,"column":4},"end":{"line":65,"column":72}},"type":"if","locations":[{"start":{"line":65,"column":4},"end":{"line":65,"column":72}},{"start":{},"end":{}}],"line":65},"19":{"loc":{"start":{"line":66,"column":4},"end":{"line":66,"column":63}},"type":"if","locations":[{"start":{"line":66,"column":4},"end":{"line":66,"column":63}},{"start":{},"end":{}}],"line":66},"20":{"loc":{"start":{"line":67,"column":4},"end":{"line":67,"column":66}},"type":"if","locations":[{"start":{"line":67,"column":4},"end":{"line":67,"column":66}},{"start":{},"end":{}}],"line":67},"21":{"loc":{"start":{"line":74,"column":29},"end":{"line":74,"column":39}},"type":"default-arg","locations":[{"start":{"line":74,"column":37},"end":{"line":74,"column":39}}],"line":74},"22":{"loc":{"start":{"line":75,"column":57},"end":{"line":75,"column":65}},"type":"default-arg","locations":[{"start":{"line":75,"column":64},"end":{"line":75,"column":65}}],"line":75},"23":{"loc":{"start":{"line":75,"column":67},"end":{"line":75,"column":77}},"type":"default-arg","locations":[{"start":{"line":75,"column":75},"end":{"line":75,"column":77}}],"line":75},"24":{"loc":{"start":{"line":78,"column":4},"end":{"line":80,"column":5}},"type":"if","locations":[{"start":{"line":78,"column":4},"end":{"line":80,"column":5}},{"start":{},"end":{}}],"line":78},"25":{"loc":{"start":{"line":83,"column":4},"end":{"line":86,"column":5}},"type":"if","locations":[{"start":{"line":83,"column":4},"end":{"line":86,"column":5}},{"start":{},"end":{}}],"line":83},"26":{"loc":{"start":{"line":85,"column":8},"end":{"line":85,"column":75}},"type":"if","locations":[{"start":{"line":85,"column":8},"end":{"line":85,"column":75}},{"start":{},"end":{}}],"line":85},"27":{"loc":{"start":{"line":87,"column":4},"end":{"line":90,"column":5}},"type":"if","locations":[{"start":{"line":87,"column":4},"end":{"line":90,"column":5}},{"start":{},"end":{}}],"line":87},"28":{"loc":{"start":{"line":89,"column":8},"end":{"line":89,"column":65}},"type":"if","locations":[{"start":{"line":89,"column":8},"end":{"line":89,"column":65}},{"start":{},"end":{}}],"line":89},"29":{"loc":{"start":{"line":92,"column":4},"end":{"line":96,"column":5}},"type":"if","locations":[{"start":{"line":92,"column":4},"end":{"line":96,"column":5}},{"start":{},"end":{}}],"line":92},"30":{"loc":{"start":{"line":92,"column":8},"end":{"line":92,"column":28}},"type":"binary-expr","locations":[{"start":{"line":92,"column":8},"end":{"line":92,"column":16}},{"start":{"line":92,"column":20},"end":{"line":92,"column":28}}],"line":92},"31":{"loc":{"start":{"line":94,"column":8},"end":{"line":94,"column":60}},"type":"if","locations":[{"start":{"line":94,"column":8},"end":{"line":94,"column":60}},{"start":{},"end":{}}],"line":94},"32":{"loc":{"start":{"line":95,"column":8},"end":{"line":95,"column":60}},"type":"if","locations":[{"start":{"line":95,"column":8},"end":{"line":95,"column":60}},{"start":{},"end":{}}],"line":95},"33":{"loc":{"start":{"line":130,"column":4},"end":{"line":134,"column":5}},"type":"if","locations":[{"start":{"line":130,"column":4},"end":{"line":134,"column":5}},{"start":{},"end":{}}],"line":130},"34":{"loc":{"start":{"line":156,"column":4},"end":{"line":156,"column":53}},"type":"if","locations":[{"start":{"line":156,"column":4},"end":{"line":156,"column":53}},{"start":{},"end":{}}],"line":156},"35":{"loc":{"start":{"line":162,"column":4},"end":{"line":162,"column":53}},"type":"if","locations":[{"start":{"line":162,"column":4},"end":{"line":162,"column":53}},{"start":{},"end":{}}],"line":162}},"s":{"0":0,"1":0,"2":0,"3":0,"4":0,"5":0,"6":0,"7":0,"8":0,"9":0,"10":0,"11":0,"12":0,"13":0,"14":0,"15":0,"16":0,"17":0,"18":0,"19":0,"20":0,"21":0,"22":0,"23":0,"24":0,"25":0,"26":0,"27":0,"28":0,"29":0,"30":0,"31":0,"32":0,"33":0,"34":0,"35":0,"36":0,"37":0,"38":0,"39":0,"40":0,"41":0,"42":0,"43":0,"44":0,"45":0,"46":0,"47":0,"48":0,"49":0,"50":0,"51":0,"52":0,"53":0,"54":0,"55":0,"56":0,"57":0,"58":0,"59":0,"60":0,"61":0,"62":0,"63":0,"64":0,"65":0,"66":0,"67":0,"68":0,"69":0,"70":0,"71":0,"72":0,"73":0,"74":0,"75":0,"76":0,"77":0,"78":0,"79":0,"80":0,"81":0,"82":0,"83":0,"84":0,"85":0,"86":0,"87":0,"88":0},"f":{"0":0,"1":0,"2":0,"3":0,"4":0,"5":0,"6":0,"7":0},"b":{"0":[0,0],"1":[0,0],"2":[0,0],"3":[0,0],"4":[0,0],"5":[0,0],"6":[0,0],"7":[0,0],"8":[0,0],"9":[0,0],"10":[0,0],"11":[0,0],"12":[0,0],"13":[0,0],"14":[0,0],"15":[0,0],"16":[0,0],"17":[0,0],"18":[0,0],"19":[0,0],"20":[0,0],"21":[0],"22":[0],"23":[0],"24":[0,0],"25":[0,0],"26":[0,0],"27":[0,0],"28":[0,0],"29":[0,0],"30":[0,0],"31":[0,0],"32":[0,0],"33":[0,0],"34":[0,0],"35":[0,0]}}
}
